[
  {
    "Plan": {
      "Node Type": "Nested Loop",
      "Parallel Aware": false,
      "Async Capable": false,
      "Join Type": "Inner",
      "Startup Cost": 4.59,
      "Total Cost": 53.38,
      "Plan Rows": 5,
      "Plan Width": 516,
      "Actual Startup Time": 0.027,
      "Actual Total Time": 0.028,
      "Actual Rows": 0,
      "Actual Loops": 1,
      "Inner Unique": true,
      "Plans": [
        {
          "Node Type": "Bitmap Heap Scan",
          "Parent Relationship": "Outer",
          "Parallel Aware": false,
          "Async Capable": false,
          "Relation Name": "artwork_event",
          "Alias": "artwork_event",
          "Startup Cost": 4.31,
          "Total Cost": 11.89,
          "Plan Rows": 5,
          "Plan Width": 16,
          "Actual Startup Time": 0.026,
          "Actual Total Time": 0.027,
          "Actual Rows": 0,
          "Actual Loops": 1,
          "Recheck Cond": "(eventid = '3c490de5-6d0d-48dd-9b8c-8f047a6aa2ce'::uuid)",
          "Rows Removed by Index Recheck": 0,
          "Exact Heap Blocks": 0,
          "Lossy Heap Blocks": 0,
          "Plans": [
            {
              "Node Type": "Bitmap Index Scan",
              "Parent Relationship": "Outer",
              "Parallel Aware": false,
              "Async Capable": false,
              "Index Name": "idx_artwork_event_eventid",
              "Startup Cost": 0.00,
              "Total Cost": 4.31,
              "Plan Rows": 5,
              "Plan Width": 0,
              "Actual Startup Time": 0.014,
              "Actual Total Time": 0.015,
              "Actual Rows": 0,
              "Actual Loops": 1,
              "Index Cond": "(eventid = '3c490de5-6d0d-48dd-9b8c-8f047a6aa2ce'::uuid)"
            }
          ]
        },
        {
          "Node Type": "Index Scan",
          "Parent Relationship": "Inner",
          "Parallel Aware": false,
          "Async Capable": false,
          "Scan Direction": "Forward",
          "Index Name": "artworks_pkey",
          "Relation Name": "artworks",
          "Alias": "artworks",
          "Startup Cost": 0.28,
          "Total Cost": 8.29,
          "Plan Rows": 1,
          "Plan Width": 532,
          "Actual Startup Time": 0.000,
          "Actual Total Time": 0.000,
          "Actual Rows": 0,
          "Actual Loops": 0,
          "Index Cond": "(id = artwork_event.artworkid)",
          "Rows Removed by Index Recheck": 0
        }
      ]
    },
    "Planning Time": 1.435,
    "Triggers": [
    ],
    "Execution Time": 0.166
  }
][
  {
    "Plan": {
      "Node Type": "Nested Loop",
      "Parallel Aware": false,
      "Async Capable": false,
      "Join Type": "Inner",
      "Startup Cost": 4.63,
      "Total Cost": 101.91,
      "Plan Rows": 10,
      "Plan Width": 516,
      "Actual Startup Time": 0.183,
      "Actual Total Time": 0.209,
      "Actual Rows": 2,
      "Actual Loops": 1,
      "Inner Unique": true,
      "Plans": [
        {
          "Node Type": "Bitmap Heap Scan",
          "Parent Relationship": "Outer",
          "Parallel Aware": false,
          "Async Capable": false,
          "Relation Name": "artwork_event",
          "Alias": "artwork_event",
          "Startup Cost": 4.36,
          "Total Cost": 18.95,
          "Plan Rows": 10,
          "Plan Width": 16,
          "Actual Startup Time": 0.122,
          "Actual Total Time": 0.126,
          "Actual Rows": 2,
          "Actual Loops": 1,
          "Recheck Cond": "(eventid = '042d7148-1a21-4739-bb34-0e5f96422a79'::uuid)",
          "Rows Removed by Index Recheck": 0,
          "Exact Heap Blocks": 2,
          "Lossy Heap Blocks": 0,
          "Plans": [
            {
              "Node Type": "Bitmap Index Scan",
              "Parent Relationship": "Outer",
              "Parallel Aware": false,
              "Async Capable": false,
              "Index Name": "idx_artwork_event_eventid",
              "Startup Cost": 0.00,
              "Total Cost": 4.35,
              "Plan Rows": 10,
              "Plan Width": 0,
              "Actual Startup Time": 0.025,
              "Actual Total Time": 0.025,
              "Actual Rows": 2,
              "Actual Loops": 1,
              "Index Cond": "(eventid = '042d7148-1a21-4739-bb34-0e5f96422a79'::uuid)"
            }
          ]
        },
        {
          "Node Type": "Index Scan",
          "Parent Relationship": "Inner",
          "Parallel Aware": false,
          "Async Capable": false,
          "Scan Direction": "Forward",
          "Index Name": "artworks_pkey",
          "Relation Name": "artworks",
          "Alias": "artworks",
          "Startup Cost": 0.28,
          "Total Cost": 8.29,
          "Plan Rows": 1,
          "Plan Width": 532,
          "Actual Startup Time": 0.035,
          "Actual Total Time": 0.035,
          "Actual Rows": 1,
          "Actual Loops": 2,
          "Index Cond": "(id = artwork_event.artworkid)",
          "Rows Removed by Index Recheck": 0
        }
      ]
    },
    "Planning Time": 1.676,
    "Triggers": [
    ],
    "Execution Time": 0.284
  }
][
  {
    "Plan": {
      "Node Type": "Nested Loop",
      "Parallel Aware": false,
      "Async Capable": false,
      "Join Type": "Inner",
      "Startup Cost": 4.67,
      "Total Cost": 147.02,
      "Plan Rows": 15,
      "Plan Width": 516,
      "Actual Startup Time": 0.020,
      "Actual Total Time": 0.021,
      "Actual Rows": 0,
      "Actual Loops": 1,
      "Inner Unique": true,
      "Plans": [
        {
          "Node Type": "Bitmap Heap Scan",
          "Parent Relationship": "Outer",
          "Parallel Aware": false,
          "Async Capable": false,
          "Relation Name": "artwork_event",
          "Alias": "artwork_event",
          "Startup Cost": 4.40,
          "Total Cost": 26.58,
          "Plan Rows": 15,
          "Plan Width": 16,
          "Actual Startup Time": 0.019,
          "Actual Total Time": 0.020,
          "Actual Rows": 0,
          "Actual Loops": 1,
          "Recheck Cond": "(eventid = '862015d0-43d6-402d-ab10-031db1b0275d'::uuid)",
          "Rows Removed by Index Recheck": 0,
          "Exact Heap Blocks": 0,
          "Lossy Heap Blocks": 0,
          "Plans": [
            {
              "Node Type": "Bitmap Index Scan",
              "Parent Relationship": "Outer",
              "Parallel Aware": false,
              "Async Capable": false,
              "Index Name": "idx_artwork_event_eventid",
              "Startup Cost": 0.00,
              "Total Cost": 4.39,
              "Plan Rows": 15,
              "Plan Width": 0,
              "Actual Startup Time": 0.007,
              "Actual Total Time": 0.007,
              "Actual Rows": 0,
              "Actual Loops": 1,
              "Index Cond": "(eventid = '862015d0-43d6-402d-ab10-031db1b0275d'::uuid)"
            }
          ]
        },
        {
          "Node Type": "Index Scan",
          "Parent Relationship": "Inner",
          "Parallel Aware": false,
          "Async Capable": false,
          "Scan Direction": "Forward",
          "Index Name": "artworks_pkey",
          "Relation Name": "artworks",
          "Alias": "artworks",
          "Startup Cost": 0.28,
          "Total Cost": 8.03,
          "Plan Rows": 1,
          "Plan Width": 532,
          "Actual Startup Time": 0.000,
          "Actual Total Time": 0.000,
          "Actual Rows": 0,
          "Actual Loops": 0,
          "Index Cond": "(id = artwork_event.artworkid)",
          "Rows Removed by Index Recheck": 0
        }
      ]
    },
    "Planning Time": 1.142,
    "Triggers": [
    ],
    "Execution Time": 0.095
  }
][
  {
    "Plan": {
      "Node Type": "Nested Loop",
      "Parallel Aware": false,
      "Async Capable": false,
      "Join Type": "Inner",
      "Startup Cost": 4.71,
      "Total Cost": 186.78,
      "Plan Rows": 20,
      "Plan Width": 516,
      "Actual Startup Time": 0.098,
      "Actual Total Time": 0.249,
      "Actual Rows": 7,
      "Actual Loops": 1,
      "Inner Unique": true,
      "Plans": [
        {
          "Node Type": "Bitmap Heap Scan",
          "Parent Relationship": "Outer",
          "Parallel Aware": false,
          "Async Capable": false,
          "Relation Name": "artwork_event",
          "Alias": "artwork_event",
          "Startup Cost": 4.44,
          "Total Cost": 32.87,
          "Plan Rows": 20,
          "Plan Width": 16,
          "Actual Startup Time": 0.043,
          "Actual Total Time": 0.083,
          "Actual Rows": 7,
          "Actual Loops": 1,
          "Recheck Cond": "(eventid = 'c51db38a-5da3-40f8-8ef5-778297e70a4d'::uuid)",
          "Rows Removed by Index Recheck": 0,
          "Exact Heap Blocks": 7,
          "Lossy Heap Blocks": 0,
          "Plans": [
            {
              "Node Type": "Bitmap Index Scan",
              "Parent Relationship": "Outer",
              "Parallel Aware": false,
              "Async Capable": false,
              "Index Name": "idx_artwork_event_eventid",
              "Startup Cost": 0.00,
              "Total Cost": 4.43,
              "Plan Rows": 20,
              "Plan Width": 0,
              "Actual Startup Time": 0.022,
              "Actual Total Time": 0.022,
              "Actual Rows": 7,
              "Actual Loops": 1,
              "Index Cond": "(eventid = 'c51db38a-5da3-40f8-8ef5-778297e70a4d'::uuid)"
            }
          ]
        },
        {
          "Node Type": "Index Scan",
          "Parent Relationship": "Inner",
          "Parallel Aware": false,
          "Async Capable": false,
          "Scan Direction": "Forward",
          "Index Name": "artworks_pkey",
          "Relation Name": "artworks",
          "Alias": "artworks",
          "Startup Cost": 0.28,
          "Total Cost": 7.69,
          "Plan Rows": 1,
          "Plan Width": 532,
          "Actual Startup Time": 0.022,
          "Actual Total Time": 0.022,
          "Actual Rows": 1,
          "Actual Loops": 7,
          "Index Cond": "(id = artwork_event.artworkid)",
          "Rows Removed by Index Recheck": 0
        }
      ]
    },
    "Planning Time": 1.054,
    "Triggers": [
    ],
    "Execution Time": 0.323
  }
]