[
  {
    "Plan": {
      "Node Type": "Nested Loop",
      "Parallel Aware": false,
      "Async Capable": false,
      "Join Type": "Inner",
      "Startup Cost": 0.28,
      "Total Cost": 85.08,
      "Plan Rows": 7,
      "Plan Width": 516,
      "Actual Startup Time": 0.118,
      "Actual Total Time": 0.240,
      "Actual Rows": 1,
      "Actual Loops": 1,
      "Inner Unique": true,
      "Plans": [
        {
          "Node Type": "Seq Scan",
          "Parent Relationship": "Outer",
          "Parallel Aware": false,
          "Async Capable": false,
          "Relation Name": "artwork_event",
          "Alias": "artwork_event",
          "Startup Cost": 0.00,
          "Total Cost": 27.00,
          "Plan Rows": 7,
          "Plan Width": 16,
          "Actual Startup Time": 0.074,
          "Actual Total Time": 0.194,
          "Actual Rows": 1,
          "Actual Loops": 1,
          "Filter": "(eventid = '6b776489-e696-4483-a9da-9850930c4080'::uuid)",
          "Rows Removed by Filter": 999
        },
        {
          "Node Type": "Index Scan",
          "Parent Relationship": "Inner",
          "Parallel Aware": false,
          "Async Capable": false,
          "Scan Direction": "Forward",
          "Index Name": "artworks_pkey",
          "Relation Name": "artworks",
          "Alias": "artworks",
          "Startup Cost": 0.28,
          "Total Cost": 8.29,
          "Plan Rows": 1,
          "Plan Width": 532,
          "Actual Startup Time": 0.040,
          "Actual Total Time": 0.040,
          "Actual Rows": 1,
          "Actual Loops": 1,
          "Index Cond": "(id = artwork_event.artworkid)",
          "Rows Removed by Index Recheck": 0
        }
      ]
    },
    "Planning Time": 1.018,
    "Triggers": [
    ],
    "Execution Time": 0.312
  }
][
  {
    "Plan": {
      "Node Type": "Nested Loop",
      "Parallel Aware": false,
      "Async Capable": false,
      "Join Type": "Inner",
      "Startup Cost": 0.28,
      "Total Cost": 113.10,
      "Plan Rows": 9,
      "Plan Width": 516,
      "Actual Startup Time": 0.207,
      "Actual Total Time": 0.364,
      "Actual Rows": 1,
      "Actual Loops": 1,
      "Inner Unique": true,
      "Plans": [
        {
          "Node Type": "Seq Scan",
          "Parent Relationship": "Outer",
          "Parallel Aware": false,
          "Async Capable": false,
          "Relation Name": "artwork_event",
          "Alias": "artwork_event",
          "Startup Cost": 0.00,
          "Total Cost": 38.44,
          "Plan Rows": 9,
          "Plan Width": 16,
          "Actual Startup Time": 0.159,
          "Actual Total Time": 0.314,
          "Actual Rows": 1,
          "Actual Loops": 1,
          "Filter": "(eventid = 'ec74ad29-9f12-4d04-b790-50d631a4ff7f'::uuid)",
          "Rows Removed by Filter": 1999
        },
        {
          "Node Type": "Index Scan",
          "Parent Relationship": "Inner",
          "Parallel Aware": false,
          "Async Capable": false,
          "Scan Direction": "Forward",
          "Index Name": "artworks_pkey",
          "Relation Name": "artworks",
          "Alias": "artworks",
          "Startup Cost": 0.28,
          "Total Cost": 8.29,
          "Plan Rows": 1,
          "Plan Width": 532,
          "Actual Startup Time": 0.046,
          "Actual Total Time": 0.046,
          "Actual Rows": 1,
          "Actual Loops": 1,
          "Index Cond": "(id = artwork_event.artworkid)",
          "Rows Removed by Index Recheck": 0
        }
      ]
    },
    "Planning Time": 0.956,
    "Triggers": [
    ],
    "Execution Time": 0.442
  }
][
  {
    "Plan": {
      "Node Type": "Nested Loop",
      "Parallel Aware": false,
      "Async Capable": false,
      "Join Type": "Inner",
      "Startup Cost": 0.28,
      "Total Cost": 181.77,
      "Plan Rows": 15,
      "Plan Width": 516,
      "Actual Startup Time": 0.359,
      "Actual Total Time": 0.550,
      "Actual Rows": 1,
      "Actual Loops": 1,
      "Inner Unique": true,
      "Plans": [
        {
          "Node Type": "Seq Scan",
          "Parent Relationship": "Outer",
          "Parallel Aware": false,
          "Async Capable": false,
          "Relation Name": "artwork_event",
          "Alias": "artwork_event",
          "Startup Cost": 0.00,
          "Total Cost": 61.34,
          "Plan Rows": 15,
          "Plan Width": 16,
          "Actual Startup Time": 0.308,
          "Actual Total Time": 0.497,
          "Actual Rows": 1,
          "Actual Loops": 1,
          "Filter": "(eventid = '6b5a226c-4230-424a-9c51-20d6366b567c'::uuid)",
          "Rows Removed by Filter": 2999
        },
        {
          "Node Type": "Index Scan",
          "Parent Relationship": "Inner",
          "Parallel Aware": false,
          "Async Capable": false,
          "Scan Direction": "Forward",
          "Index Name": "artworks_pkey",
          "Relation Name": "artworks",
          "Alias": "artworks",
          "Startup Cost": 0.28,
          "Total Cost": 8.03,
          "Plan Rows": 1,
          "Plan Width": 532,
          "Actual Startup Time": 0.048,
          "Actual Total Time": 0.048,
          "Actual Rows": 1,
          "Actual Loops": 1,
          "Index Cond": "(id = artwork_event.artworkid)",
          "Rows Removed by Index Recheck": 0
        }
      ]
    },
    "Planning Time": 0.957,
    "Triggers": [
    ],
    "Execution Time": 0.616
  }
][
  {
    "Plan": {
      "Node Type": "Nested Loop",
      "Parallel Aware": false,
      "Async Capable": false,
      "Join Type": "Inner",
      "Startup Cost": 0.28,
      "Total Cost": 232.82,
      "Plan Rows": 20,
      "Plan Width": 516,
      "Actual Startup Time": 0.269,
      "Actual Total Time": 0.737,
      "Actual Rows": 3,
      "Actual Loops": 1,
      "Inner Unique": true,
      "Plans": [
        {
          "Node Type": "Seq Scan",
          "Parent Relationship": "Outer",
          "Parallel Aware": false,
          "Async Capable": false,
          "Relation Name": "artwork_event",
          "Alias": "artwork_event",
          "Startup Cost": 0.00,
          "Total Cost": 78.91,
          "Plan Rows": 20,
          "Plan Width": 16,
          "Actual Startup Time": 0.218,
          "Actual Total Time": 0.650,
          "Actual Rows": 3,
          "Actual Loops": 1,
          "Filter": "(eventid = 'badbf061-f68c-4518-bc88-5a0952ad5b88'::uuid)",
          "Rows Removed by Filter": 3997
        },
        {
          "Node Type": "Index Scan",
          "Parent Relationship": "Inner",
          "Parallel Aware": false,
          "Async Capable": false,
          "Scan Direction": "Forward",
          "Index Name": "artworks_pkey",
          "Relation Name": "artworks",
          "Alias": "artworks",
          "Startup Cost": 0.28,
          "Total Cost": 7.69,
          "Plan Rows": 1,
          "Plan Width": 532,
          "Actual Startup Time": 0.027,
          "Actual Total Time": 0.027,
          "Actual Rows": 1,
          "Actual Loops": 3,
          "Index Cond": "(id = artwork_event.artworkid)",
          "Rows Removed by Index Recheck": 0
        }
      ]
    },
    "Planning Time": 0.959,
    "Triggers": [
    ],
    "Execution Time": 0.802
  }
]