[
  {
    "Plan": {
      "Node Type": "Nested Loop",
      "Parallel Aware": false,
      "Async Capable": false,
      "Join Type": "Inner",
      "Startup Cost": 4.59,
      "Total Cost": 53.38,
      "Plan Rows": 5,
      "Plan Width": 516,
      "Actual Startup Time": 0.012,
      "Actual Total Time": 0.013,
      "Actual Rows": 0,
      "Actual Loops": 1,
      "Inner Unique": true,
      "Plans": [
        {
          "Node Type": "Bitmap Heap Scan",
          "Parent Relationship": "Outer",
          "Parallel Aware": false,
          "Async Capable": false,
          "Relation Name": "artwork_event",
          "Alias": "artwork_event",
          "Startup Cost": 4.31,
          "Total Cost": 11.89,
          "Plan Rows": 5,
          "Plan Width": 16,
          "Actual Startup Time": 0.011,
          "Actual Total Time": 0.012,
          "Actual Rows": 0,
          "Actual Loops": 1,
          "Recheck Cond": "(eventid = 'e13c5a55-d79c-460b-b285-2a54abb529dc'::uuid)",
          "Rows Removed by Index Recheck": 0,
          "Exact Heap Blocks": 0,
          "Lossy Heap Blocks": 0,
          "Plans": [
            {
              "Node Type": "Bitmap Index Scan",
              "Parent Relationship": "Outer",
              "Parallel Aware": false,
              "Async Capable": false,
              "Index Name": "idx_artwork_event_eventid",
              "Startup Cost": 0.00,
              "Total Cost": 4.31,
              "Plan Rows": 5,
              "Plan Width": 0,
              "Actual Startup Time": 0.005,
              "Actual Total Time": 0.006,
              "Actual Rows": 0,
              "Actual Loops": 1,
              "Index Cond": "(eventid = 'e13c5a55-d79c-460b-b285-2a54abb529dc'::uuid)"
            }
          ]
        },
        {
          "Node Type": "Index Scan",
          "Parent Relationship": "Inner",
          "Parallel Aware": false,
          "Async Capable": false,
          "Scan Direction": "Forward",
          "Index Name": "artworks_pkey",
          "Relation Name": "artworks",
          "Alias": "artworks",
          "Startup Cost": 0.28,
          "Total Cost": 8.29,
          "Plan Rows": 1,
          "Plan Width": 532,
          "Actual Startup Time": 0.000,
          "Actual Total Time": 0.000,
          "Actual Rows": 0,
          "Actual Loops": 0,
          "Index Cond": "(id = artwork_event.artworkid)",
          "Rows Removed by Index Recheck": 0
        }
      ]
    },
    "Planning Time": 0.650,
    "Triggers": [
    ],
    "Execution Time": 0.055
  }
][
  {
    "Plan": {
      "Node Type": "Nested Loop",
      "Parallel Aware": false,
      "Async Capable": false,
      "Join Type": "Inner",
      "Startup Cost": 4.63,
      "Total Cost": 101.91,
      "Plan Rows": 10,
      "Plan Width": 516,
      "Actual Startup Time": 0.051,
      "Actual Total Time": 0.111,
      "Actual Rows": 5,
      "Actual Loops": 1,
      "Inner Unique": true,
      "Plans": [
        {
          "Node Type": "Bitmap Heap Scan",
          "Parent Relationship": "Outer",
          "Parallel Aware": false,
          "Async Capable": false,
          "Relation Name": "artwork_event",
          "Alias": "artwork_event",
          "Startup Cost": 4.36,
          "Total Cost": 18.95,
          "Plan Rows": 10,
          "Plan Width": 16,
          "Actual Startup Time": 0.020,
          "Actual Total Time": 0.034,
          "Actual Rows": 5,
          "Actual Loops": 1,
          "Recheck Cond": "(eventid = '1b7c43dc-7667-4861-bb4f-1aaab1f1c690'::uuid)",
          "Rows Removed by Index Recheck": 0,
          "Exact Heap Blocks": 4,
          "Lossy Heap Blocks": 0,
          "Plans": [
            {
              "Node Type": "Bitmap Index Scan",
              "Parent Relationship": "Outer",
              "Parallel Aware": false,
              "Async Capable": false,
              "Index Name": "idx_artwork_event_eventid",
              "Startup Cost": 0.00,
              "Total Cost": 4.35,
              "Plan Rows": 10,
              "Plan Width": 0,
              "Actual Startup Time": 0.014,
              "Actual Total Time": 0.015,
              "Actual Rows": 5,
              "Actual Loops": 1,
              "Index Cond": "(eventid = '1b7c43dc-7667-4861-bb4f-1aaab1f1c690'::uuid)"
            }
          ]
        },
        {
          "Node Type": "Index Scan",
          "Parent Relationship": "Inner",
          "Parallel Aware": false,
          "Async Capable": false,
          "Scan Direction": "Forward",
          "Index Name": "artworks_pkey",
          "Relation Name": "artworks",
          "Alias": "artworks",
          "Startup Cost": 0.28,
          "Total Cost": 8.29,
          "Plan Rows": 1,
          "Plan Width": 532,
          "Actual Startup Time": 0.014,
          "Actual Total Time": 0.014,
          "Actual Rows": 1,
          "Actual Loops": 5,
          "Index Cond": "(id = artwork_event.artworkid)",
          "Rows Removed by Index Recheck": 0
        }
      ]
    },
    "Planning Time": 0.494,
    "Triggers": [
    ],
    "Execution Time": 0.149
  }
][
  {
    "Plan": {
      "Node Type": "Nested Loop",
      "Parallel Aware": false,
      "Async Capable": false,
      "Join Type": "Inner",
      "Startup Cost": 4.67,
      "Total Cost": 147.02,
      "Plan Rows": 15,
      "Plan Width": 516,
      "Actual Startup Time": 0.050,
      "Actual Total Time": 0.153,
      "Actual Rows": 8,
      "Actual Loops": 1,
      "Inner Unique": true,
      "Plans": [
        {
          "Node Type": "Bitmap Heap Scan",
          "Parent Relationship": "Outer",
          "Parallel Aware": false,
          "Async Capable": false,
          "Relation Name": "artwork_event",
          "Alias": "artwork_event",
          "Startup Cost": 4.40,
          "Total Cost": 26.58,
          "Plan Rows": 15,
          "Plan Width": 16,
          "Actual Startup Time": 0.029,
          "Actual Total Time": 0.048,
          "Actual Rows": 8,
          "Actual Loops": 1,
          "Recheck Cond": "(eventid = 'f894b5e0-fe19-4036-b456-7d596b1a746b'::uuid)",
          "Rows Removed by Index Recheck": 0,
          "Exact Heap Blocks": 5,
          "Lossy Heap Blocks": 0,
          "Plans": [
            {
              "Node Type": "Bitmap Index Scan",
              "Parent Relationship": "Outer",
              "Parallel Aware": false,
              "Async Capable": false,
              "Index Name": "idx_artwork_event_eventid",
              "Startup Cost": 0.00,
              "Total Cost": 4.39,
              "Plan Rows": 15,
              "Plan Width": 0,
              "Actual Startup Time": 0.017,
              "Actual Total Time": 0.017,
              "Actual Rows": 8,
              "Actual Loops": 1,
              "Index Cond": "(eventid = 'f894b5e0-fe19-4036-b456-7d596b1a746b'::uuid)"
            }
          ]
        },
        {
          "Node Type": "Index Scan",
          "Parent Relationship": "Inner",
          "Parallel Aware": false,
          "Async Capable": false,
          "Scan Direction": "Forward",
          "Index Name": "artworks_pkey",
          "Relation Name": "artworks",
          "Alias": "artworks",
          "Startup Cost": 0.28,
          "Total Cost": 8.03,
          "Plan Rows": 1,
          "Plan Width": 532,
          "Actual Startup Time": 0.012,
          "Actual Total Time": 0.012,
          "Actual Rows": 1,
          "Actual Loops": 8,
          "Index Cond": "(id = artwork_event.artworkid)",
          "Rows Removed by Index Recheck": 0
        }
      ]
    },
    "Planning Time": 0.521,
    "Triggers": [
    ],
    "Execution Time": 0.190
  }
][
  {
    "Plan": {
      "Node Type": "Nested Loop",
      "Parallel Aware": false,
      "Async Capable": false,
      "Join Type": "Inner",
      "Startup Cost": 4.71,
      "Total Cost": 186.78,
      "Plan Rows": 20,
      "Plan Width": 516,
      "Actual Startup Time": 0.051,
      "Actual Total Time": 0.126,
      "Actual Rows": 6,
      "Actual Loops": 1,
      "Inner Unique": true,
      "Plans": [
        {
          "Node Type": "Bitmap Heap Scan",
          "Parent Relationship": "Outer",
          "Parallel Aware": false,
          "Async Capable": false,
          "Relation Name": "artwork_event",
          "Alias": "artwork_event",
          "Startup Cost": 4.44,
          "Total Cost": 32.87,
          "Plan Rows": 20,
          "Plan Width": 16,
          "Actual Startup Time": 0.030,
          "Actual Total Time": 0.045,
          "Actual Rows": 6,
          "Actual Loops": 1,
          "Recheck Cond": "(eventid = '31d74fe1-260a-4e55-acbc-e28e9b199f54'::uuid)",
          "Rows Removed by Index Recheck": 0,
          "Exact Heap Blocks": 5,
          "Lossy Heap Blocks": 0,
          "Plans": [
            {
              "Node Type": "Bitmap Index Scan",
              "Parent Relationship": "Outer",
              "Parallel Aware": false,
              "Async Capable": false,
              "Index Name": "idx_artwork_event_eventid",
              "Startup Cost": 0.00,
              "Total Cost": 4.43,
              "Plan Rows": 20,
              "Plan Width": 0,
              "Actual Startup Time": 0.019,
              "Actual Total Time": 0.019,
              "Actual Rows": 6,
              "Actual Loops": 1,
              "Index Cond": "(eventid = '31d74fe1-260a-4e55-acbc-e28e9b199f54'::uuid)"
            }
          ]
        },
        {
          "Node Type": "Index Scan",
          "Parent Relationship": "Inner",
          "Parallel Aware": false,
          "Async Capable": false,
          "Scan Direction": "Forward",
          "Index Name": "artworks_pkey",
          "Relation Name": "artworks",
          "Alias": "artworks",
          "Startup Cost": 0.28,
          "Total Cost": 7.69,
          "Plan Rows": 1,
          "Plan Width": 532,
          "Actual Startup Time": 0.013,
          "Actual Total Time": 0.013,
          "Actual Rows": 1,
          "Actual Loops": 6,
          "Index Cond": "(id = artwork_event.artworkid)",
          "Rows Removed by Index Recheck": 0
        }
      ]
    },
    "Planning Time": 0.493,
    "Triggers": [
    ],
    "Execution Time": 0.164
  }
][
  {
    "Plan": {
      "Node Type": "Nested Loop",
      "Parallel Aware": false,
      "Async Capable": false,
      "Join Type": "Inner",
      "Startup Cost": 4.75,
      "Total Cost": 227.33,
      "Plan Rows": 25,
      "Plan Width": 516,
      "Actual Startup Time": 0.055,
      "Actual Total Time": 0.180,
      "Actual Rows": 14,
      "Actual Loops": 1,
      "Inner Unique": true,
      "Plans": [
        {
          "Node Type": "Bitmap Heap Scan",
          "Parent Relationship": "Outer",
          "Parallel Aware": false,
          "Async Capable": false,
          "Relation Name": "artwork_event",
          "Alias": "artwork_event",
          "Startup Cost": 4.48,
          "Total Cost": 39.94,
          "Plan Rows": 25,
          "Plan Width": 16,
          "Actual Startup Time": 0.028,
          "Actual Total Time": 0.069,
          "Actual Rows": 14,
          "Actual Loops": 1,
          "Recheck Cond": "(eventid = 'f0988e19-cdb2-428b-bbf5-90384355cfc3'::uuid)",
          "Rows Removed by Index Recheck": 0,
          "Exact Heap Blocks": 11,
          "Lossy Heap Blocks": 0,
          "Plans": [
            {
              "Node Type": "Bitmap Index Scan",
              "Parent Relationship": "Outer",
              "Parallel Aware": false,
              "Async Capable": false,
              "Index Name": "idx_artwork_event_eventid",
              "Startup Cost": 0.00,
              "Total Cost": 4.47,
              "Plan Rows": 25,
              "Plan Width": 0,
              "Actual Startup Time": 0.016,
              "Actual Total Time": 0.017,
              "Actual Rows": 14,
              "Actual Loops": 1,
              "Index Cond": "(eventid = 'f0988e19-cdb2-428b-bbf5-90384355cfc3'::uuid)"
            }
          ]
        },
        {
          "Node Type": "Index Scan",
          "Parent Relationship": "Inner",
          "Parallel Aware": false,
          "Async Capable": false,
          "Scan Direction": "Forward",
          "Index Name": "artworks_pkey",
          "Relation Name": "artworks",
          "Alias": "artworks",
          "Startup Cost": 0.28,
          "Total Cost": 7.49,
          "Plan Rows": 1,
          "Plan Width": 532,
          "Actual Startup Time": 0.007,
          "Actual Total Time": 0.007,
          "Actual Rows": 1,
          "Actual Loops": 14,
          "Index Cond": "(id = artwork_event.artworkid)",
          "Rows Removed by Index Recheck": 0
        }
      ]
    },
    "Planning Time": 0.630,
    "Triggers": [
    ],
    "Execution Time": 0.222
  }
][
  {
    "Plan": {
      "Node Type": "Nested Loop",
      "Parallel Aware": false,
      "Async Capable": false,
      "Join Type": "Inner",
      "Startup Cost": 4.79,
      "Total Cost": 264.42,
      "Plan Rows": 30,
      "Plan Width": 516,
      "Actual Startup Time": 0.059,
      "Actual Total Time": 0.171,
      "Actual Rows": 11,
      "Actual Loops": 1,
      "Inner Unique": true,
      "Plans": [
        {
          "Node Type": "Bitmap Heap Scan",
          "Parent Relationship": "Outer",
          "Parallel Aware": false,
          "Async Capable": false,
          "Relation Name": "artwork_event",
          "Alias": "artwork_event",
          "Startup Cost": 4.51,
          "Total Cost": 47.56,
          "Plan Rows": 30,
          "Plan Width": 16,
          "Actual Startup Time": 0.036,
          "Actual Total Time": 0.067,
          "Actual Rows": 11,
          "Actual Loops": 1,
          "Recheck Cond": "(eventid = '84c6fa21-808e-434d-8597-509e5dfb1918'::uuid)",
          "Rows Removed by Index Recheck": 0,
          "Exact Heap Blocks": 8,
          "Lossy Heap Blocks": 0,
          "Plans": [
            {
              "Node Type": "Bitmap Index Scan",
              "Parent Relationship": "Outer",
              "Parallel Aware": false,
              "Async Capable": false,
              "Index Name": "idx_artwork_event_eventid",
              "Startup Cost": 0.00,
              "Total Cost": 4.51,
              "Plan Rows": 30,
              "Plan Width": 0,
              "Actual Startup Time": 0.029,
              "Actual Total Time": 0.029,
              "Actual Rows": 11,
              "Actual Loops": 1,
              "Index Cond": "(eventid = '84c6fa21-808e-434d-8597-509e5dfb1918'::uuid)"
            }
          ]
        },
        {
          "Node Type": "Index Scan",
          "Parent Relationship": "Inner",
          "Parallel Aware": false,
          "Async Capable": false,
          "Scan Direction": "Forward",
          "Index Name": "artworks_pkey",
          "Relation Name": "artworks",
          "Alias": "artworks",
          "Startup Cost": 0.28,
          "Total Cost": 7.23,
          "Plan Rows": 1,
          "Plan Width": 532,
          "Actual Startup Time": 0.009,
          "Actual Total Time": 0.009,
          "Actual Rows": 1,
          "Actual Loops": 11,
          "Index Cond": "(id = artwork_event.artworkid)",
          "Rows Removed by Index Recheck": 0
        }
      ]
    },
    "Planning Time": 0.557,
    "Triggers": [
    ],
    "Execution Time": 0.208
  }
][
  {
    "Plan": {
      "Node Type": "Hash Join",
      "Parallel Aware": false,
      "Async Capable": false,
      "Join Type": "Inner",
      "Startup Cost": 55.06,
      "Total Cost": 271.66,
      "Plan Rows": 35,
      "Plan Width": 516,
      "Actual Startup Time": 0.252,
      "Actual Total Time": 1.564,
      "Actual Rows": 12,
      "Actual Loops": 1,
      "Inner Unique": true,
      "Hash Cond": "(artworks.id = artwork_event.artworkid)",
      "Plans": [
        {
          "Node Type": "Seq Scan",
          "Parent Relationship": "Outer",
          "Parallel Aware": false,
          "Async Capable": false,
          "Relation Name": "artworks",
          "Alias": "artworks",
          "Startup Cost": 0.00,
          "Total Cost": 212.93,
          "Plan Rows": 1393,
          "Plan Width": 532,
          "Actual Startup Time": 0.007,
          "Actual Total Time": 0.820,
          "Actual Rows": 10000,
          "Actual Loops": 1
        },
        {
          "Node Type": "Hash",
          "Parent Relationship": "Inner",
          "Parallel Aware": false,
          "Async Capable": false,
          "Startup Cost": 54.62,
          "Total Cost": 54.62,
          "Plan Rows": 35,
          "Plan Width": 16,
          "Actual Startup Time": 0.150,
          "Actual Total Time": 0.150,
          "Actual Rows": 12,
          "Actual Loops": 1,
          "Hash Buckets": 1024,
          "Original Hash Buckets": 1024,
          "Hash Batches": 1,
          "Original Hash Batches": 1,
          "Peak Memory Usage": 9,
          "Plans": [
            {
              "Node Type": "Bitmap Heap Scan",
              "Parent Relationship": "Outer",
              "Parallel Aware": false,
              "Async Capable": false,
              "Relation Name": "artwork_event",
              "Alias": "artwork_event",
              "Startup Cost": 4.55,
              "Total Cost": 54.62,
              "Plan Rows": 35,
              "Plan Width": 16,
              "Actual Startup Time": 0.103,
              "Actual Total Time": 0.142,
              "Actual Rows": 12,
              "Actual Loops": 1,
              "Recheck Cond": "(eventid = 'a2c3646d-8f9c-44dc-bf90-0019fc181db6'::uuid)",
              "Rows Removed by Index Recheck": 0,
              "Exact Heap Blocks": 10,
              "Lossy Heap Blocks": 0,
              "Plans": [
                {
                  "Node Type": "Bitmap Index Scan",
                  "Parent Relationship": "Outer",
                  "Parallel Aware": false,
                  "Async Capable": false,
                  "Index Name": "idx_artwork_event_eventid",
                  "Startup Cost": 0.00,
                  "Total Cost": 4.54,
                  "Plan Rows": 35,
                  "Plan Width": 0,
                  "Actual Startup Time": 0.031,
                  "Actual Total Time": 0.031,
                  "Actual Rows": 12,
                  "Actual Loops": 1,
                  "Index Cond": "(eventid = 'a2c3646d-8f9c-44dc-bf90-0019fc181db6'::uuid)"
                }
              ]
            }
          ]
        }
      ]
    },
    "Planning Time": 0.488,
    "Triggers": [
    ],
    "Execution Time": 1.606
  }
][
  {
    "Plan": {
      "Node Type": "Hash Join",
      "Parallel Aware": false,
      "Async Capable": false,
      "Join Type": "Inner",
      "Startup Cost": 61.42,
      "Total Cost": 278.01,
      "Plan Rows": 40,
      "Plan Width": 516,
      "Actual Startup Time": 0.353,
      "Actual Total Time": 1.975,
      "Actual Rows": 25,
      "Actual Loops": 1,
      "Inner Unique": true,
      "Hash Cond": "(artworks.id = artwork_event.artworkid)",
      "Plans": [
        {
          "Node Type": "Seq Scan",
          "Parent Relationship": "Outer",
          "Parallel Aware": false,
          "Async Capable": false,
          "Relation Name": "artworks",
          "Alias": "artworks",
          "Startup Cost": 0.00,
          "Total Cost": 212.93,
          "Plan Rows": 1393,
          "Plan Width": 532,
          "Actual Startup Time": 0.013,
          "Actual Total Time": 1.060,
          "Actual Rows": 10000,
          "Actual Loops": 1
        },
        {
          "Node Type": "Hash",
          "Parent Relationship": "Inner",
          "Parallel Aware": false,
          "Async Capable": false,
          "Startup Cost": 60.92,
          "Total Cost": 60.92,
          "Plan Rows": 40,
          "Plan Width": 16,
          "Actual Startup Time": 0.133,
          "Actual Total Time": 0.134,
          "Actual Rows": 25,
          "Actual Loops": 1,
          "Hash Buckets": 1024,
          "Original Hash Buckets": 1024,
          "Hash Batches": 1,
          "Original Hash Batches": 1,
          "Peak Memory Usage": 10,
          "Plans": [
            {
              "Node Type": "Bitmap Heap Scan",
              "Parent Relationship": "Outer",
              "Parallel Aware": false,
              "Async Capable": false,
              "Relation Name": "artwork_event",
              "Alias": "artwork_event",
              "Startup Cost": 4.59,
              "Total Cost": 60.92,
              "Plan Rows": 40,
              "Plan Width": 16,
              "Actual Startup Time": 0.036,
              "Actual Total Time": 0.125,
              "Actual Rows": 25,
              "Actual Loops": 1,
              "Recheck Cond": "(eventid = '6da5ef89-6ca7-4434-9bda-22f907236091'::uuid)",
              "Rows Removed by Index Recheck": 0,
              "Exact Heap Blocks": 20,
              "Lossy Heap Blocks": 0,
              "Plans": [
                {
                  "Node Type": "Bitmap Index Scan",
                  "Parent Relationship": "Outer",
                  "Parallel Aware": false,
                  "Async Capable": false,
                  "Index Name": "idx_artwork_event_eventid",
                  "Startup Cost": 0.00,
                  "Total Cost": 4.58,
                  "Plan Rows": 40,
                  "Plan Width": 0,
                  "Actual Startup Time": 0.026,
                  "Actual Total Time": 0.026,
                  "Actual Rows": 25,
                  "Actual Loops": 1,
                  "Index Cond": "(eventid = '6da5ef89-6ca7-4434-9bda-22f907236091'::uuid)"
                }
              ]
            }
          ]
        }
      ]
    },
    "Planning Time": 0.641,
    "Triggers": [
    ],
    "Execution Time": 2.031
  }
][
  {
    "Plan": {
      "Node Type": "Hash Join",
      "Parallel Aware": false,
      "Async Capable": false,
      "Join Type": "Inner",
      "Startup Cost": 69.10,
      "Total Cost": 285.70,
      "Plan Rows": 45,
      "Plan Width": 516,
      "Actual Startup Time": 0.313,
      "Actual Total Time": 1.548,
      "Actual Rows": 22,
      "Actual Loops": 1,
      "Inner Unique": true,
      "Hash Cond": "(artworks.id = artwork_event.artworkid)",
      "Plans": [
        {
          "Node Type": "Seq Scan",
          "Parent Relationship": "Outer",
          "Parallel Aware": false,
          "Async Capable": false,
          "Relation Name": "artworks",
          "Alias": "artworks",
          "Startup Cost": 0.00,
          "Total Cost": 212.93,
          "Plan Rows": 1393,
          "Plan Width": 532,
          "Actual Startup Time": 0.007,
          "Actual Total Time": 0.844,
          "Actual Rows": 10000,
          "Actual Loops": 1
        },
        {
          "Node Type": "Hash",
          "Parent Relationship": "Inner",
          "Parallel Aware": false,
          "Async Capable": false,
          "Startup Cost": 68.54,
          "Total Cost": 68.54,
          "Plan Rows": 45,
          "Plan Width": 16,
          "Actual Startup Time": 0.115,
          "Actual Total Time": 0.115,
          "Actual Rows": 22,
          "Actual Loops": 1,
          "Hash Buckets": 1024,
          "Original Hash Buckets": 1024,
          "Hash Batches": 1,
          "Original Hash Batches": 1,
          "Peak Memory Usage": 10,
          "Plans": [
            {
              "Node Type": "Bitmap Heap Scan",
              "Parent Relationship": "Outer",
              "Parallel Aware": false,
              "Async Capable": false,
              "Relation Name": "artwork_event",
              "Alias": "artwork_event",
              "Startup Cost": 4.63,
              "Total Cost": 68.54,
              "Plan Rows": 45,
              "Plan Width": 16,
              "Actual Startup Time": 0.032,
              "Actual Total Time": 0.108,
              "Actual Rows": 22,
              "Actual Loops": 1,
              "Recheck Cond": "(eventid = '0aa9a117-99d8-4813-8d8e-870513f6b5f6'::uuid)",
              "Rows Removed by Index Recheck": 0,
              "Exact Heap Blocks": 20,
              "Lossy Heap Blocks": 0,
              "Plans": [
                {
                  "Node Type": "Bitmap Index Scan",
                  "Parent Relationship": "Outer",
                  "Parallel Aware": false,
                  "Async Capable": false,
                  "Index Name": "idx_artwork_event_eventid",
                  "Startup Cost": 0.00,
                  "Total Cost": 4.62,
                  "Plan Rows": 45,
                  "Plan Width": 0,
                  "Actual Startup Time": 0.019,
                  "Actual Total Time": 0.019,
                  "Actual Rows": 22,
                  "Actual Loops": 1,
                  "Index Cond": "(eventid = '0aa9a117-99d8-4813-8d8e-870513f6b5f6'::uuid)"
                }
              ]
            }
          ]
        }
      ]
    },
    "Planning Time": 0.559,
    "Triggers": [
    ],
    "Execution Time": 1.593
  }
][
  {
    "Plan": {
      "Node Type": "Hash Join",
      "Parallel Aware": false,
      "Async Capable": false,
      "Join Type": "Inner",
      "Startup Cost": 76.23,
      "Total Cost": 292.83,
      "Plan Rows": 50,
      "Plan Width": 516,
      "Actual Startup Time": 0.325,
      "Actual Total Time": 1.593,
      "Actual Rows": 11,
      "Actual Loops": 1,
      "Inner Unique": true,
      "Hash Cond": "(artworks.id = artwork_event.artworkid)",
      "Plans": [
        {
          "Node Type": "Seq Scan",
          "Parent Relationship": "Outer",
          "Parallel Aware": false,
          "Async Capable": false,
          "Relation Name": "artworks",
          "Alias": "artworks",
          "Startup Cost": 0.00,
          "Total Cost": 212.93,
          "Plan Rows": 1393,
          "Plan Width": 532,
          "Actual Startup Time": 0.009,
          "Actual Total Time": 0.897,
          "Actual Rows": 10000,
          "Actual Loops": 1
        },
        {
          "Node Type": "Hash",
          "Parent Relationship": "Inner",
          "Parallel Aware": false,
          "Async Capable": false,
          "Startup Cost": 75.61,
          "Total Cost": 75.61,
          "Plan Rows": 50,
          "Plan Width": 16,
          "Actual Startup Time": 0.094,
          "Actual Total Time": 0.095,
          "Actual Rows": 11,
          "Actual Loops": 1,
          "Hash Buckets": 1024,
          "Original Hash Buckets": 1024,
          "Hash Batches": 1,
          "Original Hash Batches": 1,
          "Peak Memory Usage": 9,
          "Plans": [
            {
              "Node Type": "Bitmap Heap Scan",
              "Parent Relationship": "Outer",
              "Parallel Aware": false,
              "Async Capable": false,
              "Relation Name": "artwork_event",
              "Alias": "artwork_event",
              "Startup Cost": 4.67,
              "Total Cost": 75.61,
              "Plan Rows": 50,
              "Plan Width": 16,
              "Actual Startup Time": 0.037,
              "Actual Total Time": 0.088,
              "Actual Rows": 11,
              "Actual Loops": 1,
              "Recheck Cond": "(eventid = '39ead475-7dd4-4483-8d4b-871aded392e0'::uuid)",
              "Rows Removed by Index Recheck": 0,
              "Exact Heap Blocks": 11,
              "Lossy Heap Blocks": 0,
              "Plans": [
                {
                  "Node Type": "Bitmap Index Scan",
                  "Parent Relationship": "Outer",
                  "Parallel Aware": false,
                  "Async Capable": false,
                  "Index Name": "idx_artwork_event_eventid",
                  "Startup Cost": 0.00,
                  "Total Cost": 4.66,
                  "Plan Rows": 50,
                  "Plan Width": 0,
                  "Actual Startup Time": 0.021,
                  "Actual Total Time": 0.021,
                  "Actual Rows": 11,
                  "Actual Loops": 1,
                  "Index Cond": "(eventid = '39ead475-7dd4-4483-8d4b-871aded392e0'::uuid)"
                }
              ]
            }
          ]
        }
      ]
    },
    "Planning Time": 0.546,
    "Triggers": [
    ],
    "Execution Time": 1.641
  }
][
  {
    "Plan": {
      "Node Type": "Hash Join",
      "Parallel Aware": false,
      "Async Capable": false,
      "Join Type": "Inner",
      "Startup Cost": 83.36,
      "Total Cost": 299.95,
      "Plan Rows": 55,
      "Plan Width": 516,
      "Actual Startup Time": 0.159,
      "Actual Total Time": 1.547,
      "Actual Rows": 23,
      "Actual Loops": 1,
      "Inner Unique": true,
      "Hash Cond": "(artworks.id = artwork_event.artworkid)",
      "Plans": [
        {
          "Node Type": "Seq Scan",
          "Parent Relationship": "Outer",
          "Parallel Aware": false,
          "Async Capable": false,
          "Relation Name": "artworks",
          "Alias": "artworks",
          "Startup Cost": 0.00,
          "Total Cost": 212.93,
          "Plan Rows": 1393,
          "Plan Width": 532,
          "Actual Startup Time": 0.007,
          "Actual Total Time": 0.825,
          "Actual Rows": 10000,
          "Actual Loops": 1
        },
        {
          "Node Type": "Hash",
          "Parent Relationship": "Inner",
          "Parallel Aware": false,
          "Async Capable": false,
          "Startup Cost": 82.67,
          "Total Cost": 82.67,
          "Plan Rows": 55,
          "Plan Width": 16,
          "Actual Startup Time": 0.119,
          "Actual Total Time": 0.120,
          "Actual Rows": 23,
          "Actual Loops": 1,
          "Hash Buckets": 1024,
          "Original Hash Buckets": 1024,
          "Hash Batches": 1,
          "Original Hash Batches": 1,
          "Peak Memory Usage": 10,
          "Plans": [
            {
              "Node Type": "Bitmap Heap Scan",
              "Parent Relationship": "Outer",
              "Parallel Aware": false,
              "Async Capable": false,
              "Relation Name": "artwork_event",
              "Alias": "artwork_event",
              "Startup Cost": 4.71,
              "Total Cost": 82.67,
              "Plan Rows": 55,
              "Plan Width": 16,
              "Actual Startup Time": 0.038,
              "Actual Total Time": 0.112,
              "Actual Rows": 23,
              "Actual Loops": 1,
              "Recheck Cond": "(eventid = '3b6d8dd3-4c0d-4bd5-a553-5753f24a55c4'::uuid)",
              "Rows Removed by Index Recheck": 0,
              "Exact Heap Blocks": 21,
              "Lossy Heap Blocks": 0,
              "Plans": [
                {
                  "Node Type": "Bitmap Index Scan",
                  "Parent Relationship": "Outer",
                  "Parallel Aware": false,
                  "Async Capable": false,
                  "Index Name": "idx_artwork_event_eventid",
                  "Startup Cost": 0.00,
                  "Total Cost": 4.70,
                  "Plan Rows": 55,
                  "Plan Width": 0,
                  "Actual Startup Time": 0.026,
                  "Actual Total Time": 0.026,
                  "Actual Rows": 23,
                  "Actual Loops": 1,
                  "Index Cond": "(eventid = '3b6d8dd3-4c0d-4bd5-a553-5753f24a55c4'::uuid)"
                }
              ]
            }
          ]
        }
      ]
    },
    "Planning Time": 0.500,
    "Triggers": [
    ],
    "Execution Time": 1.591
  }
][
  {
    "Plan": {
      "Node Type": "Hash Join",
      "Parallel Aware": false,
      "Async Capable": false,
      "Join Type": "Inner",
      "Startup Cost": 90.26,
      "Total Cost": 306.85,
      "Plan Rows": 60,
      "Plan Width": 516,
      "Actual Startup Time": 0.292,
      "Actual Total Time": 1.788,
      "Actual Rows": 23,
      "Actual Loops": 1,
      "Inner Unique": true,
      "Hash Cond": "(artworks.id = artwork_event.artworkid)",
      "Plans": [
        {
          "Node Type": "Seq Scan",
          "Parent Relationship": "Outer",
          "Parallel Aware": false,
          "Async Capable": false,
          "Relation Name": "artworks",
          "Alias": "artworks",
          "Startup Cost": 0.00,
          "Total Cost": 212.93,
          "Plan Rows": 1393,
          "Plan Width": 532,
          "Actual Startup Time": 0.010,
          "Actual Total Time": 0.964,
          "Actual Rows": 10000,
          "Actual Loops": 1
        },
        {
          "Node Type": "Hash",
          "Parent Relationship": "Inner",
          "Parallel Aware": false,
          "Async Capable": false,
          "Startup Cost": 89.51,
          "Total Cost": 89.51,
          "Plan Rows": 60,
          "Plan Width": 16,
          "Actual Startup Time": 0.155,
          "Actual Total Time": 0.156,
          "Actual Rows": 23,
          "Actual Loops": 1,
          "Hash Buckets": 1024,
          "Original Hash Buckets": 1024,
          "Hash Batches": 1,
          "Original Hash Batches": 1,
          "Peak Memory Usage": 10,
          "Plans": [
            {
              "Node Type": "Bitmap Heap Scan",
              "Parent Relationship": "Outer",
              "Parallel Aware": false,
              "Async Capable": false,
              "Relation Name": "artwork_event",
              "Alias": "artwork_event",
              "Startup Cost": 4.75,
              "Total Cost": 89.51,
              "Plan Rows": 60,
              "Plan Width": 16,
              "Actual Startup Time": 0.038,
              "Actual Total Time": 0.146,
              "Actual Rows": 23,
              "Actual Loops": 1,
              "Recheck Cond": "(eventid = 'c484435f-68c6-4939-a0c7-0184acf3facd'::uuid)",
              "Rows Removed by Index Recheck": 0,
              "Exact Heap Blocks": 22,
              "Lossy Heap Blocks": 0,
              "Plans": [
                {
                  "Node Type": "Bitmap Index Scan",
                  "Parent Relationship": "Outer",
                  "Parallel Aware": false,
                  "Async Capable": false,
                  "Index Name": "idx_artwork_event_eventid",
                  "Startup Cost": 0.00,
                  "Total Cost": 4.74,
                  "Plan Rows": 60,
                  "Plan Width": 0,
                  "Actual Startup Time": 0.021,
                  "Actual Total Time": 0.021,
                  "Actual Rows": 23,
                  "Actual Loops": 1,
                  "Index Cond": "(eventid = 'c484435f-68c6-4939-a0c7-0184acf3facd'::uuid)"
                }
              ]
            }
          ]
        }
      ]
    },
    "Planning Time": 0.781,
    "Triggers": [
    ],
    "Execution Time": 1.862
  }
][
  {
    "Plan": {
      "Node Type": "Hash Join",
      "Parallel Aware": false,
      "Async Capable": false,
      "Join Type": "Inner",
      "Startup Cost": 97.39,
      "Total Cost": 313.99,
      "Plan Rows": 65,
      "Plan Width": 516,
      "Actual Startup Time": 0.262,
      "Actual Total Time": 1.586,
      "Actual Rows": 31,
      "Actual Loops": 1,
      "Inner Unique": true,
      "Hash Cond": "(artworks.id = artwork_event.artworkid)",
      "Plans": [
        {
          "Node Type": "Seq Scan",
          "Parent Relationship": "Outer",
          "Parallel Aware": false,
          "Async Capable": false,
          "Relation Name": "artworks",
          "Alias": "artworks",
          "Startup Cost": 0.00,
          "Total Cost": 212.93,
          "Plan Rows": 1393,
          "Plan Width": 532,
          "Actual Startup Time": 0.008,
          "Actual Total Time": 0.846,
          "Actual Rows": 10000,
          "Actual Loops": 1
        },
        {
          "Node Type": "Hash",
          "Parent Relationship": "Inner",
          "Parallel Aware": false,
          "Async Capable": false,
          "Startup Cost": 96.58,
          "Total Cost": 96.58,
          "Plan Rows": 65,
          "Plan Width": 16,
          "Actual Startup Time": 0.149,
          "Actual Total Time": 0.150,
          "Actual Rows": 31,
          "Actual Loops": 1,
          "Hash Buckets": 1024,
          "Original Hash Buckets": 1024,
          "Hash Batches": 1,
          "Original Hash Batches": 1,
          "Peak Memory Usage": 10,
          "Plans": [
            {
              "Node Type": "Bitmap Heap Scan",
              "Parent Relationship": "Outer",
              "Parallel Aware": false,
              "Async Capable": false,
              "Relation Name": "artwork_event",
              "Alias": "artwork_event",
              "Startup Cost": 4.79,
              "Total Cost": 96.58,
              "Plan Rows": 65,
              "Plan Width": 16,
              "Actual Startup Time": 0.043,
              "Actual Total Time": 0.140,
              "Actual Rows": 31,
              "Actual Loops": 1,
              "Recheck Cond": "(eventid = '1f83d3a5-67fd-467f-99da-3f9c5dc6e1b9'::uuid)",
              "Rows Removed by Index Recheck": 0,
              "Exact Heap Blocks": 24,
              "Lossy Heap Blocks": 0,
              "Plans": [
                {
                  "Node Type": "Bitmap Index Scan",
                  "Parent Relationship": "Outer",
                  "Parallel Aware": false,
                  "Async Capable": false,
                  "Index Name": "idx_artwork_event_eventid",
                  "Startup Cost": 0.00,
                  "Total Cost": 4.77,
                  "Plan Rows": 65,
                  "Plan Width": 0,
                  "Actual Startup Time": 0.031,
                  "Actual Total Time": 0.031,
                  "Actual Rows": 31,
                  "Actual Loops": 1,
                  "Index Cond": "(eventid = '1f83d3a5-67fd-467f-99da-3f9c5dc6e1b9'::uuid)"
                }
              ]
            }
          ]
        }
      ]
    },
    "Planning Time": 0.544,
    "Triggers": [
    ],
    "Execution Time": 1.640
  }
][
  {
    "Plan": {
      "Node Type": "Hash Join",
      "Parallel Aware": false,
      "Async Capable": false,
      "Join Type": "Inner",
      "Startup Cost": 105.07,
      "Total Cost": 321.67,
      "Plan Rows": 70,
      "Plan Width": 516,
      "Actual Startup Time": 0.177,
      "Actual Total Time": 1.572,
      "Actual Rows": 34,
      "Actual Loops": 1,
      "Inner Unique": true,
      "Hash Cond": "(artworks.id = artwork_event.artworkid)",
      "Plans": [
        {
          "Node Type": "Seq Scan",
          "Parent Relationship": "Outer",
          "Parallel Aware": false,
          "Async Capable": false,
          "Relation Name": "artworks",
          "Alias": "artworks",
          "Startup Cost": 0.00,
          "Total Cost": 212.93,
          "Plan Rows": 1393,
          "Plan Width": 532,
          "Actual Startup Time": 0.007,
          "Actual Total Time": 0.831,
          "Actual Rows": 10000,
          "Actual Loops": 1
        },
        {
          "Node Type": "Hash",
          "Parent Relationship": "Inner",
          "Parallel Aware": false,
          "Async Capable": false,
          "Startup Cost": 104.20,
          "Total Cost": 104.20,
          "Plan Rows": 70,
          "Plan Width": 16,
          "Actual Startup Time": 0.153,
          "Actual Total Time": 0.154,
          "Actual Rows": 34,
          "Actual Loops": 1,
          "Hash Buckets": 1024,
          "Original Hash Buckets": 1024,
          "Hash Batches": 1,
          "Original Hash Batches": 1,
          "Peak Memory Usage": 10,
          "Plans": [
            {
              "Node Type": "Bitmap Heap Scan",
              "Parent Relationship": "Outer",
              "Parallel Aware": false,
              "Async Capable": false,
              "Relation Name": "artwork_event",
              "Alias": "artwork_event",
              "Startup Cost": 4.83,
              "Total Cost": 104.20,
              "Plan Rows": 70,
              "Plan Width": 16,
              "Actual Startup Time": 0.023,
              "Actual Total Time": 0.145,
              "Actual Rows": 34,
              "Actual Loops": 1,
              "Recheck Cond": "(eventid = 'd8b844fa-213c-43a0-b686-7e078e1e8bc1'::uuid)",
              "Rows Removed by Index Recheck": 0,
              "Exact Heap Blocks": 28,
              "Lossy Heap Blocks": 0,
              "Plans": [
                {
                  "Node Type": "Bitmap Index Scan",
                  "Parent Relationship": "Outer",
                  "Parallel Aware": false,
                  "Async Capable": false,
                  "Index Name": "idx_artwork_event_eventid",
                  "Startup Cost": 0.00,
                  "Total Cost": 4.81,
                  "Plan Rows": 70,
                  "Plan Width": 0,
                  "Actual Startup Time": 0.016,
                  "Actual Total Time": 0.016,
                  "Actual Rows": 34,
                  "Actual Loops": 1,
                  "Index Cond": "(eventid = 'd8b844fa-213c-43a0-b686-7e078e1e8bc1'::uuid)"
                }
              ]
            }
          ]
        }
      ]
    },
    "Planning Time": 0.513,
    "Triggers": [
    ],
    "Execution Time": 1.614
  }
][
  {
    "Plan": {
      "Node Type": "Hash Join",
      "Parallel Aware": false,
      "Async Capable": false,
      "Join Type": "Inner",
      "Startup Cost": 112.20,
      "Total Cost": 328.80,
      "Plan Rows": 75,
      "Plan Width": 516,
      "Actual Startup Time": 0.218,
      "Actual Total Time": 1.610,
      "Actual Rows": 29,
      "Actual Loops": 1,
      "Inner Unique": true,
      "Hash Cond": "(artworks.id = artwork_event.artworkid)",
      "Plans": [
        {
          "Node Type": "Seq Scan",
          "Parent Relationship": "Outer",
          "Parallel Aware": false,
          "Async Capable": false,
          "Relation Name": "artworks",
          "Alias": "artworks",
          "Startup Cost": 0.00,
          "Total Cost": 212.93,
          "Plan Rows": 1393,
          "Plan Width": 532,
          "Actual Startup Time": 0.007,
          "Actual Total Time": 0.883,
          "Actual Rows": 10000,
          "Actual Loops": 1
        },
        {
          "Node Type": "Hash",
          "Parent Relationship": "Inner",
          "Parallel Aware": false,
          "Async Capable": false,
          "Startup Cost": 111.27,
          "Total Cost": 111.27,
          "Plan Rows": 75,
          "Plan Width": 16,
          "Actual Startup Time": 0.142,
          "Actual Total Time": 0.142,
          "Actual Rows": 29,
          "Actual Loops": 1,
          "Hash Buckets": 1024,
          "Original Hash Buckets": 1024,
          "Hash Batches": 1,
          "Original Hash Batches": 1,
          "Peak Memory Usage": 10,
          "Plans": [
            {
              "Node Type": "Bitmap Heap Scan",
              "Parent Relationship": "Outer",
              "Parallel Aware": false,
              "Async Capable": false,
              "Relation Name": "artwork_event",
              "Alias": "artwork_event",
              "Startup Cost": 4.87,
              "Total Cost": 111.27,
              "Plan Rows": 75,
              "Plan Width": 16,
              "Actual Startup Time": 0.036,
              "Actual Total Time": 0.134,
              "Actual Rows": 29,
              "Actual Loops": 1,
              "Recheck Cond": "(eventid = '31a9d3a5-8614-4178-9c3b-ecadcae3b373'::uuid)",
              "Rows Removed by Index Recheck": 0,
              "Exact Heap Blocks": 25,
              "Lossy Heap Blocks": 0,
              "Plans": [
                {
                  "Node Type": "Bitmap Index Scan",
                  "Parent Relationship": "Outer",
                  "Parallel Aware": false,
                  "Async Capable": false,
                  "Index Name": "idx_artwork_event_eventid",
                  "Startup Cost": 0.00,
                  "Total Cost": 4.85,
                  "Plan Rows": 75,
                  "Plan Width": 0,
                  "Actual Startup Time": 0.024,
                  "Actual Total Time": 0.024,
                  "Actual Rows": 29,
                  "Actual Loops": 1,
                  "Index Cond": "(eventid = '31a9d3a5-8614-4178-9c3b-ecadcae3b373'::uuid)"
                }
              ]
            }
          ]
        }
      ]
    },
    "Planning Time": 0.521,
    "Triggers": [
    ],
    "Execution Time": 1.654
  }
][
  {
    "Plan": {
      "Node Type": "Hash Join",
      "Parallel Aware": false,
      "Async Capable": false,
      "Join Type": "Inner",
      "Startup Cost": 118.55,
      "Total Cost": 335.15,
      "Plan Rows": 80,
      "Plan Width": 516,
      "Actual Startup Time": 0.176,
      "Actual Total Time": 1.623,
      "Actual Rows": 26,
      "Actual Loops": 1,
      "Inner Unique": true,
      "Hash Cond": "(artworks.id = artwork_event.artworkid)",
      "Plans": [
        {
          "Node Type": "Seq Scan",
          "Parent Relationship": "Outer",
          "Parallel Aware": false,
          "Async Capable": false,
          "Relation Name": "artworks",
          "Alias": "artworks",
          "Startup Cost": 0.00,
          "Total Cost": 212.93,
          "Plan Rows": 1393,
          "Plan Width": 532,
          "Actual Startup Time": 0.007,
          "Actual Total Time": 0.836,
          "Actual Rows": 10000,
          "Actual Loops": 1
        },
        {
          "Node Type": "Hash",
          "Parent Relationship": "Inner",
          "Parallel Aware": false,
          "Async Capable": false,
          "Startup Cost": 117.55,
          "Total Cost": 117.55,
          "Plan Rows": 80,
          "Plan Width": 16,
          "Actual Startup Time": 0.153,
          "Actual Total Time": 0.154,
          "Actual Rows": 26,
          "Actual Loops": 1,
          "Hash Buckets": 1024,
          "Original Hash Buckets": 1024,
          "Hash Batches": 1,
          "Original Hash Batches": 1,
          "Peak Memory Usage": 10,
          "Plans": [
            {
              "Node Type": "Bitmap Heap Scan",
              "Parent Relationship": "Outer",
              "Parallel Aware": false,
              "Async Capable": false,
              "Relation Name": "artwork_event",
              "Alias": "artwork_event",
              "Startup Cost": 4.90,
              "Total Cost": 117.55,
              "Plan Rows": 80,
              "Plan Width": 16,
              "Actual Startup Time": 0.041,
              "Actual Total Time": 0.144,
              "Actual Rows": 26,
              "Actual Loops": 1,
              "Recheck Cond": "(eventid = '7bdf6beb-3ef8-4680-9e91-8bac0b165829'::uuid)",
              "Rows Removed by Index Recheck": 0,
              "Exact Heap Blocks": 26,
              "Lossy Heap Blocks": 0,
              "Plans": [
                {
                  "Node Type": "Bitmap Index Scan",
                  "Parent Relationship": "Outer",
                  "Parallel Aware": false,
                  "Async Capable": false,
                  "Index Name": "idx_artwork_event_eventid",
                  "Startup Cost": 0.00,
                  "Total Cost": 4.88,
                  "Plan Rows": 80,
                  "Plan Width": 0,
                  "Actual Startup Time": 0.034,
                  "Actual Total Time": 0.034,
                  "Actual Rows": 26,
                  "Actual Loops": 1,
                  "Index Cond": "(eventid = '7bdf6beb-3ef8-4680-9e91-8bac0b165829'::uuid)"
                }
              ]
            }
          ]
        }
      ]
    },
    "Planning Time": 0.493,
    "Triggers": [
    ],
    "Execution Time": 1.666
  }
][
  {
    "Plan": {
      "Node Type": "Hash Join",
      "Parallel Aware": false,
      "Async Capable": false,
      "Join Type": "Inner",
      "Startup Cost": 126.23,
      "Total Cost": 342.83,
      "Plan Rows": 85,
      "Plan Width": 516,
      "Actual Startup Time": 0.251,
      "Actual Total Time": 1.715,
      "Actual Rows": 39,
      "Actual Loops": 1,
      "Inner Unique": true,
      "Hash Cond": "(artworks.id = artwork_event.artworkid)",
      "Plans": [
        {
          "Node Type": "Seq Scan",
          "Parent Relationship": "Outer",
          "Parallel Aware": false,
          "Async Capable": false,
          "Relation Name": "artworks",
          "Alias": "artworks",
          "Startup Cost": 0.00,
          "Total Cost": 212.93,
          "Plan Rows": 1393,
          "Plan Width": 532,
          "Actual Startup Time": 0.008,
          "Actual Total Time": 0.919,
          "Actual Rows": 10000,
          "Actual Loops": 1
        },
        {
          "Node Type": "Hash",
          "Parent Relationship": "Inner",
          "Parallel Aware": false,
          "Async Capable": false,
          "Startup Cost": 125.17,
          "Total Cost": 125.17,
          "Plan Rows": 85,
          "Plan Width": 16,
          "Actual Startup Time": 0.187,
          "Actual Total Time": 0.188,
          "Actual Rows": 39,
          "Actual Loops": 1,
          "Hash Buckets": 1024,
          "Original Hash Buckets": 1024,
          "Hash Batches": 1,
          "Original Hash Batches": 1,
          "Peak Memory Usage": 10,
          "Plans": [
            {
              "Node Type": "Bitmap Heap Scan",
              "Parent Relationship": "Outer",
              "Parallel Aware": false,
              "Async Capable": false,
              "Relation Name": "artwork_event",
              "Alias": "artwork_event",
              "Startup Cost": 4.95,
              "Total Cost": 125.17,
              "Plan Rows": 85,
              "Plan Width": 16,
              "Actual Startup Time": 0.045,
              "Actual Total Time": 0.178,
              "Actual Rows": 39,
              "Actual Loops": 1,
              "Recheck Cond": "(eventid = 'bd091a2c-ec92-453a-86c5-3f569670791e'::uuid)",
              "Rows Removed by Index Recheck": 0,
              "Exact Heap Blocks": 32,
              "Lossy Heap Blocks": 0,
              "Plans": [
                {
                  "Node Type": "Bitmap Index Scan",
                  "Parent Relationship": "Outer",
                  "Parallel Aware": false,
                  "Async Capable": false,
                  "Index Name": "idx_artwork_event_eventid",
                  "Startup Cost": 0.00,
                  "Total Cost": 4.92,
                  "Plan Rows": 85,
                  "Plan Width": 0,
                  "Actual Startup Time": 0.030,
                  "Actual Total Time": 0.030,
                  "Actual Rows": 39,
                  "Actual Loops": 1,
                  "Index Cond": "(eventid = 'bd091a2c-ec92-453a-86c5-3f569670791e'::uuid)"
                }
              ]
            }
          ]
        }
      ]
    },
    "Planning Time": 0.548,
    "Triggers": [
    ],
    "Execution Time": 1.763
  }
][
  {
    "Plan": {
      "Node Type": "Hash Join",
      "Parallel Aware": false,
      "Async Capable": false,
      "Join Type": "Inner",
      "Startup Cost": 133.37,
      "Total Cost": 349.97,
      "Plan Rows": 90,
      "Plan Width": 516,
      "Actual Startup Time": 0.190,
      "Actual Total Time": 1.612,
      "Actual Rows": 33,
      "Actual Loops": 1,
      "Inner Unique": true,
      "Hash Cond": "(artworks.id = artwork_event.artworkid)",
      "Plans": [
        {
          "Node Type": "Seq Scan",
          "Parent Relationship": "Outer",
          "Parallel Aware": false,
          "Async Capable": false,
          "Relation Name": "artworks",
          "Alias": "artworks",
          "Startup Cost": 0.00,
          "Total Cost": 212.93,
          "Plan Rows": 1393,
          "Plan Width": 532,
          "Actual Startup Time": 0.008,
          "Actual Total Time": 0.829,
          "Actual Rows": 10000,
          "Actual Loops": 1
        },
        {
          "Node Type": "Hash",
          "Parent Relationship": "Inner",
          "Parallel Aware": false,
          "Async Capable": false,
          "Startup Cost": 132.24,
          "Total Cost": 132.24,
          "Plan Rows": 90,
          "Plan Width": 16,
          "Actual Startup Time": 0.166,
          "Actual Total Time": 0.167,
          "Actual Rows": 33,
          "Actual Loops": 1,
          "Hash Buckets": 1024,
          "Original Hash Buckets": 1024,
          "Hash Batches": 1,
          "Original Hash Batches": 1,
          "Peak Memory Usage": 10,
          "Plans": [
            {
              "Node Type": "Bitmap Heap Scan",
              "Parent Relationship": "Outer",
              "Parallel Aware": false,
              "Async Capable": false,
              "Relation Name": "artwork_event",
              "Alias": "artwork_event",
              "Startup Cost": 4.98,
              "Total Cost": 132.24,
              "Plan Rows": 90,
              "Plan Width": 16,
              "Actual Startup Time": 0.040,
              "Actual Total Time": 0.156,
              "Actual Rows": 33,
              "Actual Loops": 1,
              "Recheck Cond": "(eventid = '7bdf6beb-3ef8-4680-9e91-8bac0b165829'::uuid)",
              "Rows Removed by Index Recheck": 0,
              "Exact Heap Blocks": 31,
              "Lossy Heap Blocks": 0,
              "Plans": [
                {
                  "Node Type": "Bitmap Index Scan",
                  "Parent Relationship": "Outer",
                  "Parallel Aware": false,
                  "Async Capable": false,
                  "Index Name": "idx_artwork_event_eventid",
                  "Startup Cost": 0.00,
                  "Total Cost": 4.96,
                  "Plan Rows": 90,
                  "Plan Width": 0,
                  "Actual Startup Time": 0.032,
                  "Actual Total Time": 0.032,
                  "Actual Rows": 33,
                  "Actual Loops": 1,
                  "Index Cond": "(eventid = '7bdf6beb-3ef8-4680-9e91-8bac0b165829'::uuid)"
                }
              ]
            }
          ]
        }
      ]
    },
    "Planning Time": 0.520,
    "Triggers": [
    ],
    "Execution Time": 1.656
  }
][
  {
    "Plan": {
      "Node Type": "Hash Join",
      "Parallel Aware": false,
      "Async Capable": false,
      "Join Type": "Inner",
      "Startup Cost": 139.71,
      "Total Cost": 356.31,
      "Plan Rows": 95,
      "Plan Width": 516,
      "Actual Startup Time": 0.210,
      "Actual Total Time": 1.600,
      "Actual Rows": 41,
      "Actual Loops": 1,
      "Inner Unique": true,
      "Hash Cond": "(artworks.id = artwork_event.artworkid)",
      "Plans": [
        {
          "Node Type": "Seq Scan",
          "Parent Relationship": "Outer",
          "Parallel Aware": false,
          "Async Capable": false,
          "Relation Name": "artworks",
          "Alias": "artworks",
          "Startup Cost": 0.00,
          "Total Cost": 212.93,
          "Plan Rows": 1393,
          "Plan Width": 532,
          "Actual Startup Time": 0.007,
          "Actual Total Time": 0.831,
          "Actual Rows": 10000,
          "Actual Loops": 1
        },
        {
          "Node Type": "Hash",
          "Parent Relationship": "Inner",
          "Parallel Aware": false,
          "Async Capable": false,
          "Startup Cost": 138.53,
          "Total Cost": 138.53,
          "Plan Rows": 95,
          "Plan Width": 16,
          "Actual Startup Time": 0.171,
          "Actual Total Time": 0.172,
          "Actual Rows": 41,
          "Actual Loops": 1,
          "Hash Buckets": 1024,
          "Original Hash Buckets": 1024,
          "Hash Batches": 1,
          "Original Hash Batches": 1,
          "Peak Memory Usage": 10,
          "Plans": [
            {
              "Node Type": "Bitmap Heap Scan",
              "Parent Relationship": "Outer",
              "Parallel Aware": false,
              "Async Capable": false,
              "Relation Name": "artwork_event",
              "Alias": "artwork_event",
              "Startup Cost": 5.02,
              "Total Cost": 138.53,
              "Plan Rows": 95,
              "Plan Width": 16,
              "Actual Startup Time": 0.042,
              "Actual Total Time": 0.162,
              "Actual Rows": 41,
              "Actual Loops": 1,
              "Recheck Cond": "(eventid = 'a8fda84d-ce20-43a5-a08b-ac3d7baaf8eb'::uuid)",
              "Rows Removed by Index Recheck": 0,
              "Exact Heap Blocks": 33,
              "Lossy Heap Blocks": 0,
              "Plans": [
                {
                  "Node Type": "Bitmap Index Scan",
                  "Parent Relationship": "Outer",
                  "Parallel Aware": false,
                  "Async Capable": false,
                  "Index Name": "idx_artwork_event_eventid",
                  "Startup Cost": 0.00,
                  "Total Cost": 5.00,
                  "Plan Rows": 95,
                  "Plan Width": 0,
                  "Actual Startup Time": 0.030,
                  "Actual Total Time": 0.030,
                  "Actual Rows": 41,
                  "Actual Loops": 1,
                  "Index Cond": "(eventid = 'a8fda84d-ce20-43a5-a08b-ac3d7baaf8eb'::uuid)"
                }
              ]
            }
          ]
        }
      ]
    },
    "Planning Time": 0.490,
    "Triggers": [
    ],
    "Execution Time": 1.643
  }
][
  {
    "Plan": {
      "Node Type": "Hash Join",
      "Parallel Aware": false,
      "Async Capable": false,
      "Join Type": "Inner",
      "Startup Cost": 147.39,
      "Total Cost": 363.99,
      "Plan Rows": 100,
      "Plan Width": 516,
      "Actual Startup Time": 0.247,
      "Actual Total Time": 1.676,
      "Actual Rows": 34,
      "Actual Loops": 1,
      "Inner Unique": true,
      "Hash Cond": "(artworks.id = artwork_event.artworkid)",
      "Plans": [
        {
          "Node Type": "Seq Scan",
          "Parent Relationship": "Outer",
          "Parallel Aware": false,
          "Async Capable": false,
          "Relation Name": "artworks",
          "Alias": "artworks",
          "Startup Cost": 0.00,
          "Total Cost": 212.93,
          "Plan Rows": 1393,
          "Plan Width": 532,
          "Actual Startup Time": 0.008,
          "Actual Total Time": 0.864,
          "Actual Rows": 10000,
          "Actual Loops": 1
        },
        {
          "Node Type": "Hash",
          "Parent Relationship": "Inner",
          "Parallel Aware": false,
          "Async Capable": false,
          "Startup Cost": 146.14,
          "Total Cost": 146.14,
          "Plan Rows": 100,
          "Plan Width": 16,
          "Actual Startup Time": 0.215,
          "Actual Total Time": 0.216,
          "Actual Rows": 34,
          "Actual Loops": 1,
          "Hash Buckets": 1024,
          "Original Hash Buckets": 1024,
          "Hash Batches": 1,
          "Original Hash Batches": 1,
          "Peak Memory Usage": 10,
          "Plans": [
            {
              "Node Type": "Bitmap Heap Scan",
              "Parent Relationship": "Outer",
              "Parallel Aware": false,
              "Async Capable": false,
              "Relation Name": "artwork_event",
              "Alias": "artwork_event",
              "Startup Cost": 5.06,
              "Total Cost": 146.14,
              "Plan Rows": 100,
              "Plan Width": 16,
              "Actual Startup Time": 0.052,
              "Actual Total Time": 0.206,
              "Actual Rows": 34,
              "Actual Loops": 1,
              "Recheck Cond": "(eventid = '98ef94d5-f315-4548-adca-2ebd5fe26422'::uuid)",
              "Rows Removed by Index Recheck": 0,
              "Exact Heap Blocks": 32,
              "Lossy Heap Blocks": 0,
              "Plans": [
                {
                  "Node Type": "Bitmap Index Scan",
                  "Parent Relationship": "Outer",
                  "Parallel Aware": false,
                  "Async Capable": false,
                  "Index Name": "idx_artwork_event_eventid",
                  "Startup Cost": 0.00,
                  "Total Cost": 5.04,
                  "Plan Rows": 100,
                  "Plan Width": 0,
                  "Actual Startup Time": 0.032,
                  "Actual Total Time": 0.032,
                  "Actual Rows": 34,
                  "Actual Loops": 1,
                  "Index Cond": "(eventid = '98ef94d5-f315-4548-adca-2ebd5fe26422'::uuid)"
                }
              ]
            }
          ]
        }
      ]
    },
    "Planning Time": 0.611,
    "Triggers": [
    ],
    "Execution Time": 1.729
  }
][
  {
    "Plan": {
      "Node Type": "Hash Join",
      "Parallel Aware": false,
      "Async Capable": false,
      "Join Type": "Inner",
      "Startup Cost": 154.53,
      "Total Cost": 371.13,
      "Plan Rows": 105,
      "Plan Width": 516,
      "Actual Startup Time": 0.246,
      "Actual Total Time": 1.614,
      "Actual Rows": 40,
      "Actual Loops": 1,
      "Inner Unique": true,
      "Hash Cond": "(artworks.id = artwork_event.artworkid)",
      "Plans": [
        {
          "Node Type": "Seq Scan",
          "Parent Relationship": "Outer",
          "Parallel Aware": false,
          "Async Capable": false,
          "Relation Name": "artworks",
          "Alias": "artworks",
          "Startup Cost": 0.00,
          "Total Cost": 212.93,
          "Plan Rows": 1393,
          "Plan Width": 532,
          "Actual Startup Time": 0.007,
          "Actual Total Time": 0.829,
          "Actual Rows": 10000,
          "Actual Loops": 1
        },
        {
          "Node Type": "Hash",
          "Parent Relationship": "Inner",
          "Parallel Aware": false,
          "Async Capable": false,
          "Startup Cost": 153.22,
          "Total Cost": 153.22,
          "Plan Rows": 105,
          "Plan Width": 16,
          "Actual Startup Time": 0.179,
          "Actual Total Time": 0.180,
          "Actual Rows": 40,
          "Actual Loops": 1,
          "Hash Buckets": 1024,
          "Original Hash Buckets": 1024,
          "Hash Batches": 1,
          "Original Hash Batches": 1,
          "Peak Memory Usage": 10,
          "Plans": [
            {
              "Node Type": "Bitmap Heap Scan",
              "Parent Relationship": "Outer",
              "Parallel Aware": false,
              "Async Capable": false,
              "Relation Name": "artwork_event",
              "Alias": "artwork_event",
              "Startup Cost": 5.10,
              "Total Cost": 153.22,
              "Plan Rows": 105,
              "Plan Width": 16,
              "Actual Startup Time": 0.035,
              "Actual Total Time": 0.171,
              "Actual Rows": 40,
              "Actual Loops": 1,
              "Recheck Cond": "(eventid = 'dde4f5fa-c6a2-4724-9fed-9959f604cebe'::uuid)",
              "Rows Removed by Index Recheck": 0,
              "Exact Heap Blocks": 37,
              "Lossy Heap Blocks": 0,
              "Plans": [
                {
                  "Node Type": "Bitmap Index Scan",
                  "Parent Relationship": "Outer",
                  "Parallel Aware": false,
                  "Async Capable": false,
                  "Index Name": "idx_artwork_event_eventid",
                  "Startup Cost": 0.00,
                  "Total Cost": 5.07,
                  "Plan Rows": 105,
                  "Plan Width": 0,
                  "Actual Startup Time": 0.027,
                  "Actual Total Time": 0.027,
                  "Actual Rows": 40,
                  "Actual Loops": 1,
                  "Index Cond": "(eventid = 'dde4f5fa-c6a2-4724-9fed-9959f604cebe'::uuid)"
                }
              ]
            }
          ]
        }
      ]
    },
    "Planning Time": 0.514,
    "Triggers": [
    ],
    "Execution Time": 1.658
  }
][
  {
    "Plan": {
      "Node Type": "Hash Join",
      "Parallel Aware": false,
      "Async Capable": false,
      "Join Type": "Inner",
      "Startup Cost": 162.21,
      "Total Cost": 378.81,
      "Plan Rows": 110,
      "Plan Width": 516,
      "Actual Startup Time": 0.213,
      "Actual Total Time": 1.691,
      "Actual Rows": 34,
      "Actual Loops": 1,
      "Inner Unique": true,
      "Hash Cond": "(artworks.id = artwork_event.artworkid)",
      "Plans": [
        {
          "Node Type": "Seq Scan",
          "Parent Relationship": "Outer",
          "Parallel Aware": false,
          "Async Capable": false,
          "Relation Name": "artworks",
          "Alias": "artworks",
          "Startup Cost": 0.00,
          "Total Cost": 212.93,
          "Plan Rows": 1393,
          "Plan Width": 532,
          "Actual Startup Time": 0.008,
          "Actual Total Time": 0.865,
          "Actual Rows": 10000,
          "Actual Loops": 1
        },
        {
          "Node Type": "Hash",
          "Parent Relationship": "Inner",
          "Parallel Aware": false,
          "Async Capable": false,
          "Startup Cost": 160.83,
          "Total Cost": 160.83,
          "Plan Rows": 110,
          "Plan Width": 16,
          "Actual Startup Time": 0.186,
          "Actual Total Time": 0.187,
          "Actual Rows": 34,
          "Actual Loops": 1,
          "Hash Buckets": 1024,
          "Original Hash Buckets": 1024,
          "Hash Batches": 1,
          "Original Hash Batches": 1,
          "Peak Memory Usage": 10,
          "Plans": [
            {
              "Node Type": "Bitmap Heap Scan",
              "Parent Relationship": "Outer",
              "Parallel Aware": false,
              "Async Capable": false,
              "Relation Name": "artwork_event",
              "Alias": "artwork_event",
              "Startup Cost": 5.14,
              "Total Cost": 160.83,
              "Plan Rows": 110,
              "Plan Width": 16,
              "Actual Startup Time": 0.040,
              "Actual Total Time": 0.177,
              "Actual Rows": 34,
              "Actual Loops": 1,
              "Recheck Cond": "(eventid = 'f20ce29c-61e9-467c-bf4f-52725475e7ea'::uuid)",
              "Rows Removed by Index Recheck": 0,
              "Exact Heap Blocks": 28,
              "Lossy Heap Blocks": 0,
              "Plans": [
                {
                  "Node Type": "Bitmap Index Scan",
                  "Parent Relationship": "Outer",
                  "Parallel Aware": false,
                  "Async Capable": false,
                  "Index Name": "idx_artwork_event_eventid",
                  "Startup Cost": 0.00,
                  "Total Cost": 5.11,
                  "Plan Rows": 110,
                  "Plan Width": 0,
                  "Actual Startup Time": 0.025,
                  "Actual Total Time": 0.025,
                  "Actual Rows": 34,
                  "Actual Loops": 1,
                  "Index Cond": "(eventid = 'f20ce29c-61e9-467c-bf4f-52725475e7ea'::uuid)"
                }
              ]
            }
          ]
        }
      ]
    },
    "Planning Time": 0.627,
    "Triggers": [
    ],
    "Execution Time": 1.743
  }
][
  {
    "Plan": {
      "Node Type": "Hash Join",
      "Parallel Aware": false,
      "Async Capable": false,
      "Join Type": "Inner",
      "Startup Cost": 168.55,
      "Total Cost": 385.15,
      "Plan Rows": 115,
      "Plan Width": 516,
      "Actual Startup Time": 0.279,
      "Actual Total Time": 1.680,
      "Actual Rows": 53,
      "Actual Loops": 1,
      "Inner Unique": true,
      "Hash Cond": "(artworks.id = artwork_event.artworkid)",
      "Plans": [
        {
          "Node Type": "Seq Scan",
          "Parent Relationship": "Outer",
          "Parallel Aware": false,
          "Async Capable": false,
          "Relation Name": "artworks",
          "Alias": "artworks",
          "Startup Cost": 0.00,
          "Total Cost": 212.93,
          "Plan Rows": 1393,
          "Plan Width": 532,
          "Actual Startup Time": 0.007,
          "Actual Total Time": 0.839,
          "Actual Rows": 10000,
          "Actual Loops": 1
        },
        {
          "Node Type": "Hash",
          "Parent Relationship": "Inner",
          "Parallel Aware": false,
          "Async Capable": false,
          "Startup Cost": 167.11,
          "Total Cost": 167.11,
          "Plan Rows": 115,
          "Plan Width": 16,
          "Actual Startup Time": 0.248,
          "Actual Total Time": 0.249,
          "Actual Rows": 53,
          "Actual Loops": 1,
          "Hash Buckets": 1024,
          "Original Hash Buckets": 1024,
          "Hash Batches": 1,
          "Original Hash Batches": 1,
          "Peak Memory Usage": 11,
          "Plans": [
            {
              "Node Type": "Bitmap Heap Scan",
              "Parent Relationship": "Outer",
              "Parallel Aware": false,
              "Async Capable": false,
              "Relation Name": "artwork_event",
              "Alias": "artwork_event",
              "Startup Cost": 5.18,
              "Total Cost": 167.11,
              "Plan Rows": 115,
              "Plan Width": 16,
              "Actual Startup Time": 0.038,
              "Actual Total Time": 0.234,
              "Actual Rows": 53,
              "Actual Loops": 1,
              "Recheck Cond": "(eventid = '063643ec-d3ee-44bb-b15c-f19592c01585'::uuid)",
              "Rows Removed by Index Recheck": 0,
              "Exact Heap Blocks": 46,
              "Lossy Heap Blocks": 0,
              "Plans": [
                {
                  "Node Type": "Bitmap Index Scan",
                  "Parent Relationship": "Outer",
                  "Parallel Aware": false,
                  "Async Capable": false,
                  "Index Name": "idx_artwork_event_eventid",
                  "Startup Cost": 0.00,
                  "Total Cost": 5.15,
                  "Plan Rows": 115,
                  "Plan Width": 0,
                  "Actual Startup Time": 0.025,
                  "Actual Total Time": 0.025,
                  "Actual Rows": 53,
                  "Actual Loops": 1,
                  "Index Cond": "(eventid = '063643ec-d3ee-44bb-b15c-f19592c01585'::uuid)"
                }
              ]
            }
          ]
        }
      ]
    },
    "Planning Time": 0.489,
    "Triggers": [
    ],
    "Execution Time": 1.723
  }
][
  {
    "Plan": {
      "Node Type": "Hash Join",
      "Parallel Aware": false,
      "Async Capable": false,
      "Join Type": "Inner",
      "Startup Cost": 175.69,
      "Total Cost": 392.29,
      "Plan Rows": 120,
      "Plan Width": 516,
      "Actual Startup Time": 0.283,
      "Actual Total Time": 2.989,
      "Actual Rows": 37,
      "Actual Loops": 1,
      "Inner Unique": true,
      "Hash Cond": "(artworks.id = artwork_event.artworkid)",
      "Plans": [
        {
          "Node Type": "Seq Scan",
          "Parent Relationship": "Outer",
          "Parallel Aware": false,
          "Async Capable": false,
          "Relation Name": "artworks",
          "Alias": "artworks",
          "Startup Cost": 0.00,
          "Total Cost": 212.93,
          "Plan Rows": 1393,
          "Plan Width": 532,
          "Actual Startup Time": 0.008,
          "Actual Total Time": 1.632,
          "Actual Rows": 10000,
          "Actual Loops": 1
        },
        {
          "Node Type": "Hash",
          "Parent Relationship": "Inner",
          "Parallel Aware": false,
          "Async Capable": false,
          "Startup Cost": 174.19,
          "Total Cost": 174.19,
          "Plan Rows": 120,
          "Plan Width": 16,
          "Actual Startup Time": 0.245,
          "Actual Total Time": 0.250,
          "Actual Rows": 37,
          "Actual Loops": 1,
          "Hash Buckets": 1024,
          "Original Hash Buckets": 1024,
          "Hash Batches": 1,
          "Original Hash Batches": 1,
          "Peak Memory Usage": 10,
          "Plans": [
            {
              "Node Type": "Bitmap Heap Scan",
              "Parent Relationship": "Outer",
              "Parallel Aware": false,
              "Async Capable": false,
              "Relation Name": "artwork_event",
              "Alias": "artwork_event",
              "Startup Cost": 5.22,
              "Total Cost": 174.19,
              "Plan Rows": 120,
              "Plan Width": 16,
              "Actual Startup Time": 0.057,
              "Actual Total Time": 0.234,
              "Actual Rows": 37,
              "Actual Loops": 1,
              "Recheck Cond": "(eventid = '3661a82b-f782-4a14-8ec4-1f39344d42bf'::uuid)",
              "Rows Removed by Index Recheck": 0,
              "Exact Heap Blocks": 33,
              "Lossy Heap Blocks": 0,
              "Plans": [
                {
                  "Node Type": "Bitmap Index Scan",
                  "Parent Relationship": "Outer",
                  "Parallel Aware": false,
                  "Async Capable": false,
                  "Index Name": "idx_artwork_event_eventid",
                  "Startup Cost": 0.00,
                  "Total Cost": 5.19,
                  "Plan Rows": 120,
                  "Plan Width": 0,
                  "Actual Startup Time": 0.038,
                  "Actual Total Time": 0.039,
                  "Actual Rows": 37,
                  "Actual Loops": 1,
                  "Index Cond": "(eventid = '3661a82b-f782-4a14-8ec4-1f39344d42bf'::uuid)"
                }
              ]
            }
          ]
        }
      ]
    },
    "Planning Time": 0.541,
    "Triggers": [
    ],
    "Execution Time": 3.055
  }
][
  {
    "Plan": {
      "Node Type": "Hash Join",
      "Parallel Aware": false,
      "Async Capable": false,
      "Join Type": "Inner",
      "Startup Cost": 183.37,
      "Total Cost": 399.96,
      "Plan Rows": 125,
      "Plan Width": 516,
      "Actual Startup Time": 0.238,
      "Actual Total Time": 1.663,
      "Actual Rows": 37,
      "Actual Loops": 1,
      "Inner Unique": true,
      "Hash Cond": "(artworks.id = artwork_event.artworkid)",
      "Plans": [
        {
          "Node Type": "Seq Scan",
          "Parent Relationship": "Outer",
          "Parallel Aware": false,
          "Async Capable": false,
          "Relation Name": "artworks",
          "Alias": "artworks",
          "Startup Cost": 0.00,
          "Total Cost": 212.93,
          "Plan Rows": 1393,
          "Plan Width": 532,
          "Actual Startup Time": 0.007,
          "Actual Total Time": 0.890,
          "Actual Rows": 10000,
          "Actual Loops": 1
        },
        {
          "Node Type": "Hash",
          "Parent Relationship": "Inner",
          "Parallel Aware": false,
          "Async Capable": false,
          "Startup Cost": 181.80,
          "Total Cost": 181.80,
          "Plan Rows": 125,
          "Plan Width": 16,
          "Actual Startup Time": 0.181,
          "Actual Total Time": 0.182,
          "Actual Rows": 37,
          "Actual Loops": 1,
          "Hash Buckets": 1024,
          "Original Hash Buckets": 1024,
          "Hash Batches": 1,
          "Original Hash Batches": 1,
          "Peak Memory Usage": 10,
          "Plans": [
            {
              "Node Type": "Bitmap Heap Scan",
              "Parent Relationship": "Outer",
              "Parallel Aware": false,
              "Async Capable": false,
              "Relation Name": "artwork_event",
              "Alias": "artwork_event",
              "Startup Cost": 5.26,
              "Total Cost": 181.80,
              "Plan Rows": 125,
              "Plan Width": 16,
              "Actual Startup Time": 0.032,
              "Actual Total Time": 0.172,
              "Actual Rows": 37,
              "Actual Loops": 1,
              "Recheck Cond": "(eventid = '0d8dc66e-9081-4ad7-9757-fc64ef0bffe1'::uuid)",
              "Rows Removed by Index Recheck": 0,
              "Exact Heap Blocks": 33,
              "Lossy Heap Blocks": 0,
              "Plans": [
                {
                  "Node Type": "Bitmap Index Scan",
                  "Parent Relationship": "Outer",
                  "Parallel Aware": false,
                  "Async Capable": false,
                  "Index Name": "idx_artwork_event_eventid",
                  "Startup Cost": 0.00,
                  "Total Cost": 5.22,
                  "Plan Rows": 125,
                  "Plan Width": 0,
                  "Actual Startup Time": 0.018,
                  "Actual Total Time": 0.018,
                  "Actual Rows": 37,
                  "Actual Loops": 1,
                  "Index Cond": "(eventid = '0d8dc66e-9081-4ad7-9757-fc64ef0bffe1'::uuid)"
                }
              ]
            }
          ]
        }
      ]
    },
    "Planning Time": 0.554,
    "Triggers": [
    ],
    "Execution Time": 1.707
  }
][
  {
    "Plan": {
      "Node Type": "Hash Join",
      "Parallel Aware": false,
      "Async Capable": false,
      "Join Type": "Inner",
      "Startup Cost": 190.50,
      "Total Cost": 407.10,
      "Plan Rows": 130,
      "Plan Width": 516,
      "Actual Startup Time": 0.418,
      "Actual Total Time": 1.785,
      "Actual Rows": 68,
      "Actual Loops": 1,
      "Inner Unique": true,
      "Hash Cond": "(artworks.id = artwork_event.artworkid)",
      "Plans": [
        {
          "Node Type": "Seq Scan",
          "Parent Relationship": "Outer",
          "Parallel Aware": false,
          "Async Capable": false,
          "Relation Name": "artworks",
          "Alias": "artworks",
          "Startup Cost": 0.00,
          "Total Cost": 212.93,
          "Plan Rows": 1393,
          "Plan Width": 532,
          "Actual Startup Time": 0.051,
          "Actual Total Time": 0.890,
          "Actual Rows": 10000,
          "Actual Loops": 1
        },
        {
          "Node Type": "Hash",
          "Parent Relationship": "Inner",
          "Parallel Aware": false,
          "Async Capable": false,
          "Startup Cost": 188.88,
          "Total Cost": 188.88,
          "Plan Rows": 130,
          "Plan Width": 16,
          "Actual Startup Time": 0.267,
          "Actual Total Time": 0.267,
          "Actual Rows": 68,
          "Actual Loops": 1,
          "Hash Buckets": 1024,
          "Original Hash Buckets": 1024,
          "Hash Batches": 1,
          "Original Hash Batches": 1,
          "Peak Memory Usage": 12,
          "Plans": [
            {
              "Node Type": "Bitmap Heap Scan",
              "Parent Relationship": "Outer",
              "Parallel Aware": false,
              "Async Capable": false,
              "Relation Name": "artwork_event",
              "Alias": "artwork_event",
              "Startup Cost": 5.29,
              "Total Cost": 188.88,
              "Plan Rows": 130,
              "Plan Width": 16,
              "Actual Startup Time": 0.043,
              "Actual Total Time": 0.251,
              "Actual Rows": 68,
              "Actual Loops": 1,
              "Recheck Cond": "(eventid = 'ff775303-619e-4375-9bd0-12834ce1e26a'::uuid)",
              "Rows Removed by Index Recheck": 0,
              "Exact Heap Blocks": 57,
              "Lossy Heap Blocks": 0,
              "Plans": [
                {
                  "Node Type": "Bitmap Index Scan",
                  "Parent Relationship": "Outer",
                  "Parallel Aware": false,
                  "Async Capable": false,
                  "Index Name": "idx_artwork_event_eventid",
                  "Startup Cost": 0.00,
                  "Total Cost": 5.26,
                  "Plan Rows": 130,
                  "Plan Width": 0,
                  "Actual Startup Time": 0.033,
                  "Actual Total Time": 0.033,
                  "Actual Rows": 68,
                  "Actual Loops": 1,
                  "Index Cond": "(eventid = 'ff775303-619e-4375-9bd0-12834ce1e26a'::uuid)"
                }
              ]
            }
          ]
        }
      ]
    },
    "Planning Time": 0.504,
    "Triggers": [
    ],
    "Execution Time": 1.841
  }
][
  {
    "Plan": {
      "Node Type": "Hash Join",
      "Parallel Aware": false,
      "Async Capable": false,
      "Join Type": "Inner",
      "Startup Cost": 197.39,
      "Total Cost": 413.98,
      "Plan Rows": 135,
      "Plan Width": 516,
      "Actual Startup Time": 0.374,
      "Actual Total Time": 1.720,
      "Actual Rows": 58,
      "Actual Loops": 1,
      "Inner Unique": true,
      "Hash Cond": "(artworks.id = artwork_event.artworkid)",
      "Plans": [
        {
          "Node Type": "Seq Scan",
          "Parent Relationship": "Outer",
          "Parallel Aware": false,
          "Async Capable": false,
          "Relation Name": "artworks",
          "Alias": "artworks",
          "Startup Cost": 0.00,
          "Total Cost": 212.93,
          "Plan Rows": 1393,
          "Plan Width": 532,
          "Actual Startup Time": 0.007,
          "Actual Total Time": 0.862,
          "Actual Rows": 10000,
          "Actual Loops": 1
        },
        {
          "Node Type": "Hash",
          "Parent Relationship": "Inner",
          "Parallel Aware": false,
          "Async Capable": false,
          "Startup Cost": 195.70,
          "Total Cost": 195.70,
          "Plan Rows": 135,
          "Plan Width": 16,
          "Actual Startup Time": 0.268,
          "Actual Total Time": 0.269,
          "Actual Rows": 58,
          "Actual Loops": 1,
          "Hash Buckets": 1024,
          "Original Hash Buckets": 1024,
          "Hash Batches": 1,
          "Original Hash Batches": 1,
          "Peak Memory Usage": 11,
          "Plans": [
            {
              "Node Type": "Bitmap Heap Scan",
              "Parent Relationship": "Outer",
              "Parallel Aware": false,
              "Async Capable": false,
              "Relation Name": "artwork_event",
              "Alias": "artwork_event",
              "Startup Cost": 5.33,
              "Total Cost": 195.70,
              "Plan Rows": 135,
              "Plan Width": 16,
              "Actual Startup Time": 0.040,
              "Actual Total Time": 0.254,
              "Actual Rows": 58,
              "Actual Loops": 1,
              "Recheck Cond": "(eventid = '0e1b2214-2502-46ab-9a73-87c33b3775c8'::uuid)",
              "Rows Removed by Index Recheck": 0,
              "Exact Heap Blocks": 51,
              "Lossy Heap Blocks": 0,
              "Plans": [
                {
                  "Node Type": "Bitmap Index Scan",
                  "Parent Relationship": "Outer",
                  "Parallel Aware": false,
                  "Async Capable": false,
                  "Index Name": "idx_artwork_event_eventid",
                  "Startup Cost": 0.00,
                  "Total Cost": 5.30,
                  "Plan Rows": 135,
                  "Plan Width": 0,
                  "Actual Startup Time": 0.026,
                  "Actual Total Time": 0.026,
                  "Actual Rows": 58,
                  "Actual Loops": 1,
                  "Index Cond": "(eventid = '0e1b2214-2502-46ab-9a73-87c33b3775c8'::uuid)"
                }
              ]
            }
          ]
        }
      ]
    },
    "Planning Time": 0.598,
    "Triggers": [
    ],
    "Execution Time": 1.767
  }
][
  {
    "Plan": {
      "Node Type": "Hash Join",
      "Parallel Aware": false,
      "Async Capable": false,
      "Join Type": "Inner",
      "Startup Cost": 204.53,
      "Total Cost": 421.12,
      "Plan Rows": 140,
      "Plan Width": 516,
      "Actual Startup Time": 0.279,
      "Actual Total Time": 1.693,
      "Actual Rows": 57,
      "Actual Loops": 1,
      "Inner Unique": true,
      "Hash Cond": "(artworks.id = artwork_event.artworkid)",
      "Plans": [
        {
          "Node Type": "Seq Scan",
          "Parent Relationship": "Outer",
          "Parallel Aware": false,
          "Async Capable": false,
          "Relation Name": "artworks",
          "Alias": "artworks",
          "Startup Cost": 0.00,
          "Total Cost": 212.93,
          "Plan Rows": 1393,
          "Plan Width": 532,
          "Actual Startup Time": 0.007,
          "Actual Total Time": 0.840,
          "Actual Rows": 10000,
          "Actual Loops": 1
        },
        {
          "Node Type": "Hash",
          "Parent Relationship": "Inner",
          "Parallel Aware": false,
          "Async Capable": false,
          "Startup Cost": 202.78,
          "Total Cost": 202.78,
          "Plan Rows": 140,
          "Plan Width": 16,
          "Actual Startup Time": 0.257,
          "Actual Total Time": 0.258,
          "Actual Rows": 57,
          "Actual Loops": 1,
          "Hash Buckets": 1024,
          "Original Hash Buckets": 1024,
          "Hash Batches": 1,
          "Original Hash Batches": 1,
          "Peak Memory Usage": 11,
          "Plans": [
            {
              "Node Type": "Bitmap Heap Scan",
              "Parent Relationship": "Outer",
              "Parallel Aware": false,
              "Async Capable": false,
              "Relation Name": "artwork_event",
              "Alias": "artwork_event",
              "Startup Cost": 5.37,
              "Total Cost": 202.78,
              "Plan Rows": 140,
              "Plan Width": 16,
              "Actual Startup Time": 0.035,
              "Actual Total Time": 0.244,
              "Actual Rows": 57,
              "Actual Loops": 1,
              "Recheck Cond": "(eventid = 'f894b5e0-fe19-4036-b456-7d596b1a746b'::uuid)",
              "Rows Removed by Index Recheck": 0,
              "Exact Heap Blocks": 47,
              "Lossy Heap Blocks": 0,
              "Plans": [
                {
                  "Node Type": "Bitmap Index Scan",
                  "Parent Relationship": "Outer",
                  "Parallel Aware": false,
                  "Async Capable": false,
                  "Index Name": "idx_artwork_event_eventid",
                  "Startup Cost": 0.00,
                  "Total Cost": 5.34,
                  "Plan Rows": 140,
                  "Plan Width": 0,
                  "Actual Startup Time": 0.021,
                  "Actual Total Time": 0.021,
                  "Actual Rows": 57,
                  "Actual Loops": 1,
                  "Index Cond": "(eventid = 'f894b5e0-fe19-4036-b456-7d596b1a746b'::uuid)"
                }
              ]
            }
          ]
        }
      ]
    },
    "Planning Time": 0.516,
    "Triggers": [
    ],
    "Execution Time": 1.737
  }
][
  {
    "Plan": {
      "Node Type": "Hash Join",
      "Parallel Aware": false,
      "Async Capable": false,
      "Join Type": "Inner",
      "Startup Cost": 131.75,
      "Total Cost": 457.01,
      "Plan Rows": 55,
      "Plan Width": 26,
      "Actual Startup Time": 0.315,
      "Actual Total Time": 1.589,
      "Actual Rows": 58,
      "Actual Loops": 1,
      "Inner Unique": true,
      "Hash Cond": "(artworks.id = artwork_event.artworkid)",
      "Plans": [
        {
          "Node Type": "Seq Scan",
          "Parent Relationship": "Outer",
          "Parallel Aware": false,
          "Async Capable": false,
          "Relation Name": "artworks",
          "Alias": "artworks",
          "Startup Cost": 0.00,
          "Total Cost": 299.00,
          "Plan Rows": 10000,
          "Plan Width": 42,
          "Actual Startup Time": 0.007,
          "Actual Total Time": 0.524,
          "Actual Rows": 10000,
          "Actual Loops": 1
        },
        {
          "Node Type": "Hash",
          "Parent Relationship": "Inner",
          "Parallel Aware": false,
          "Async Capable": false,
          "Startup Cost": 131.06,
          "Total Cost": 131.06,
          "Plan Rows": 55,
          "Plan Width": 16,
          "Actual Startup Time": 0.242,
          "Actual Total Time": 0.242,
          "Actual Rows": 58,
          "Actual Loops": 1,
          "Hash Buckets": 1024,
          "Original Hash Buckets": 1024,
          "Hash Batches": 1,
          "Original Hash Batches": 1,
          "Peak Memory Usage": 11,
          "Plans": [
            {
              "Node Type": "Bitmap Heap Scan",
              "Parent Relationship": "Outer",
              "Parallel Aware": false,
              "Async Capable": false,
              "Relation Name": "artwork_event",
              "Alias": "artwork_event",
              "Startup Cost": 4.71,
              "Total Cost": 131.06,
              "Plan Rows": 55,
              "Plan Width": 16,
              "Actual Startup Time": 0.039,
              "Actual Total Time": 0.228,
              "Actual Rows": 58,
              "Actual Loops": 1,
              "Recheck Cond": "(eventid = 'f12f175f-e00f-48fd-9b6e-640ce25c1d11'::uuid)",
              "Rows Removed by Index Recheck": 0,
              "Exact Heap Blocks": 47,
              "Lossy Heap Blocks": 0,
              "Plans": [
                {
                  "Node Type": "Bitmap Index Scan",
                  "Parent Relationship": "Outer",
                  "Parallel Aware": false,
                  "Async Capable": false,
                  "Index Name": "idx_artwork_event_eventid",
                  "Startup Cost": 0.00,
                  "Total Cost": 4.70,
                  "Plan Rows": 55,
                  "Plan Width": 0,
                  "Actual Startup Time": 0.027,
                  "Actual Total Time": 0.027,
                  "Actual Rows": 58,
                  "Actual Loops": 1,
                  "Index Cond": "(eventid = 'f12f175f-e00f-48fd-9b6e-640ce25c1d11'::uuid)"
                }
              ]
            }
          ]
        }
      ]
    },
    "Planning Time": 0.674,
    "Triggers": [
    ],
    "Execution Time": 1.629
  }
][
  {
    "Plan": {
      "Node Type": "Hash Join",
      "Parallel Aware": false,
      "Async Capable": false,
      "Join Type": "Inner",
      "Startup Cost": 167.54,
      "Total Cost": 492.80,
      "Plan Rows": 81,
      "Plan Width": 26,
      "Actual Startup Time": 0.341,
      "Actual Total Time": 1.641,
      "Actual Rows": 76,
      "Actual Loops": 1,
      "Inner Unique": true,
      "Hash Cond": "(artworks.id = artwork_event.artworkid)",
      "Plans": [
        {
          "Node Type": "Seq Scan",
          "Parent Relationship": "Outer",
          "Parallel Aware": false,
          "Async Capable": false,
          "Relation Name": "artworks",
          "Alias": "artworks",
          "Startup Cost": 0.00,
          "Total Cost": 299.00,
          "Plan Rows": 10000,
          "Plan Width": 42,
          "Actual Startup Time": 0.007,
          "Actual Total Time": 0.520,
          "Actual Rows": 10000,
          "Actual Loops": 1
        },
        {
          "Node Type": "Hash",
          "Parent Relationship": "Inner",
          "Parallel Aware": false,
          "Async Capable": false,
          "Startup Cost": 166.52,
          "Total Cost": 166.52,
          "Plan Rows": 81,
          "Plan Width": 16,
          "Actual Startup Time": 0.296,
          "Actual Total Time": 0.297,
          "Actual Rows": 76,
          "Actual Loops": 1,
          "Hash Buckets": 1024,
          "Original Hash Buckets": 1024,
          "Hash Batches": 1,
          "Original Hash Batches": 1,
          "Peak Memory Usage": 12,
          "Plans": [
            {
              "Node Type": "Bitmap Heap Scan",
              "Parent Relationship": "Outer",
              "Parallel Aware": false,
              "Async Capable": false,
              "Relation Name": "artwork_event",
              "Alias": "artwork_event",
              "Startup Cost": 4.92,
              "Total Cost": 166.52,
              "Plan Rows": 81,
              "Plan Width": 16,
              "Actual Startup Time": 0.030,
              "Actual Total Time": 0.268,
              "Actual Rows": 76,
              "Actual Loops": 1,
              "Recheck Cond": "(eventid = '19b8e762-eddd-4be1-b9a1-78ee95d1346b'::uuid)",
              "Rows Removed by Index Recheck": 0,
              "Exact Heap Blocks": 61,
              "Lossy Heap Blocks": 0,
              "Plans": [
                {
                  "Node Type": "Bitmap Index Scan",
                  "Parent Relationship": "Outer",
                  "Parallel Aware": false,
                  "Async Capable": false,
                  "Index Name": "idx_artwork_event_eventid",
                  "Startup Cost": 0.00,
                  "Total Cost": 4.89,
                  "Plan Rows": 81,
                  "Plan Width": 0,
                  "Actual Startup Time": 0.022,
                  "Actual Total Time": 0.022,
                  "Actual Rows": 76,
                  "Actual Loops": 1,
                  "Index Cond": "(eventid = '19b8e762-eddd-4be1-b9a1-78ee95d1346b'::uuid)"
                }
              ]
            }
          ]
        }
      ]
    },
    "Planning Time": 0.825,
    "Triggers": [
    ],
    "Execution Time": 1.688
  }
][
  {
    "Plan": {
      "Node Type": "Hash Join",
      "Parallel Aware": false,
      "Async Capable": false,
      "Join Type": "Inner",
      "Startup Cost": 164.48,
      "Total Cost": 489.74,
      "Plan Rows": 76,
      "Plan Width": 26,
      "Actual Startup Time": 0.362,
      "Actual Total Time": 1.623,
      "Actual Rows": 73,
      "Actual Loops": 1,
      "Inner Unique": true,
      "Hash Cond": "(artworks.id = artwork_event.artworkid)",
      "Plans": [
        {
          "Node Type": "Seq Scan",
          "Parent Relationship": "Outer",
          "Parallel Aware": false,
          "Async Capable": false,
          "Relation Name": "artworks",
          "Alias": "artworks",
          "Startup Cost": 0.00,
          "Total Cost": 299.00,
          "Plan Rows": 10000,
          "Plan Width": 42,
          "Actual Startup Time": 0.007,
          "Actual Total Time": 0.527,
          "Actual Rows": 10000,
          "Actual Loops": 1
        },
        {
          "Node Type": "Hash",
          "Parent Relationship": "Inner",
          "Parallel Aware": false,
          "Async Capable": false,
          "Startup Cost": 163.53,
          "Total Cost": 163.53,
          "Plan Rows": 76,
          "Plan Width": 16,
          "Actual Startup Time": 0.308,
          "Actual Total Time": 0.308,
          "Actual Rows": 73,
          "Actual Loops": 1,
          "Hash Buckets": 1024,
          "Original Hash Buckets": 1024,
          "Hash Batches": 1,
          "Original Hash Batches": 1,
          "Peak Memory Usage": 12,
          "Plans": [
            {
              "Node Type": "Bitmap Heap Scan",
              "Parent Relationship": "Outer",
              "Parallel Aware": false,
              "Async Capable": false,
              "Relation Name": "artwork_event",
              "Alias": "artwork_event",
              "Startup Cost": 4.88,
              "Total Cost": 163.53,
              "Plan Rows": 76,
              "Plan Width": 16,
              "Actual Startup Time": 0.045,
              "Actual Total Time": 0.285,
              "Actual Rows": 73,
              "Actual Loops": 1,
              "Recheck Cond": "(eventid = '4db78b2f-7cda-44a1-a9c0-957473182922'::uuid)",
              "Rows Removed by Index Recheck": 0,
              "Exact Heap Blocks": 61,
              "Lossy Heap Blocks": 0,
              "Plans": [
                {
                  "Node Type": "Bitmap Index Scan",
                  "Parent Relationship": "Outer",
                  "Parallel Aware": false,
                  "Async Capable": false,
                  "Index Name": "idx_artwork_event_eventid",
                  "Startup Cost": 0.00,
                  "Total Cost": 4.86,
                  "Plan Rows": 76,
                  "Plan Width": 0,
                  "Actual Startup Time": 0.033,
                  "Actual Total Time": 0.033,
                  "Actual Rows": 73,
                  "Actual Loops": 1,
                  "Index Cond": "(eventid = '4db78b2f-7cda-44a1-a9c0-957473182922'::uuid)"
                }
              ]
            }
          ]
        }
      ]
    },
    "Planning Time": 0.737,
    "Triggers": [
    ],
    "Execution Time": 1.677
  }
][
  {
    "Plan": {
      "Node Type": "Hash Join",
      "Parallel Aware": false,
      "Async Capable": false,
      "Join Type": "Inner",
      "Startup Cost": 146.63,
      "Total Cost": 471.89,
      "Plan Rows": 61,
      "Plan Width": 26,
      "Actual Startup Time": 0.307,
      "Actual Total Time": 1.572,
      "Actual Rows": 57,
      "Actual Loops": 1,
      "Inner Unique": true,
      "Hash Cond": "(artworks.id = artwork_event.artworkid)",
      "Plans": [
        {
          "Node Type": "Seq Scan",
          "Parent Relationship": "Outer",
          "Parallel Aware": false,
          "Async Capable": false,
          "Relation Name": "artworks",
          "Alias": "artworks",
          "Startup Cost": 0.00,
          "Total Cost": 299.00,
          "Plan Rows": 10000,
          "Plan Width": 42,
          "Actual Startup Time": 0.007,
          "Actual Total Time": 0.523,
          "Actual Rows": 10000,
          "Actual Loops": 1
        },
        {
          "Node Type": "Hash",
          "Parent Relationship": "Inner",
          "Parallel Aware": false,
          "Async Capable": false,
          "Startup Cost": 145.87,
          "Total Cost": 145.87,
          "Plan Rows": 61,
          "Plan Width": 16,
          "Actual Startup Time": 0.254,
          "Actual Total Time": 0.255,
          "Actual Rows": 57,
          "Actual Loops": 1,
          "Hash Buckets": 1024,
          "Original Hash Buckets": 1024,
          "Hash Batches": 1,
          "Original Hash Batches": 1,
          "Peak Memory Usage": 11,
          "Plans": [
            {
              "Node Type": "Bitmap Heap Scan",
              "Parent Relationship": "Outer",
              "Parallel Aware": false,
              "Async Capable": false,
              "Relation Name": "artwork_event",
              "Alias": "artwork_event",
              "Startup Cost": 4.76,
              "Total Cost": 145.87,
              "Plan Rows": 61,
              "Plan Width": 16,
              "Actual Startup Time": 0.040,
              "Actual Total Time": 0.240,
              "Actual Rows": 57,
              "Actual Loops": 1,
              "Recheck Cond": "(eventid = 'c6eecfb7-8f11-4fe7-a26e-ab2f18c00da6'::uuid)",
              "Rows Removed by Index Recheck": 0,
              "Exact Heap Blocks": 46,
              "Lossy Heap Blocks": 0,
              "Plans": [
                {
                  "Node Type": "Bitmap Index Scan",
                  "Parent Relationship": "Outer",
                  "Parallel Aware": false,
                  "Async Capable": false,
                  "Index Name": "idx_artwork_event_eventid",
                  "Startup Cost": 0.00,
                  "Total Cost": 4.74,
                  "Plan Rows": 61,
                  "Plan Width": 0,
                  "Actual Startup Time": 0.028,
                  "Actual Total Time": 0.028,
                  "Actual Rows": 57,
                  "Actual Loops": 1,
                  "Index Cond": "(eventid = 'c6eecfb7-8f11-4fe7-a26e-ab2f18c00da6'::uuid)"
                }
              ]
            }
          ]
        }
      ]
    },
    "Planning Time": 0.756,
    "Triggers": [
    ],
    "Execution Time": 1.616
  }
][
  {
    "Plan": {
      "Node Type": "Hash Join",
      "Parallel Aware": false,
      "Async Capable": false,
      "Join Type": "Inner",
      "Startup Cost": 149.87,
      "Total Cost": 475.13,
      "Plan Rows": 63,
      "Plan Width": 26,
      "Actual Startup Time": 0.443,
      "Actual Total Time": 1.765,
      "Actual Rows": 65,
      "Actual Loops": 1,
      "Inner Unique": true,
      "Hash Cond": "(artworks.id = artwork_event.artworkid)",
      "Plans": [
        {
          "Node Type": "Seq Scan",
          "Parent Relationship": "Outer",
          "Parallel Aware": false,
          "Async Capable": false,
          "Relation Name": "artworks",
          "Alias": "artworks",
          "Startup Cost": 0.00,
          "Total Cost": 299.00,
          "Plan Rows": 10000,
          "Plan Width": 42,
          "Actual Startup Time": 0.015,
          "Actual Total Time": 0.540,
          "Actual Rows": 10000,
          "Actual Loops": 1
        },
        {
          "Node Type": "Hash",
          "Parent Relationship": "Inner",
          "Parallel Aware": false,
          "Async Capable": false,
          "Startup Cost": 149.08,
          "Total Cost": 149.08,
          "Plan Rows": 63,
          "Plan Width": 16,
          "Actual Startup Time": 0.385,
          "Actual Total Time": 0.386,
          "Actual Rows": 65,
          "Actual Loops": 1,
          "Hash Buckets": 1024,
          "Original Hash Buckets": 1024,
          "Hash Batches": 1,
          "Original Hash Batches": 1,
          "Peak Memory Usage": 12,
          "Plans": [
            {
              "Node Type": "Bitmap Heap Scan",
              "Parent Relationship": "Outer",
              "Parallel Aware": false,
              "Async Capable": false,
              "Relation Name": "artwork_event",
              "Alias": "artwork_event",
              "Startup Cost": 4.78,
              "Total Cost": 149.08,
              "Plan Rows": 63,
              "Plan Width": 16,
              "Actual Startup Time": 0.065,
              "Actual Total Time": 0.367,
              "Actual Rows": 65,
              "Actual Loops": 1,
              "Recheck Cond": "(eventid = '13fd7da9-45f1-4d77-9f40-82b842e02d80'::uuid)",
              "Rows Removed by Index Recheck": 0,
              "Exact Heap Blocks": 56,
              "Lossy Heap Blocks": 0,
              "Plans": [
                {
                  "Node Type": "Bitmap Index Scan",
                  "Parent Relationship": "Outer",
                  "Parallel Aware": false,
                  "Async Capable": false,
                  "Index Name": "idx_artwork_event_eventid",
                  "Startup Cost": 0.00,
                  "Total Cost": 4.76,
                  "Plan Rows": 63,
                  "Plan Width": 0,
                  "Actual Startup Time": 0.049,
                  "Actual Total Time": 0.049,
                  "Actual Rows": 65,
                  "Actual Loops": 1,
                  "Index Cond": "(eventid = '13fd7da9-45f1-4d77-9f40-82b842e02d80'::uuid)"
                }
              ]
            }
          ]
        }
      ]
    },
    "Planning Time": 0.813,
    "Triggers": [
    ],
    "Execution Time": 1.839
  }
][
  {
    "Plan": {
      "Node Type": "Hash Join",
      "Parallel Aware": false,
      "Async Capable": false,
      "Join Type": "Inner",
      "Startup Cost": 170.93,
      "Total Cost": 496.19,
      "Plan Rows": 76,
      "Plan Width": 26,
      "Actual Startup Time": 0.352,
      "Actual Total Time": 1.622,
      "Actual Rows": 74,
      "Actual Loops": 1,
      "Inner Unique": true,
      "Hash Cond": "(artworks.id = artwork_event.artworkid)",
      "Plans": [
        {
          "Node Type": "Seq Scan",
          "Parent Relationship": "Outer",
          "Parallel Aware": false,
          "Async Capable": false,
          "Relation Name": "artworks",
          "Alias": "artworks",
          "Startup Cost": 0.00,
          "Total Cost": 299.00,
          "Plan Rows": 10000,
          "Plan Width": 42,
          "Actual Startup Time": 0.007,
          "Actual Total Time": 0.521,
          "Actual Rows": 10000,
          "Actual Loops": 1
        },
        {
          "Node Type": "Hash",
          "Parent Relationship": "Inner",
          "Parallel Aware": false,
          "Async Capable": false,
          "Startup Cost": 169.98,
          "Total Cost": 169.98,
          "Plan Rows": 76,
          "Plan Width": 16,
          "Actual Startup Time": 0.313,
          "Actual Total Time": 0.314,
          "Actual Rows": 74,
          "Actual Loops": 1,
          "Hash Buckets": 1024,
          "Original Hash Buckets": 1024,
          "Hash Batches": 1,
          "Original Hash Batches": 1,
          "Peak Memory Usage": 12,
          "Plans": [
            {
              "Node Type": "Bitmap Heap Scan",
              "Parent Relationship": "Outer",
              "Parallel Aware": false,
              "Async Capable": false,
              "Relation Name": "artwork_event",
              "Alias": "artwork_event",
              "Startup Cost": 4.88,
              "Total Cost": 169.98,
              "Plan Rows": 76,
              "Plan Width": 16,
              "Actual Startup Time": 0.057,
              "Actual Total Time": 0.297,
              "Actual Rows": 74,
              "Actual Loops": 1,
              "Recheck Cond": "(eventid = 'bd091a2c-ec92-453a-86c5-3f569670791e'::uuid)",
              "Rows Removed by Index Recheck": 0,
              "Exact Heap Blocks": 62,
              "Lossy Heap Blocks": 0,
              "Plans": [
                {
                  "Node Type": "Bitmap Index Scan",
                  "Parent Relationship": "Outer",
                  "Parallel Aware": false,
                  "Async Capable": false,
                  "Index Name": "idx_artwork_event_eventid",
                  "Startup Cost": 0.00,
                  "Total Cost": 4.86,
                  "Plan Rows": 76,
                  "Plan Width": 0,
                  "Actual Startup Time": 0.027,
                  "Actual Total Time": 0.027,
                  "Actual Rows": 74,
                  "Actual Loops": 1,
                  "Index Cond": "(eventid = 'bd091a2c-ec92-453a-86c5-3f569670791e'::uuid)"
                }
              ]
            }
          ]
        }
      ]
    },
    "Planning Time": 0.672,
    "Triggers": [
    ],
    "Execution Time": 1.664
  }
][
  {
    "Plan": {
      "Node Type": "Hash Join",
      "Parallel Aware": false,
      "Async Capable": false,
      "Join Type": "Inner",
      "Startup Cost": 159.85,
      "Total Cost": 485.11,
      "Plan Rows": 67,
      "Plan Width": 26,
      "Actual Startup Time": 0.372,
      "Actual Total Time": 1.615,
      "Actual Rows": 75,
      "Actual Loops": 1,
      "Inner Unique": true,
      "Hash Cond": "(artworks.id = artwork_event.artworkid)",
      "Plans": [
        {
          "Node Type": "Seq Scan",
          "Parent Relationship": "Outer",
          "Parallel Aware": false,
          "Async Capable": false,
          "Relation Name": "artworks",
          "Alias": "artworks",
          "Startup Cost": 0.00,
          "Total Cost": 299.00,
          "Plan Rows": 10000,
          "Plan Width": 42,
          "Actual Startup Time": 0.007,
          "Actual Total Time": 0.517,
          "Actual Rows": 10000,
          "Actual Loops": 1
        },
        {
          "Node Type": "Hash",
          "Parent Relationship": "Inner",
          "Parallel Aware": false,
          "Async Capable": false,
          "Startup Cost": 159.01,
          "Total Cost": 159.01,
          "Plan Rows": 67,
          "Plan Width": 16,
          "Actual Startup Time": 0.315,
          "Actual Total Time": 0.316,
          "Actual Rows": 75,
          "Actual Loops": 1,
          "Hash Buckets": 1024,
          "Original Hash Buckets": 1024,
          "Hash Batches": 1,
          "Original Hash Batches": 1,
          "Peak Memory Usage": 12,
          "Plans": [
            {
              "Node Type": "Bitmap Heap Scan",
              "Parent Relationship": "Outer",
              "Parallel Aware": false,
              "Async Capable": false,
              "Relation Name": "artwork_event",
              "Alias": "artwork_event",
              "Startup Cost": 4.81,
              "Total Cost": 159.01,
              "Plan Rows": 67,
              "Plan Width": 16,
              "Actual Startup Time": 0.036,
              "Actual Total Time": 0.302,
              "Actual Rows": 75,
              "Actual Loops": 1,
              "Recheck Cond": "(eventid = '6c0ab508-3725-4469-ad77-6cf7fc18a672'::uuid)",
              "Rows Removed by Index Recheck": 0,
              "Exact Heap Blocks": 66,
              "Lossy Heap Blocks": 0,
              "Plans": [
                {
                  "Node Type": "Bitmap Index Scan",
                  "Parent Relationship": "Outer",
                  "Parallel Aware": false,
                  "Async Capable": false,
                  "Index Name": "idx_artwork_event_eventid",
                  "Startup Cost": 0.00,
                  "Total Cost": 4.79,
                  "Plan Rows": 67,
                  "Plan Width": 0,
                  "Actual Startup Time": 0.027,
                  "Actual Total Time": 0.027,
                  "Actual Rows": 75,
                  "Actual Loops": 1,
                  "Index Cond": "(eventid = '6c0ab508-3725-4469-ad77-6cf7fc18a672'::uuid)"
                }
              ]
            }
          ]
        }
      ]
    },
    "Planning Time": 0.696,
    "Triggers": [
    ],
    "Execution Time": 1.657
  }
][
  {
    "Plan": {
      "Node Type": "Hash Join",
      "Parallel Aware": false,
      "Async Capable": false,
      "Join Type": "Inner",
      "Startup Cost": 164.75,
      "Total Cost": 490.01,
      "Plan Rows": 69,
      "Plan Width": 26,
      "Actual Startup Time": 0.344,
      "Actual Total Time": 1.686,
      "Actual Rows": 65,
      "Actual Loops": 1,
      "Inner Unique": true,
      "Hash Cond": "(artworks.id = artwork_event.artworkid)",
      "Plans": [
        {
          "Node Type": "Seq Scan",
          "Parent Relationship": "Outer",
          "Parallel Aware": false,
          "Async Capable": false,
          "Relation Name": "artworks",
          "Alias": "artworks",
          "Startup Cost": 0.00,
          "Total Cost": 299.00,
          "Plan Rows": 10000,
          "Plan Width": 42,
          "Actual Startup Time": 0.007,
          "Actual Total Time": 0.547,
          "Actual Rows": 10000,
          "Actual Loops": 1
        },
        {
          "Node Type": "Hash",
          "Parent Relationship": "Inner",
          "Parallel Aware": false,
          "Async Capable": false,
          "Startup Cost": 163.89,
          "Total Cost": 163.89,
          "Plan Rows": 69,
          "Plan Width": 16,
          "Actual Startup Time": 0.311,
          "Actual Total Time": 0.313,
          "Actual Rows": 65,
          "Actual Loops": 1,
          "Hash Buckets": 1024,
          "Original Hash Buckets": 1024,
          "Hash Batches": 1,
          "Original Hash Batches": 1,
          "Peak Memory Usage": 12,
          "Plans": [
            {
              "Node Type": "Bitmap Heap Scan",
              "Parent Relationship": "Outer",
              "Parallel Aware": false,
              "Async Capable": false,
              "Relation Name": "artwork_event",
              "Alias": "artwork_event",
              "Startup Cost": 4.82,
              "Total Cost": 163.89,
              "Plan Rows": 69,
              "Plan Width": 16,
              "Actual Startup Time": 0.037,
              "Actual Total Time": 0.297,
              "Actual Rows": 65,
              "Actual Loops": 1,
              "Recheck Cond": "(eventid = '9e59d69e-a2f2-4fd1-8634-f131b4441d22'::uuid)",
              "Rows Removed by Index Recheck": 0,
              "Exact Heap Blocks": 60,
              "Lossy Heap Blocks": 0,
              "Plans": [
                {
                  "Node Type": "Bitmap Index Scan",
                  "Parent Relationship": "Outer",
                  "Parallel Aware": false,
                  "Async Capable": false,
                  "Index Name": "idx_artwork_event_eventid",
                  "Startup Cost": 0.00,
                  "Total Cost": 4.81,
                  "Plan Rows": 69,
                  "Plan Width": 0,
                  "Actual Startup Time": 0.029,
                  "Actual Total Time": 0.030,
                  "Actual Rows": 65,
                  "Actual Loops": 1,
                  "Index Cond": "(eventid = '9e59d69e-a2f2-4fd1-8634-f131b4441d22'::uuid)"
                }
              ]
            }
          ]
        }
      ]
    },
    "Planning Time": 0.758,
    "Triggers": [
    ],
    "Execution Time": 1.730
  }
][
  {
    "Plan": {
      "Node Type": "Hash Join",
      "Parallel Aware": false,
      "Async Capable": false,
      "Join Type": "Inner",
      "Startup Cost": 167.79,
      "Total Cost": 493.05,
      "Plan Rows": 70,
      "Plan Width": 26,
      "Actual Startup Time": 0.405,
      "Actual Total Time": 1.796,
      "Actual Rows": 68,
      "Actual Loops": 1,
      "Inner Unique": true,
      "Hash Cond": "(artworks.id = artwork_event.artworkid)",
      "Plans": [
        {
          "Node Type": "Seq Scan",
          "Parent Relationship": "Outer",
          "Parallel Aware": false,
          "Async Capable": false,
          "Relation Name": "artworks",
          "Alias": "artworks",
          "Startup Cost": 0.00,
          "Total Cost": 299.00,
          "Plan Rows": 10000,
          "Plan Width": 42,
          "Actual Startup Time": 0.007,
          "Actual Total Time": 0.556,
          "Actual Rows": 10000,
          "Actual Loops": 1
        },
        {
          "Node Type": "Hash",
          "Parent Relationship": "Inner",
          "Parallel Aware": false,
          "Async Capable": false,
          "Startup Cost": 166.91,
          "Total Cost": 166.91,
          "Plan Rows": 70,
          "Plan Width": 16,
          "Actual Startup Time": 0.360,
          "Actual Total Time": 0.362,
          "Actual Rows": 68,
          "Actual Loops": 1,
          "Hash Buckets": 1024,
          "Original Hash Buckets": 1024,
          "Hash Batches": 1,
          "Original Hash Batches": 1,
          "Peak Memory Usage": 12,
          "Plans": [
            {
              "Node Type": "Bitmap Heap Scan",
              "Parent Relationship": "Outer",
              "Parallel Aware": false,
              "Async Capable": false,
              "Relation Name": "artwork_event",
              "Alias": "artwork_event",
              "Startup Cost": 4.83,
              "Total Cost": 166.91,
              "Plan Rows": 70,
              "Plan Width": 16,
              "Actual Startup Time": 0.045,
              "Actual Total Time": 0.325,
              "Actual Rows": 68,
              "Actual Loops": 1,
              "Recheck Cond": "(eventid = '037a2d6c-47bb-405f-8536-68e3cc3e3ef6'::uuid)",
              "Rows Removed by Index Recheck": 0,
              "Exact Heap Blocks": 63,
              "Lossy Heap Blocks": 0,
              "Plans": [
                {
                  "Node Type": "Bitmap Index Scan",
                  "Parent Relationship": "Outer",
                  "Parallel Aware": false,
                  "Async Capable": false,
                  "Index Name": "idx_artwork_event_eventid",
                  "Startup Cost": 0.00,
                  "Total Cost": 4.82,
                  "Plan Rows": 70,
                  "Plan Width": 0,
                  "Actual Startup Time": 0.031,
                  "Actual Total Time": 0.031,
                  "Actual Rows": 68,
                  "Actual Loops": 1,
                  "Index Cond": "(eventid = '037a2d6c-47bb-405f-8536-68e3cc3e3ef6'::uuid)"
                }
              ]
            }
          ]
        }
      ]
    },
    "Planning Time": 0.714,
    "Triggers": [
    ],
    "Execution Time": 1.843
  }
][
  {
    "Plan": {
      "Node Type": "Hash Join",
      "Parallel Aware": false,
      "Async Capable": false,
      "Join Type": "Inner",
      "Startup Cost": 171.02,
      "Total Cost": 496.28,
      "Plan Rows": 72,
      "Plan Width": 26,
      "Actual Startup Time": 0.348,
      "Actual Total Time": 1.753,
      "Actual Rows": 75,
      "Actual Loops": 1,
      "Inner Unique": true,
      "Hash Cond": "(artworks.id = artwork_event.artworkid)",
      "Plans": [
        {
          "Node Type": "Seq Scan",
          "Parent Relationship": "Outer",
          "Parallel Aware": false,
          "Async Capable": false,
          "Relation Name": "artworks",
          "Alias": "artworks",
          "Startup Cost": 0.00,
          "Total Cost": 299.00,
          "Plan Rows": 10000,
          "Plan Width": 42,
          "Actual Startup Time": 0.007,
          "Actual Total Time": 0.557,
          "Actual Rows": 10000,
          "Actual Loops": 1
        },
        {
          "Node Type": "Hash",
          "Parent Relationship": "Inner",
          "Parallel Aware": false,
          "Async Capable": false,
          "Startup Cost": 170.12,
          "Total Cost": 170.12,
          "Plan Rows": 72,
          "Plan Width": 16,
          "Actual Startup Time": 0.322,
          "Actual Total Time": 0.324,
          "Actual Rows": 75,
          "Actual Loops": 1,
          "Hash Buckets": 1024,
          "Original Hash Buckets": 1024,
          "Hash Batches": 1,
          "Original Hash Batches": 1,
          "Peak Memory Usage": 12,
          "Plans": [
            {
              "Node Type": "Bitmap Heap Scan",
              "Parent Relationship": "Outer",
              "Parallel Aware": false,
              "Async Capable": false,
              "Relation Name": "artwork_event",
              "Alias": "artwork_event",
              "Startup Cost": 4.85,
              "Total Cost": 170.12,
              "Plan Rows": 72,
              "Plan Width": 16,
              "Actual Startup Time": 0.046,
              "Actual Total Time": 0.305,
              "Actual Rows": 75,
              "Actual Loops": 1,
              "Recheck Cond": "(eventid = 'c3c5c322-8e5e-44b4-8331-cf7915c8be36'::uuid)",
              "Rows Removed by Index Recheck": 0,
              "Exact Heap Blocks": 62,
              "Lossy Heap Blocks": 0,
              "Plans": [
                {
                  "Node Type": "Bitmap Index Scan",
                  "Parent Relationship": "Outer",
                  "Parallel Aware": false,
                  "Async Capable": false,
                  "Index Name": "idx_artwork_event_eventid",
                  "Startup Cost": 0.00,
                  "Total Cost": 4.83,
                  "Plan Rows": 72,
                  "Plan Width": 0,
                  "Actual Startup Time": 0.031,
                  "Actual Total Time": 0.032,
                  "Actual Rows": 75,
                  "Actual Loops": 1,
                  "Index Cond": "(eventid = 'c3c5c322-8e5e-44b4-8331-cf7915c8be36'::uuid)"
                }
              ]
            }
          ]
        }
      ]
    },
    "Planning Time": 0.702,
    "Triggers": [
    ],
    "Execution Time": 1.798
  }
][
  {
    "Plan": {
      "Node Type": "Hash Join",
      "Parallel Aware": false,
      "Async Capable": false,
      "Join Type": "Inner",
      "Startup Cost": 207.37,
      "Total Cost": 532.63,
      "Plan Rows": 97,
      "Plan Width": 26,
      "Actual Startup Time": 0.448,
      "Actual Total Time": 1.785,
      "Actual Rows": 88,
      "Actual Loops": 1,
      "Inner Unique": true,
      "Hash Cond": "(artworks.id = artwork_event.artworkid)",
      "Plans": [
        {
          "Node Type": "Seq Scan",
          "Parent Relationship": "Outer",
          "Parallel Aware": false,
          "Async Capable": false,
          "Relation Name": "artworks",
          "Alias": "artworks",
          "Startup Cost": 0.00,
          "Total Cost": 299.00,
          "Plan Rows": 10000,
          "Plan Width": 42,
          "Actual Startup Time": 0.008,
          "Actual Total Time": 0.534,
          "Actual Rows": 10000,
          "Actual Loops": 1
        },
        {
          "Node Type": "Hash",
          "Parent Relationship": "Inner",
          "Parallel Aware": false,
          "Async Capable": false,
          "Startup Cost": 206.16,
          "Total Cost": 206.16,
          "Plan Rows": 97,
          "Plan Width": 16,
          "Actual Startup Time": 0.386,
          "Actual Total Time": 0.386,
          "Actual Rows": 88,
          "Actual Loops": 1,
          "Hash Buckets": 1024,
          "Original Hash Buckets": 1024,
          "Hash Batches": 1,
          "Original Hash Batches": 1,
          "Peak Memory Usage": 13,
          "Plans": [
            {
              "Node Type": "Bitmap Heap Scan",
              "Parent Relationship": "Outer",
              "Parallel Aware": false,
              "Async Capable": false,
              "Relation Name": "artwork_event",
              "Alias": "artwork_event",
              "Startup Cost": 5.04,
              "Total Cost": 206.16,
              "Plan Rows": 97,
              "Plan Width": 16,
              "Actual Startup Time": 0.052,
              "Actual Total Time": 0.370,
              "Actual Rows": 88,
              "Actual Loops": 1,
              "Recheck Cond": "(eventid = 'cbd61b82-3cbf-4d27-b242-ef5bd06a55ad'::uuid)",
              "Rows Removed by Index Recheck": 0,
              "Exact Heap Blocks": 79,
              "Lossy Heap Blocks": 0,
              "Plans": [
                {
                  "Node Type": "Bitmap Index Scan",
                  "Parent Relationship": "Outer",
                  "Parallel Aware": false,
                  "Async Capable": false,
                  "Index Name": "idx_artwork_event_eventid",
                  "Startup Cost": 0.00,
                  "Total Cost": 5.02,
                  "Plan Rows": 97,
                  "Plan Width": 0,
                  "Actual Startup Time": 0.037,
                  "Actual Total Time": 0.037,
                  "Actual Rows": 88,
                  "Actual Loops": 1,
                  "Index Cond": "(eventid = 'cbd61b82-3cbf-4d27-b242-ef5bd06a55ad'::uuid)"
                }
              ]
            }
          ]
        }
      ]
    },
    "Planning Time": 0.849,
    "Triggers": [
    ],
    "Execution Time": 1.837
  }
][
  {
    "Plan": {
      "Node Type": "Hash Join",
      "Parallel Aware": false,
      "Async Capable": false,
      "Join Type": "Inner",
      "Startup Cost": 180.84,
      "Total Cost": 506.10,
      "Plan Rows": 76,
      "Plan Width": 26,
      "Actual Startup Time": 0.306,
      "Actual Total Time": 1.613,
      "Actual Rows": 74,
      "Actual Loops": 1,
      "Inner Unique": true,
      "Hash Cond": "(artworks.id = artwork_event.artworkid)",
      "Plans": [
        {
          "Node Type": "Seq Scan",
          "Parent Relationship": "Outer",
          "Parallel Aware": false,
          "Async Capable": false,
          "Relation Name": "artworks",
          "Alias": "artworks",
          "Startup Cost": 0.00,
          "Total Cost": 299.00,
          "Plan Rows": 10000,
          "Plan Width": 42,
          "Actual Startup Time": 0.006,
          "Actual Total Time": 0.528,
          "Actual Rows": 10000,
          "Actual Loops": 1
        },
        {
          "Node Type": "Hash",
          "Parent Relationship": "Inner",
          "Parallel Aware": false,
          "Async Capable": false,
          "Startup Cost": 179.89,
          "Total Cost": 179.89,
          "Plan Rows": 76,
          "Plan Width": 16,
          "Actual Startup Time": 0.281,
          "Actual Total Time": 0.282,
          "Actual Rows": 74,
          "Actual Loops": 1,
          "Hash Buckets": 1024,
          "Original Hash Buckets": 1024,
          "Hash Batches": 1,
          "Original Hash Batches": 1,
          "Peak Memory Usage": 12,
          "Plans": [
            {
              "Node Type": "Bitmap Heap Scan",
              "Parent Relationship": "Outer",
              "Parallel Aware": false,
              "Async Capable": false,
              "Relation Name": "artwork_event",
              "Alias": "artwork_event",
              "Startup Cost": 4.88,
              "Total Cost": 179.89,
              "Plan Rows": 76,
              "Plan Width": 16,
              "Actual Startup Time": 0.029,
              "Actual Total Time": 0.270,
              "Actual Rows": 74,
              "Actual Loops": 1,
              "Recheck Cond": "(eventid = 'bb83d1c1-2689-4e7f-b650-09cba576b09d'::uuid)",
              "Rows Removed by Index Recheck": 0,
              "Exact Heap Blocks": 65,
              "Lossy Heap Blocks": 0,
              "Plans": [
                {
                  "Node Type": "Bitmap Index Scan",
                  "Parent Relationship": "Outer",
                  "Parallel Aware": false,
                  "Async Capable": false,
                  "Index Name": "idx_artwork_event_eventid",
                  "Startup Cost": 0.00,
                  "Total Cost": 4.86,
                  "Plan Rows": 76,
                  "Plan Width": 0,
                  "Actual Startup Time": 0.020,
                  "Actual Total Time": 0.020,
                  "Actual Rows": 74,
                  "Actual Loops": 1,
                  "Index Cond": "(eventid = 'bb83d1c1-2689-4e7f-b650-09cba576b09d'::uuid)"
                }
              ]
            }
          ]
        }
      ]
    },
    "Planning Time": 0.707,
    "Triggers": [
    ],
    "Execution Time": 1.658
  }
][
  {
    "Plan": {
      "Node Type": "Hash Join",
      "Parallel Aware": false,
      "Async Capable": false,
      "Join Type": "Inner",
      "Startup Cost": 185.91,
      "Total Cost": 511.17,
      "Plan Rows": 78,
      "Plan Width": 26,
      "Actual Startup Time": 0.392,
      "Actual Total Time": 1.719,
      "Actual Rows": 80,
      "Actual Loops": 1,
      "Inner Unique": true,
      "Hash Cond": "(artworks.id = artwork_event.artworkid)",
      "Plans": [
        {
          "Node Type": "Seq Scan",
          "Parent Relationship": "Outer",
          "Parallel Aware": false,
          "Async Capable": false,
          "Relation Name": "artworks",
          "Alias": "artworks",
          "Startup Cost": 0.00,
          "Total Cost": 299.00,
          "Plan Rows": 10000,
          "Plan Width": 42,
          "Actual Startup Time": 0.007,
          "Actual Total Time": 0.560,
          "Actual Rows": 10000,
          "Actual Loops": 1
        },
        {
          "Node Type": "Hash",
          "Parent Relationship": "Inner",
          "Parallel Aware": false,
          "Async Capable": false,
          "Startup Cost": 184.93,
          "Total Cost": 184.93,
          "Plan Rows": 78,
          "Plan Width": 16,
          "Actual Startup Time": 0.363,
          "Actual Total Time": 0.364,
          "Actual Rows": 80,
          "Actual Loops": 1,
          "Hash Buckets": 1024,
          "Original Hash Buckets": 1024,
          "Hash Batches": 1,
          "Original Hash Batches": 1,
          "Peak Memory Usage": 12,
          "Plans": [
            {
              "Node Type": "Bitmap Heap Scan",
              "Parent Relationship": "Outer",
              "Parallel Aware": false,
              "Async Capable": false,
              "Relation Name": "artwork_event",
              "Alias": "artwork_event",
              "Startup Cost": 4.89,
              "Total Cost": 184.93,
              "Plan Rows": 78,
              "Plan Width": 16,
              "Actual Startup Time": 0.034,
              "Actual Total Time": 0.350,
              "Actual Rows": 80,
              "Actual Loops": 1,
              "Recheck Cond": "(eventid = '0955b5ba-55b5-468a-90c2-bc24bebe91f4'::uuid)",
              "Rows Removed by Index Recheck": 0,
              "Exact Heap Blocks": 73,
              "Lossy Heap Blocks": 0,
              "Plans": [
                {
                  "Node Type": "Bitmap Index Scan",
                  "Parent Relationship": "Outer",
                  "Parallel Aware": false,
                  "Async Capable": false,
                  "Index Name": "idx_artwork_event_eventid",
                  "Startup Cost": 0.00,
                  "Total Cost": 4.88,
                  "Plan Rows": 78,
                  "Plan Width": 0,
                  "Actual Startup Time": 0.021,
                  "Actual Total Time": 0.022,
                  "Actual Rows": 80,
                  "Actual Loops": 1,
                  "Index Cond": "(eventid = '0955b5ba-55b5-468a-90c2-bc24bebe91f4'::uuid)"
                }
              ]
            }
          ]
        }
      ]
    },
    "Planning Time": 0.834,
    "Triggers": [
    ],
    "Execution Time": 1.769
  }
][
  {
    "Plan": {
      "Node Type": "Hash Join",
      "Parallel Aware": false,
      "Async Capable": false,
      "Join Type": "Inner",
      "Startup Cost": 188.97,
      "Total Cost": 514.24,
      "Plan Rows": 80,
      "Plan Width": 26,
      "Actual Startup Time": 0.445,
      "Actual Total Time": 1.784,
      "Actual Rows": 96,
      "Actual Loops": 1,
      "Inner Unique": true,
      "Hash Cond": "(artworks.id = artwork_event.artworkid)",
      "Plans": [
        {
          "Node Type": "Seq Scan",
          "Parent Relationship": "Outer",
          "Parallel Aware": false,
          "Async Capable": false,
          "Relation Name": "artworks",
          "Alias": "artworks",
          "Startup Cost": 0.00,
          "Total Cost": 299.00,
          "Plan Rows": 10000,
          "Plan Width": 42,
          "Actual Startup Time": 0.009,
          "Actual Total Time": 0.542,
          "Actual Rows": 10000,
          "Actual Loops": 1
        },
        {
          "Node Type": "Hash",
          "Parent Relationship": "Inner",
          "Parallel Aware": false,
          "Async Capable": false,
          "Startup Cost": 187.97,
          "Total Cost": 187.97,
          "Plan Rows": 80,
          "Plan Width": 16,
          "Actual Startup Time": 0.414,
          "Actual Total Time": 0.415,
          "Actual Rows": 96,
          "Actual Loops": 1,
          "Hash Buckets": 1024,
          "Original Hash Buckets": 1024,
          "Hash Batches": 1,
          "Original Hash Batches": 1,
          "Peak Memory Usage": 13,
          "Plans": [
            {
              "Node Type": "Bitmap Heap Scan",
              "Parent Relationship": "Outer",
              "Parallel Aware": false,
              "Async Capable": false,
              "Relation Name": "artwork_event",
              "Alias": "artwork_event",
              "Startup Cost": 4.91,
              "Total Cost": 187.97,
              "Plan Rows": 80,
              "Plan Width": 16,
              "Actual Startup Time": 0.035,
              "Actual Total Time": 0.397,
              "Actual Rows": 96,
              "Actual Loops": 1,
              "Recheck Cond": "(eventid = 'bcba6f44-9793-4171-8f4f-a85f2d5d28e4'::uuid)",
              "Rows Removed by Index Recheck": 0,
              "Exact Heap Blocks": 79,
              "Lossy Heap Blocks": 0,
              "Plans": [
                {
                  "Node Type": "Bitmap Index Scan",
                  "Parent Relationship": "Outer",
                  "Parallel Aware": false,
                  "Async Capable": false,
                  "Index Name": "idx_artwork_event_eventid",
                  "Startup Cost": 0.00,
                  "Total Cost": 4.89,
                  "Plan Rows": 80,
                  "Plan Width": 0,
                  "Actual Startup Time": 0.023,
                  "Actual Total Time": 0.023,
                  "Actual Rows": 96,
                  "Actual Loops": 1,
                  "Index Cond": "(eventid = 'bcba6f44-9793-4171-8f4f-a85f2d5d28e4'::uuid)"
                }
              ]
            }
          ]
        }
      ]
    },
    "Planning Time": 0.873,
    "Triggers": [
    ],
    "Execution Time": 1.861
  }
][
  {
    "Plan": {
      "Node Type": "Hash Join",
      "Parallel Aware": false,
      "Async Capable": false,
      "Join Type": "Inner",
      "Startup Cost": 193.88,
      "Total Cost": 519.14,
      "Plan Rows": 82,
      "Plan Width": 26,
      "Actual Startup Time": 0.365,
      "Actual Total Time": 1.637,
      "Actual Rows": 77,
      "Actual Loops": 1,
      "Inner Unique": true,
      "Hash Cond": "(artworks.id = artwork_event.artworkid)",
      "Plans": [
        {
          "Node Type": "Seq Scan",
          "Parent Relationship": "Outer",
          "Parallel Aware": false,
          "Async Capable": false,
          "Relation Name": "artworks",
          "Alias": "artworks",
          "Startup Cost": 0.00,
          "Total Cost": 299.00,
          "Plan Rows": 10000,
          "Plan Width": 42,
          "Actual Startup Time": 0.007,
          "Actual Total Time": 0.515,
          "Actual Rows": 10000,
          "Actual Loops": 1
        },
        {
          "Node Type": "Hash",
          "Parent Relationship": "Inner",
          "Parallel Aware": false,
          "Async Capable": false,
          "Startup Cost": 192.86,
          "Total Cost": 192.86,
          "Plan Rows": 82,
          "Plan Width": 16,
          "Actual Startup Time": 0.333,
          "Actual Total Time": 0.334,
          "Actual Rows": 77,
          "Actual Loops": 1,
          "Hash Buckets": 1024,
          "Original Hash Buckets": 1024,
          "Hash Batches": 1,
          "Original Hash Batches": 1,
          "Peak Memory Usage": 12,
          "Plans": [
            {
              "Node Type": "Bitmap Heap Scan",
              "Parent Relationship": "Outer",
              "Parallel Aware": false,
              "Async Capable": false,
              "Relation Name": "artwork_event",
              "Alias": "artwork_event",
              "Startup Cost": 4.93,
              "Total Cost": 192.86,
              "Plan Rows": 82,
              "Plan Width": 16,
              "Actual Startup Time": 0.038,
              "Actual Total Time": 0.319,
              "Actual Rows": 77,
              "Actual Loops": 1,
              "Recheck Cond": "(eventid = 'a6e8dcd3-0ff9-44aa-b5fa-0a9e9f4d0807'::uuid)",
              "Rows Removed by Index Recheck": 0,
              "Exact Heap Blocks": 71,
              "Lossy Heap Blocks": 0,
              "Plans": [
                {
                  "Node Type": "Bitmap Index Scan",
                  "Parent Relationship": "Outer",
                  "Parallel Aware": false,
                  "Async Capable": false,
                  "Index Name": "idx_artwork_event_eventid",
                  "Startup Cost": 0.00,
                  "Total Cost": 4.91,
                  "Plan Rows": 82,
                  "Plan Width": 0,
                  "Actual Startup Time": 0.028,
                  "Actual Total Time": 0.028,
                  "Actual Rows": 77,
                  "Actual Loops": 1,
                  "Index Cond": "(eventid = 'a6e8dcd3-0ff9-44aa-b5fa-0a9e9f4d0807'::uuid)"
                }
              ]
            }
          ]
        }
      ]
    },
    "Planning Time": 0.757,
    "Triggers": [
    ],
    "Execution Time": 1.679
  }
][
  {
    "Plan": {
      "Node Type": "Hash Join",
      "Parallel Aware": false,
      "Async Capable": false,
      "Join Type": "Inner",
      "Startup Cost": 198.95,
      "Total Cost": 524.22,
      "Plan Rows": 84,
      "Plan Width": 26,
      "Actual Startup Time": 0.383,
      "Actual Total Time": 1.725,
      "Actual Rows": 81,
      "Actual Loops": 1,
      "Inner Unique": true,
      "Hash Cond": "(artworks.id = artwork_event.artworkid)",
      "Plans": [
        {
          "Node Type": "Seq Scan",
          "Parent Relationship": "Outer",
          "Parallel Aware": false,
          "Async Capable": false,
          "Relation Name": "artworks",
          "Alias": "artworks",
          "Startup Cost": 0.00,
          "Total Cost": 299.00,
          "Plan Rows": 10000,
          "Plan Width": 42,
          "Actual Startup Time": 0.007,
          "Actual Total Time": 0.530,
          "Actual Rows": 10000,
          "Actual Loops": 1
        },
        {
          "Node Type": "Hash",
          "Parent Relationship": "Inner",
          "Parallel Aware": false,
          "Async Capable": false,
          "Startup Cost": 197.90,
          "Total Cost": 197.90,
          "Plan Rows": 84,
          "Plan Width": 16,
          "Actual Startup Time": 0.350,
          "Actual Total Time": 0.350,
          "Actual Rows": 81,
          "Actual Loops": 1,
          "Hash Buckets": 1024,
          "Original Hash Buckets": 1024,
          "Hash Batches": 1,
          "Original Hash Batches": 1,
          "Peak Memory Usage": 12,
          "Plans": [
            {
              "Node Type": "Bitmap Heap Scan",
              "Parent Relationship": "Outer",
              "Parallel Aware": false,
              "Async Capable": false,
              "Relation Name": "artwork_event",
              "Alias": "artwork_event",
              "Startup Cost": 4.94,
              "Total Cost": 197.90,
              "Plan Rows": 84,
              "Plan Width": 16,
              "Actual Startup Time": 0.039,
              "Actual Total Time": 0.335,
              "Actual Rows": 81,
              "Actual Loops": 1,
              "Recheck Cond": "(eventid = '69a81a4f-bcf6-45ca-87cc-f8d1be0cc749'::uuid)",
              "Rows Removed by Index Recheck": 0,
              "Exact Heap Blocks": 72,
              "Lossy Heap Blocks": 0,
              "Plans": [
                {
                  "Node Type": "Bitmap Index Scan",
                  "Parent Relationship": "Outer",
                  "Parallel Aware": false,
                  "Async Capable": false,
                  "Index Name": "idx_artwork_event_eventid",
                  "Startup Cost": 0.00,
                  "Total Cost": 4.92,
                  "Plan Rows": 84,
                  "Plan Width": 0,
                  "Actual Startup Time": 0.028,
                  "Actual Total Time": 0.028,
                  "Actual Rows": 81,
                  "Actual Loops": 1,
                  "Index Cond": "(eventid = '69a81a4f-bcf6-45ca-87cc-f8d1be0cc749'::uuid)"
                }
              ]
            }
          ]
        }
      ]
    },
    "Planning Time": 0.790,
    "Triggers": [
    ],
    "Execution Time": 1.783
  }
][
  {
    "Plan": {
      "Node Type": "Hash Join",
      "Parallel Aware": false,
      "Async Capable": false,
      "Join Type": "Inner",
      "Startup Cost": 203.86,
      "Total Cost": 529.12,
      "Plan Rows": 86,
      "Plan Width": 26,
      "Actual Startup Time": 0.410,
      "Actual Total Time": 1.723,
      "Actual Rows": 90,
      "Actual Loops": 1,
      "Inner Unique": true,
      "Hash Cond": "(artworks.id = artwork_event.artworkid)",
      "Plans": [
        {
          "Node Type": "Seq Scan",
          "Parent Relationship": "Outer",
          "Parallel Aware": false,
          "Async Capable": false,
          "Relation Name": "artworks",
          "Alias": "artworks",
          "Startup Cost": 0.00,
          "Total Cost": 299.00,
          "Plan Rows": 10000,
          "Plan Width": 42,
          "Actual Startup Time": 0.006,
          "Actual Total Time": 0.538,
          "Actual Rows": 10000,
          "Actual Loops": 1
        },
        {
          "Node Type": "Hash",
          "Parent Relationship": "Inner",
          "Parallel Aware": false,
          "Async Capable": false,
          "Startup Cost": 202.78,
          "Total Cost": 202.78,
          "Plan Rows": 86,
          "Plan Width": 16,
          "Actual Startup Time": 0.366,
          "Actual Total Time": 0.367,
          "Actual Rows": 90,
          "Actual Loops": 1,
          "Hash Buckets": 1024,
          "Original Hash Buckets": 1024,
          "Hash Batches": 1,
          "Original Hash Batches": 1,
          "Peak Memory Usage": 13,
          "Plans": [
            {
              "Node Type": "Bitmap Heap Scan",
              "Parent Relationship": "Outer",
              "Parallel Aware": false,
              "Async Capable": false,
              "Relation Name": "artwork_event",
              "Alias": "artwork_event",
              "Startup Cost": 4.96,
              "Total Cost": 202.78,
              "Plan Rows": 86,
              "Plan Width": 16,
              "Actual Startup Time": 0.043,
              "Actual Total Time": 0.351,
              "Actual Rows": 90,
              "Actual Loops": 1,
              "Recheck Cond": "(eventid = '38c31523-51a2-4079-85a9-16fd0088b6b4'::uuid)",
              "Rows Removed by Index Recheck": 0,
              "Exact Heap Blocks": 79,
              "Lossy Heap Blocks": 0,
              "Plans": [
                {
                  "Node Type": "Bitmap Index Scan",
                  "Parent Relationship": "Outer",
                  "Parallel Aware": false,
                  "Async Capable": false,
                  "Index Name": "idx_artwork_event_eventid",
                  "Startup Cost": 0.00,
                  "Total Cost": 4.93,
                  "Plan Rows": 86,
                  "Plan Width": 0,
                  "Actual Startup Time": 0.028,
                  "Actual Total Time": 0.028,
                  "Actual Rows": 90,
                  "Actual Loops": 1,
                  "Index Cond": "(eventid = '38c31523-51a2-4079-85a9-16fd0088b6b4'::uuid)"
                }
              ]
            }
          ]
        }
      ]
    },
    "Planning Time": 0.700,
    "Triggers": [
    ],
    "Execution Time": 1.765
  }
][
  {
    "Plan": {
      "Node Type": "Hash Join",
      "Parallel Aware": false,
      "Async Capable": false,
      "Join Type": "Inner",
      "Startup Cost": 207.09,
      "Total Cost": 532.35,
      "Plan Rows": 88,
      "Plan Width": 26,
      "Actual Startup Time": 0.415,
      "Actual Total Time": 1.771,
      "Actual Rows": 91,
      "Actual Loops": 1,
      "Inner Unique": true,
      "Hash Cond": "(artworks.id = artwork_event.artworkid)",
      "Plans": [
        {
          "Node Type": "Seq Scan",
          "Parent Relationship": "Outer",
          "Parallel Aware": false,
          "Async Capable": false,
          "Relation Name": "artworks",
          "Alias": "artworks",
          "Startup Cost": 0.00,
          "Total Cost": 299.00,
          "Plan Rows": 10000,
          "Plan Width": 42,
          "Actual Startup Time": 0.007,
          "Actual Total Time": 0.534,
          "Actual Rows": 10000,
          "Actual Loops": 1
        },
        {
          "Node Type": "Hash",
          "Parent Relationship": "Inner",
          "Parallel Aware": false,
          "Async Capable": false,
          "Startup Cost": 205.99,
          "Total Cost": 205.99,
          "Plan Rows": 88,
          "Plan Width": 16,
          "Actual Startup Time": 0.387,
          "Actual Total Time": 0.387,
          "Actual Rows": 91,
          "Actual Loops": 1,
          "Hash Buckets": 1024,
          "Original Hash Buckets": 1024,
          "Hash Batches": 1,
          "Original Hash Batches": 1,
          "Peak Memory Usage": 13,
          "Plans": [
            {
              "Node Type": "Bitmap Heap Scan",
              "Parent Relationship": "Outer",
              "Parallel Aware": false,
              "Async Capable": false,
              "Relation Name": "artwork_event",
              "Alias": "artwork_event",
              "Startup Cost": 4.97,
              "Total Cost": 205.99,
              "Plan Rows": 88,
              "Plan Width": 16,
              "Actual Startup Time": 0.045,
              "Actual Total Time": 0.371,
              "Actual Rows": 91,
              "Actual Loops": 1,
              "Recheck Cond": "(eventid = '2f2809b8-f3c7-4f18-9b35-7e83d4c019fa'::uuid)",
              "Rows Removed by Index Recheck": 0,
              "Exact Heap Blocks": 82,
              "Lossy Heap Blocks": 0,
              "Plans": [
                {
                  "Node Type": "Bitmap Index Scan",
                  "Parent Relationship": "Outer",
                  "Parallel Aware": false,
                  "Async Capable": false,
                  "Index Name": "idx_artwork_event_eventid",
                  "Startup Cost": 0.00,
                  "Total Cost": 4.95,
                  "Plan Rows": 88,
                  "Plan Width": 0,
                  "Actual Startup Time": 0.028,
                  "Actual Total Time": 0.028,
                  "Actual Rows": 91,
                  "Actual Loops": 1,
                  "Index Cond": "(eventid = '2f2809b8-f3c7-4f18-9b35-7e83d4c019fa'::uuid)"
                }
              ]
            }
          ]
        }
      ]
    },
    "Planning Time": 0.735,
    "Triggers": [
    ],
    "Execution Time": 1.815
  }
][
  {
    "Plan": {
      "Node Type": "Hash Join",
      "Parallel Aware": false,
      "Async Capable": false,
      "Join Type": "Inner",
      "Startup Cost": 212.00,
      "Total Cost": 537.26,
      "Plan Rows": 90,
      "Plan Width": 26,
      "Actual Startup Time": 0.393,
      "Actual Total Time": 1.675,
      "Actual Rows": 88,
      "Actual Loops": 1,
      "Inner Unique": true,
      "Hash Cond": "(artworks.id = artwork_event.artworkid)",
      "Plans": [
        {
          "Node Type": "Seq Scan",
          "Parent Relationship": "Outer",
          "Parallel Aware": false,
          "Async Capable": false,
          "Relation Name": "artworks",
          "Alias": "artworks",
          "Startup Cost": 0.00,
          "Total Cost": 299.00,
          "Plan Rows": 10000,
          "Plan Width": 42,
          "Actual Startup Time": 0.007,
          "Actual Total Time": 0.519,
          "Actual Rows": 10000,
          "Actual Loops": 1
        },
        {
          "Node Type": "Hash",
          "Parent Relationship": "Inner",
          "Parallel Aware": false,
          "Async Capable": false,
          "Startup Cost": 210.88,
          "Total Cost": 210.88,
          "Plan Rows": 90,
          "Plan Width": 16,
          "Actual Startup Time": 0.352,
          "Actual Total Time": 0.353,
          "Actual Rows": 88,
          "Actual Loops": 1,
          "Hash Buckets": 1024,
          "Original Hash Buckets": 1024,
          "Hash Batches": 1,
          "Original Hash Batches": 1,
          "Peak Memory Usage": 13,
          "Plans": [
            {
              "Node Type": "Bitmap Heap Scan",
              "Parent Relationship": "Outer",
              "Parallel Aware": false,
              "Async Capable": false,
              "Relation Name": "artwork_event",
              "Alias": "artwork_event",
              "Startup Cost": 4.99,
              "Total Cost": 210.88,
              "Plan Rows": 90,
              "Plan Width": 16,
              "Actual Startup Time": 0.025,
              "Actual Total Time": 0.338,
              "Actual Rows": 88,
              "Actual Loops": 1,
              "Recheck Cond": "(eventid = '853d5190-6bcb-4990-9f2d-87998ea41360'::uuid)",
              "Rows Removed by Index Recheck": 0,
              "Exact Heap Blocks": 80,
              "Lossy Heap Blocks": 0,
              "Plans": [
                {
                  "Node Type": "Bitmap Index Scan",
                  "Parent Relationship": "Outer",
                  "Parallel Aware": false,
                  "Async Capable": false,
                  "Index Name": "idx_artwork_event_eventid",
                  "Startup Cost": 0.00,
                  "Total Cost": 4.96,
                  "Plan Rows": 90,
                  "Plan Width": 0,
                  "Actual Startup Time": 0.015,
                  "Actual Total Time": 0.015,
                  "Actual Rows": 88,
                  "Actual Loops": 1,
                  "Index Cond": "(eventid = '853d5190-6bcb-4990-9f2d-87998ea41360'::uuid)"
                }
              ]
            }
          ]
        }
      ]
    },
    "Planning Time": 0.718,
    "Triggers": [
    ],
    "Execution Time": 1.717
  }
][
  {
    "Plan": {
      "Node Type": "Hash Join",
      "Parallel Aware": false,
      "Async Capable": false,
      "Join Type": "Inner",
      "Startup Cost": 216.91,
      "Total Cost": 542.17,
      "Plan Rows": 92,
      "Plan Width": 26,
      "Actual Startup Time": 0.509,
      "Actual Total Time": 1.826,
      "Actual Rows": 104,
      "Actual Loops": 1,
      "Inner Unique": true,
      "Hash Cond": "(artworks.id = artwork_event.artworkid)",
      "Plans": [
        {
          "Node Type": "Seq Scan",
          "Parent Relationship": "Outer",
          "Parallel Aware": false,
          "Async Capable": false,
          "Relation Name": "artworks",
          "Alias": "artworks",
          "Startup Cost": 0.00,
          "Total Cost": 299.00,
          "Plan Rows": 10000,
          "Plan Width": 42,
          "Actual Startup Time": 0.009,
          "Actual Total Time": 0.542,
          "Actual Rows": 10000,
          "Actual Loops": 1
        },
        {
          "Node Type": "Hash",
          "Parent Relationship": "Inner",
          "Parallel Aware": false,
          "Async Capable": false,
          "Startup Cost": 215.76,
          "Total Cost": 215.76,
          "Plan Rows": 92,
          "Plan Width": 16,
          "Actual Startup Time": 0.430,
          "Actual Total Time": 0.431,
          "Actual Rows": 104,
          "Actual Loops": 1,
          "Hash Buckets": 1024,
          "Original Hash Buckets": 1024,
          "Hash Batches": 1,
          "Original Hash Batches": 1,
          "Peak Memory Usage": 13,
          "Plans": [
            {
              "Node Type": "Bitmap Heap Scan",
              "Parent Relationship": "Outer",
              "Parallel Aware": false,
              "Async Capable": false,
              "Relation Name": "artwork_event",
              "Alias": "artwork_event",
              "Startup Cost": 5.00,
              "Total Cost": 215.76,
              "Plan Rows": 92,
              "Plan Width": 16,
              "Actual Startup Time": 0.038,
              "Actual Total Time": 0.413,
              "Actual Rows": 104,
              "Actual Loops": 1,
              "Recheck Cond": "(eventid = 'a23b2ff2-eed6-47d6-a437-383dfa19bfb4'::uuid)",
              "Rows Removed by Index Recheck": 0,
              "Exact Heap Blocks": 92,
              "Lossy Heap Blocks": 0,
              "Plans": [
                {
                  "Node Type": "Bitmap Index Scan",
                  "Parent Relationship": "Outer",
                  "Parallel Aware": false,
                  "Async Capable": false,
                  "Index Name": "idx_artwork_event_eventid",
                  "Startup Cost": 0.00,
                  "Total Cost": 4.98,
                  "Plan Rows": 92,
                  "Plan Width": 0,
                  "Actual Startup Time": 0.024,
                  "Actual Total Time": 0.024,
                  "Actual Rows": 104,
                  "Actual Loops": 1,
                  "Index Cond": "(eventid = 'a23b2ff2-eed6-47d6-a437-383dfa19bfb4'::uuid)"
                }
              ]
            }
          ]
        }
      ]
    },
    "Planning Time": 0.913,
    "Triggers": [
    ],
    "Execution Time": 1.895
  }
][
  {
    "Plan": {
      "Node Type": "Hash Join",
      "Parallel Aware": false,
      "Async Capable": false,
      "Join Type": "Inner",
      "Startup Cost": 221.98,
      "Total Cost": 547.24,
      "Plan Rows": 94,
      "Plan Width": 26,
      "Actual Startup Time": 0.496,
      "Actual Total Time": 1.844,
      "Actual Rows": 92,
      "Actual Loops": 1,
      "Inner Unique": true,
      "Hash Cond": "(artworks.id = artwork_event.artworkid)",
      "Plans": [
        {
          "Node Type": "Seq Scan",
          "Parent Relationship": "Outer",
          "Parallel Aware": false,
          "Async Capable": false,
          "Relation Name": "artworks",
          "Alias": "artworks",
          "Startup Cost": 0.00,
          "Total Cost": 299.00,
          "Plan Rows": 10000,
          "Plan Width": 42,
          "Actual Startup Time": 0.007,
          "Actual Total Time": 0.541,
          "Actual Rows": 10000,
          "Actual Loops": 1
        },
        {
          "Node Type": "Hash",
          "Parent Relationship": "Inner",
          "Parallel Aware": false,
          "Async Capable": false,
          "Startup Cost": 220.80,
          "Total Cost": 220.80,
          "Plan Rows": 94,
          "Plan Width": 16,
          "Actual Startup Time": 0.405,
          "Actual Total Time": 0.405,
          "Actual Rows": 92,
          "Actual Loops": 1,
          "Hash Buckets": 1024,
          "Original Hash Buckets": 1024,
          "Hash Batches": 1,
          "Original Hash Batches": 1,
          "Peak Memory Usage": 13,
          "Plans": [
            {
              "Node Type": "Bitmap Heap Scan",
              "Parent Relationship": "Outer",
              "Parallel Aware": false,
              "Async Capable": false,
              "Relation Name": "artwork_event",
              "Alias": "artwork_event",
              "Startup Cost": 5.02,
              "Total Cost": 220.80,
              "Plan Rows": 94,
              "Plan Width": 16,
              "Actual Startup Time": 0.043,
              "Actual Total Time": 0.390,
              "Actual Rows": 92,
              "Actual Loops": 1,
              "Recheck Cond": "(eventid = '04d22c48-bb0a-420d-8d92-62243dc9aade'::uuid)",
              "Rows Removed by Index Recheck": 0,
              "Exact Heap Blocks": 80,
              "Lossy Heap Blocks": 0,
              "Plans": [
                {
                  "Node Type": "Bitmap Index Scan",
                  "Parent Relationship": "Outer",
                  "Parallel Aware": false,
                  "Async Capable": false,
                  "Index Name": "idx_artwork_event_eventid",
                  "Startup Cost": 0.00,
                  "Total Cost": 5.00,
                  "Plan Rows": 94,
                  "Plan Width": 0,
                  "Actual Startup Time": 0.025,
                  "Actual Total Time": 0.025,
                  "Actual Rows": 92,
                  "Actual Loops": 1,
                  "Index Cond": "(eventid = '04d22c48-bb0a-420d-8d92-62243dc9aade'::uuid)"
                }
              ]
            }
          ]
        }
      ]
    },
    "Planning Time": 0.743,
    "Triggers": [
    ],
    "Execution Time": 1.887
  }
][
  {
    "Plan": {
      "Node Type": "Hash Join",
      "Parallel Aware": false,
      "Async Capable": false,
      "Join Type": "Inner",
      "Startup Cost": 225.01,
      "Total Cost": 550.28,
      "Plan Rows": 95,
      "Plan Width": 26,
      "Actual Startup Time": 0.476,
      "Actual Total Time": 1.911,
      "Actual Rows": 87,
      "Actual Loops": 1,
      "Inner Unique": true,
      "Hash Cond": "(artworks.id = artwork_event.artworkid)",
      "Plans": [
        {
          "Node Type": "Seq Scan",
          "Parent Relationship": "Outer",
          "Parallel Aware": false,
          "Async Capable": false,
          "Relation Name": "artworks",
          "Alias": "artworks",
          "Startup Cost": 0.00,
          "Total Cost": 299.00,
          "Plan Rows": 10000,
          "Plan Width": 42,
          "Actual Startup Time": 0.007,
          "Actual Total Time": 0.559,
          "Actual Rows": 10000,
          "Actual Loops": 1
        },
        {
          "Node Type": "Hash",
          "Parent Relationship": "Inner",
          "Parallel Aware": false,
          "Async Capable": false,
          "Startup Cost": 223.83,
          "Total Cost": 223.83,
          "Plan Rows": 95,
          "Plan Width": 16,
          "Actual Startup Time": 0.424,
          "Actual Total Time": 0.425,
          "Actual Rows": 87,
          "Actual Loops": 1,
          "Hash Buckets": 1024,
          "Original Hash Buckets": 1024,
          "Hash Batches": 1,
          "Original Hash Batches": 1,
          "Peak Memory Usage": 13,
          "Plans": [
            {
              "Node Type": "Bitmap Heap Scan",
              "Parent Relationship": "Outer",
              "Parallel Aware": false,
              "Async Capable": false,
              "Relation Name": "artwork_event",
              "Alias": "artwork_event",
              "Startup Cost": 5.03,
              "Total Cost": 223.83,
              "Plan Rows": 95,
              "Plan Width": 16,
              "Actual Startup Time": 0.031,
              "Actual Total Time": 0.409,
              "Actual Rows": 87,
              "Actual Loops": 1,
              "Recheck Cond": "(eventid = '47cca524-8ced-4114-b569-37a72a238555'::uuid)",
              "Rows Removed by Index Recheck": 0,
              "Exact Heap Blocks": 79,
              "Lossy Heap Blocks": 0,
              "Plans": [
                {
                  "Node Type": "Bitmap Index Scan",
                  "Parent Relationship": "Outer",
                  "Parallel Aware": false,
                  "Async Capable": false,
                  "Index Name": "idx_artwork_event_eventid",
                  "Startup Cost": 0.00,
                  "Total Cost": 5.00,
                  "Plan Rows": 95,
                  "Plan Width": 0,
                  "Actual Startup Time": 0.020,
                  "Actual Total Time": 0.020,
                  "Actual Rows": 87,
                  "Actual Loops": 1,
                  "Index Cond": "(eventid = '47cca524-8ced-4114-b569-37a72a238555'::uuid)"
                }
              ]
            }
          ]
        }
      ]
    },
    "Planning Time": 0.742,
    "Triggers": [
    ],
    "Execution Time": 1.956
  }
]