[
  {
    "Plan": {
      "Node Type": "Nested Loop",
      "Parallel Aware": false,
      "Async Capable": false,
      "Join Type": "Inner",
      "Startup Cost": 0.28,
      "Total Cost": 85.08,
      "Plan Rows": 7,
      "Plan Width": 516,
      "Actual Startup Time": 0.033,
      "Actual Total Time": 0.114,
      "Actual Rows": 2,
      "Actual Loops": 1,
      "Inner Unique": true,
      "Plans": [
        {
          "Node Type": "Seq Scan",
          "Parent Relationship": "Outer",
          "Parallel Aware": false,
          "Async Capable": false,
          "Relation Name": "artwork_event",
          "Alias": "artwork_event",
          "Startup Cost": 0.00,
          "Total Cost": 27.00,
          "Plan Rows": 7,
          "Plan Width": 16,
          "Actual Startup Time": 0.008,
          "Actual Total Time": 0.076,
          "Actual Rows": 2,
          "Actual Loops": 1,
          "Filter": "(eventid = 'e43b7718-9cc9-46b2-b107-2b47f1094dc5'::uuid)",
          "Rows Removed by Filter": 998
        },
        {
          "Node Type": "Index Scan",
          "Parent Relationship": "Inner",
          "Parallel Aware": false,
          "Async Capable": false,
          "Scan Direction": "Forward",
          "Index Name": "artworks_pkey",
          "Relation Name": "artworks",
          "Alias": "artworks",
          "Startup Cost": 0.28,
          "Total Cost": 8.29,
          "Plan Rows": 1,
          "Plan Width": 532,
          "Actual Startup Time": 0.018,
          "Actual Total Time": 0.018,
          "Actual Rows": 1,
          "Actual Loops": 2,
          "Index Cond": "(id = artwork_event.artworkid)",
          "Rows Removed by Index Recheck": 0
        }
      ]
    },
    "Planning Time": 0.460,
    "Triggers": [
    ],
    "Execution Time": 0.146
  }
][
  {
    "Plan": {
      "Node Type": "Nested Loop",
      "Parallel Aware": false,
      "Async Capable": false,
      "Join Type": "Inner",
      "Startup Cost": 0.28,
      "Total Cost": 113.10,
      "Plan Rows": 9,
      "Plan Width": 516,
      "Actual Startup Time": 0.100,
      "Actual Total Time": 0.183,
      "Actual Rows": 1,
      "Actual Loops": 1,
      "Inner Unique": true,
      "Plans": [
        {
          "Node Type": "Seq Scan",
          "Parent Relationship": "Outer",
          "Parallel Aware": false,
          "Async Capable": false,
          "Relation Name": "artwork_event",
          "Alias": "artwork_event",
          "Startup Cost": 0.00,
          "Total Cost": 38.44,
          "Plan Rows": 9,
          "Plan Width": 16,
          "Actual Startup Time": 0.070,
          "Actual Total Time": 0.152,
          "Actual Rows": 1,
          "Actual Loops": 1,
          "Filter": "(eventid = 'b49d6ae1-43a4-4783-90bc-37b4760d21a4'::uuid)",
          "Rows Removed by Filter": 1999
        },
        {
          "Node Type": "Index Scan",
          "Parent Relationship": "Inner",
          "Parallel Aware": false,
          "Async Capable": false,
          "Scan Direction": "Forward",
          "Index Name": "artworks_pkey",
          "Relation Name": "artworks",
          "Alias": "artworks",
          "Startup Cost": 0.28,
          "Total Cost": 8.29,
          "Plan Rows": 1,
          "Plan Width": 532,
          "Actual Startup Time": 0.029,
          "Actual Total Time": 0.029,
          "Actual Rows": 1,
          "Actual Loops": 1,
          "Index Cond": "(id = artwork_event.artworkid)",
          "Rows Removed by Index Recheck": 0
        }
      ]
    },
    "Planning Time": 0.483,
    "Triggers": [
    ],
    "Execution Time": 0.216
  }
][
  {
    "Plan": {
      "Node Type": "Nested Loop",
      "Parallel Aware": false,
      "Async Capable": false,
      "Join Type": "Inner",
      "Startup Cost": 0.28,
      "Total Cost": 181.77,
      "Plan Rows": 15,
      "Plan Width": 516,
      "Actual Startup Time": 0.096,
      "Actual Total Time": 0.423,
      "Actual Rows": 5,
      "Actual Loops": 1,
      "Inner Unique": true,
      "Plans": [
        {
          "Node Type": "Seq Scan",
          "Parent Relationship": "Outer",
          "Parallel Aware": false,
          "Async Capable": false,
          "Relation Name": "artwork_event",
          "Alias": "artwork_event",
          "Startup Cost": 0.00,
          "Total Cost": 61.34,
          "Plan Rows": 15,
          "Plan Width": 16,
          "Actual Startup Time": 0.053,
          "Actual Total Time": 0.320,
          "Actual Rows": 5,
          "Actual Loops": 1,
          "Filter": "(eventid = 'dcd53826-ad79-496a-9cfa-294cecb1fcf6'::uuid)",
          "Rows Removed by Filter": 2995
        },
        {
          "Node Type": "Index Scan",
          "Parent Relationship": "Inner",
          "Parallel Aware": false,
          "Async Capable": false,
          "Scan Direction": "Forward",
          "Index Name": "artworks_pkey",
          "Relation Name": "artworks",
          "Alias": "artworks",
          "Startup Cost": 0.28,
          "Total Cost": 8.03,
          "Plan Rows": 1,
          "Plan Width": 532,
          "Actual Startup Time": 0.019,
          "Actual Total Time": 0.019,
          "Actual Rows": 1,
          "Actual Loops": 5,
          "Index Cond": "(id = artwork_event.artworkid)",
          "Rows Removed by Index Recheck": 0
        }
      ]
    },
    "Planning Time": 0.639,
    "Triggers": [
    ],
    "Execution Time": 0.486
  }
][
  {
    "Plan": {
      "Node Type": "Nested Loop",
      "Parallel Aware": false,
      "Async Capable": false,
      "Join Type": "Inner",
      "Startup Cost": 0.28,
      "Total Cost": 232.82,
      "Plan Rows": 20,
      "Plan Width": 516,
      "Actual Startup Time": 0.052,
      "Actual Total Time": 0.515,
      "Actual Rows": 8,
      "Actual Loops": 1,
      "Inner Unique": true,
      "Plans": [
        {
          "Node Type": "Seq Scan",
          "Parent Relationship": "Outer",
          "Parallel Aware": false,
          "Async Capable": false,
          "Relation Name": "artwork_event",
          "Alias": "artwork_event",
          "Startup Cost": 0.00,
          "Total Cost": 78.91,
          "Plan Rows": 20,
          "Plan Width": 16,
          "Actual Startup Time": 0.019,
          "Actual Total Time": 0.399,
          "Actual Rows": 8,
          "Actual Loops": 1,
          "Filter": "(eventid = '4c7cc4d1-a4fe-43fe-b54e-acb0b03edd83'::uuid)",
          "Rows Removed by Filter": 3992
        },
        {
          "Node Type": "Index Scan",
          "Parent Relationship": "Inner",
          "Parallel Aware": false,
          "Async Capable": false,
          "Scan Direction": "Forward",
          "Index Name": "artworks_pkey",
          "Relation Name": "artworks",
          "Alias": "artworks",
          "Startup Cost": 0.28,
          "Total Cost": 7.69,
          "Plan Rows": 1,
          "Plan Width": 532,
          "Actual Startup Time": 0.014,
          "Actual Total Time": 0.014,
          "Actual Rows": 1,
          "Actual Loops": 8,
          "Index Cond": "(id = artwork_event.artworkid)",
          "Rows Removed by Index Recheck": 0
        }
      ]
    },
    "Planning Time": 0.607,
    "Triggers": [
    ],
    "Execution Time": 0.557
  }
][
  {
    "Plan": {
      "Node Type": "Nested Loop",
      "Parallel Aware": false,
      "Async Capable": false,
      "Join Type": "Inner",
      "Startup Cost": 0.28,
      "Total Cost": 286.05,
      "Plan Rows": 25,
      "Plan Width": 516,
      "Actual Startup Time": 0.057,
      "Actual Total Time": 0.486,
      "Actual Rows": 15,
      "Actual Loops": 1,
      "Inner Unique": true,
      "Plans": [
        {
          "Node Type": "Seq Scan",
          "Parent Relationship": "Outer",
          "Parallel Aware": false,
          "Async Capable": false,
          "Relation Name": "artwork_event",
          "Alias": "artwork_event",
          "Startup Cost": 0.00,
          "Total Cost": 98.66,
          "Plan Rows": 25,
          "Plan Width": 16,
          "Actual Startup Time": 0.033,
          "Actual Total Time": 0.362,
          "Actual Rows": 15,
          "Actual Loops": 1,
          "Filter": "(eventid = '621945ed-cc0c-49cd-9cf2-0bc3f7943426'::uuid)",
          "Rows Removed by Filter": 4985
        },
        {
          "Node Type": "Index Scan",
          "Parent Relationship": "Inner",
          "Parallel Aware": false,
          "Async Capable": false,
          "Scan Direction": "Forward",
          "Index Name": "artworks_pkey",
          "Relation Name": "artworks",
          "Alias": "artworks",
          "Startup Cost": 0.28,
          "Total Cost": 7.49,
          "Plan Rows": 1,
          "Plan Width": 532,
          "Actual Startup Time": 0.008,
          "Actual Total Time": 0.008,
          "Actual Rows": 1,
          "Actual Loops": 15,
          "Index Cond": "(id = artwork_event.artworkid)",
          "Rows Removed by Index Recheck": 0
        }
      ]
    },
    "Planning Time": 0.501,
    "Triggers": [
    ],
    "Execution Time": 0.521
  }
][
  {
    "Plan": {
      "Node Type": "Nested Loop",
      "Parallel Aware": false,
      "Async Capable": false,
      "Join Type": "Inner",
      "Startup Cost": 0.28,
      "Total Cost": 337.87,
      "Plan Rows": 30,
      "Plan Width": 516,
      "Actual Startup Time": 0.056,
      "Actual Total Time": 0.553,
      "Actual Rows": 11,
      "Actual Loops": 1,
      "Inner Unique": true,
      "Plans": [
        {
          "Node Type": "Seq Scan",
          "Parent Relationship": "Outer",
          "Parallel Aware": false,
          "Async Capable": false,
          "Relation Name": "artwork_event",
          "Alias": "artwork_event",
          "Startup Cost": 0.00,
          "Total Cost": 121.01,
          "Plan Rows": 30,
          "Plan Width": 16,
          "Actual Startup Time": 0.035,
          "Actual Total Time": 0.449,
          "Actual Rows": 11,
          "Actual Loops": 1,
          "Filter": "(eventid = 'f127cbb0-2595-49be-8a47-155965eaf1d2'::uuid)",
          "Rows Removed by Filter": 5989
        },
        {
          "Node Type": "Index Scan",
          "Parent Relationship": "Inner",
          "Parallel Aware": false,
          "Async Capable": false,
          "Scan Direction": "Forward",
          "Index Name": "artworks_pkey",
          "Relation Name": "artworks",
          "Alias": "artworks",
          "Startup Cost": 0.28,
          "Total Cost": 7.23,
          "Plan Rows": 1,
          "Plan Width": 532,
          "Actual Startup Time": 0.009,
          "Actual Total Time": 0.009,
          "Actual Rows": 1,
          "Actual Loops": 11,
          "Index Cond": "(id = artwork_event.artworkid)",
          "Rows Removed by Index Recheck": 0
        }
      ]
    },
    "Planning Time": 0.537,
    "Triggers": [
    ],
    "Execution Time": 0.591
  }
][
  {
    "Plan": {
      "Node Type": "Hash Join",
      "Parallel Aware": false,
      "Async Capable": false,
      "Join Type": "Inner",
      "Startup Cost": 139.10,
      "Total Cost": 355.70,
      "Plan Rows": 35,
      "Plan Width": 516,
      "Actual Startup Time": 0.686,
      "Actual Total Time": 1.972,
      "Actual Rows": 12,
      "Actual Loops": 1,
      "Inner Unique": true,
      "Hash Cond": "(artworks.id = artwork_event.artworkid)",
      "Plans": [
        {
          "Node Type": "Seq Scan",
          "Parent Relationship": "Outer",
          "Parallel Aware": false,
          "Async Capable": false,
          "Relation Name": "artworks",
          "Alias": "artworks",
          "Startup Cost": 0.00,
          "Total Cost": 212.93,
          "Plan Rows": 1393,
          "Plan Width": 532,
          "Actual Startup Time": 0.011,
          "Actual Total Time": 0.850,
          "Actual Rows": 10000,
          "Actual Loops": 1
        },
        {
          "Node Type": "Hash",
          "Parent Relationship": "Inner",
          "Parallel Aware": false,
          "Async Capable": false,
          "Startup Cost": 138.66,
          "Total Cost": 138.66,
          "Plan Rows": 35,
          "Plan Width": 16,
          "Actual Startup Time": 0.522,
          "Actual Total Time": 0.523,
          "Actual Rows": 12,
          "Actual Loops": 1,
          "Hash Buckets": 1024,
          "Original Hash Buckets": 1024,
          "Hash Batches": 1,
          "Original Hash Batches": 1,
          "Peak Memory Usage": 9,
          "Plans": [
            {
              "Node Type": "Seq Scan",
              "Parent Relationship": "Outer",
              "Parallel Aware": false,
              "Async Capable": false,
              "Relation Name": "artwork_event",
              "Alias": "artwork_event",
              "Startup Cost": 0.00,
              "Total Cost": 138.66,
              "Plan Rows": 35,
              "Plan Width": 16,
              "Actual Startup Time": 0.049,
              "Actual Total Time": 0.518,
              "Actual Rows": 12,
              "Actual Loops": 1,
              "Filter": "(eventid = 'ed6c32b0-3151-472b-b933-0483d88ed3d3'::uuid)",
              "Rows Removed by Filter": 6988
            }
          ]
        }
      ]
    },
    "Planning Time": 0.577,
    "Triggers": [
    ],
    "Execution Time": 2.014
  }
][
  {
    "Plan": {
      "Node Type": "Hash Join",
      "Parallel Aware": false,
      "Async Capable": false,
      "Join Type": "Inner",
      "Startup Cost": 158.78,
      "Total Cost": 375.37,
      "Plan Rows": 40,
      "Plan Width": 516,
      "Actual Startup Time": 0.690,
      "Actual Total Time": 2.038,
      "Actual Rows": 17,
      "Actual Loops": 1,
      "Inner Unique": true,
      "Hash Cond": "(artworks.id = artwork_event.artworkid)",
      "Plans": [
        {
          "Node Type": "Seq Scan",
          "Parent Relationship": "Outer",
          "Parallel Aware": false,
          "Async Capable": false,
          "Relation Name": "artworks",
          "Alias": "artworks",
          "Startup Cost": 0.00,
          "Total Cost": 212.93,
          "Plan Rows": 1393,
          "Plan Width": 532,
          "Actual Startup Time": 0.008,
          "Actual Total Time": 0.857,
          "Actual Rows": 10000,
          "Actual Loops": 1
        },
        {
          "Node Type": "Hash",
          "Parent Relationship": "Inner",
          "Parallel Aware": false,
          "Async Capable": false,
          "Startup Cost": 158.28,
          "Total Cost": 158.28,
          "Plan Rows": 40,
          "Plan Width": 16,
          "Actual Startup Time": 0.573,
          "Actual Total Time": 0.574,
          "Actual Rows": 17,
          "Actual Loops": 1,
          "Hash Buckets": 1024,
          "Original Hash Buckets": 1024,
          "Hash Batches": 1,
          "Original Hash Batches": 1,
          "Peak Memory Usage": 9,
          "Plans": [
            {
              "Node Type": "Seq Scan",
              "Parent Relationship": "Outer",
              "Parallel Aware": false,
              "Async Capable": false,
              "Relation Name": "artwork_event",
              "Alias": "artwork_event",
              "Startup Cost": 0.00,
              "Total Cost": 158.28,
              "Plan Rows": 40,
              "Plan Width": 16,
              "Actual Startup Time": 0.009,
              "Actual Total Time": 0.569,
              "Actual Rows": 17,
              "Actual Loops": 1,
              "Filter": "(eventid = 'e76d47c6-fb7c-4db6-9e45-4fdf885e8cf1'::uuid)",
              "Rows Removed by Filter": 7983
            }
          ]
        }
      ]
    },
    "Planning Time": 0.516,
    "Triggers": [
    ],
    "Execution Time": 2.074
  }
][
  {
    "Plan": {
      "Node Type": "Hash Join",
      "Parallel Aware": false,
      "Async Capable": false,
      "Join Type": "Inner",
      "Startup Cost": 181.12,
      "Total Cost": 397.72,
      "Plan Rows": 45,
      "Plan Width": 516,
      "Actual Startup Time": 0.802,
      "Actual Total Time": 2.083,
      "Actual Rows": 18,
      "Actual Loops": 1,
      "Inner Unique": true,
      "Hash Cond": "(artworks.id = artwork_event.artworkid)",
      "Plans": [
        {
          "Node Type": "Seq Scan",
          "Parent Relationship": "Outer",
          "Parallel Aware": false,
          "Async Capable": false,
          "Relation Name": "artworks",
          "Alias": "artworks",
          "Startup Cost": 0.00,
          "Total Cost": 212.93,
          "Plan Rows": 1393,
          "Plan Width": 532,
          "Actual Startup Time": 0.010,
          "Actual Total Time": 0.841,
          "Actual Rows": 10000,
          "Actual Loops": 1
        },
        {
          "Node Type": "Hash",
          "Parent Relationship": "Inner",
          "Parallel Aware": false,
          "Async Capable": false,
          "Startup Cost": 180.56,
          "Total Cost": 180.56,
          "Plan Rows": 45,
          "Plan Width": 16,
          "Actual Startup Time": 0.659,
          "Actual Total Time": 0.660,
          "Actual Rows": 18,
          "Actual Loops": 1,
          "Hash Buckets": 1024,
          "Original Hash Buckets": 1024,
          "Hash Batches": 1,
          "Original Hash Batches": 1,
          "Peak Memory Usage": 9,
          "Plans": [
            {
              "Node Type": "Seq Scan",
              "Parent Relationship": "Outer",
              "Parallel Aware": false,
              "Async Capable": false,
              "Relation Name": "artwork_event",
              "Alias": "artwork_event",
              "Startup Cost": 0.00,
              "Total Cost": 180.56,
              "Plan Rows": 45,
              "Plan Width": 16,
              "Actual Startup Time": 0.047,
              "Actual Total Time": 0.654,
              "Actual Rows": 18,
              "Actual Loops": 1,
              "Filter": "(eventid = '14c1cf15-cf82-4809-bab5-cc206997d5eb'::uuid)",
              "Rows Removed by Filter": 8982
            }
          ]
        }
      ]
    },
    "Planning Time": 0.570,
    "Triggers": [
    ],
    "Execution Time": 2.124
  }
][
  {
    "Plan": {
      "Node Type": "Hash Join",
      "Parallel Aware": false,
      "Async Capable": false,
      "Join Type": "Inner",
      "Startup Cost": 198.88,
      "Total Cost": 415.47,
      "Plan Rows": 50,
      "Plan Width": 516,
      "Actual Startup Time": 0.856,
      "Actual Total Time": 2.136,
      "Actual Rows": 16,
      "Actual Loops": 1,
      "Inner Unique": true,
      "Hash Cond": "(artworks.id = artwork_event.artworkid)",
      "Plans": [
        {
          "Node Type": "Seq Scan",
          "Parent Relationship": "Outer",
          "Parallel Aware": false,
          "Async Capable": false,
          "Relation Name": "artworks",
          "Alias": "artworks",
          "Startup Cost": 0.00,
          "Total Cost": 212.93,
          "Plan Rows": 1393,
          "Plan Width": 532,
          "Actual Startup Time": 0.009,
          "Actual Total Time": 0.845,
          "Actual Rows": 10000,
          "Actual Loops": 1
        },
        {
          "Node Type": "Hash",
          "Parent Relationship": "Inner",
          "Parallel Aware": false,
          "Async Capable": false,
          "Startup Cost": 198.25,
          "Total Cost": 198.25,
          "Plan Rows": 50,
          "Plan Width": 16,
          "Actual Startup Time": 0.710,
          "Actual Total Time": 0.711,
          "Actual Rows": 16,
          "Actual Loops": 1,
          "Hash Buckets": 1024,
          "Original Hash Buckets": 1024,
          "Hash Batches": 1,
          "Original Hash Batches": 1,
          "Peak Memory Usage": 9,
          "Plans": [
            {
              "Node Type": "Seq Scan",
              "Parent Relationship": "Outer",
              "Parallel Aware": false,
              "Async Capable": false,
              "Relation Name": "artwork_event",
              "Alias": "artwork_event",
              "Startup Cost": 0.00,
              "Total Cost": 198.25,
              "Plan Rows": 50,
              "Plan Width": 16,
              "Actual Startup Time": 0.021,
              "Actual Total Time": 0.706,
              "Actual Rows": 16,
              "Actual Loops": 1,
              "Filter": "(eventid = 'de92f2ac-95e0-4cbe-b9b2-aee05eacf1a0'::uuid)",
              "Rows Removed by Filter": 9984
            }
          ]
        }
      ]
    },
    "Planning Time": 0.463,
    "Triggers": [
    ],
    "Execution Time": 2.172
  }
][
  {
    "Plan": {
      "Node Type": "Hash Join",
      "Parallel Aware": false,
      "Async Capable": false,
      "Join Type": "Inner",
      "Startup Cost": 218.51,
      "Total Cost": 435.11,
      "Plan Rows": 55,
      "Plan Width": 516,
      "Actual Startup Time": 1.139,
      "Actual Total Time": 2.513,
      "Actual Rows": 20,
      "Actual Loops": 1,
      "Inner Unique": true,
      "Hash Cond": "(artworks.id = artwork_event.artworkid)",
      "Plans": [
        {
          "Node Type": "Seq Scan",
          "Parent Relationship": "Outer",
          "Parallel Aware": false,
          "Async Capable": false,
          "Relation Name": "artworks",
          "Alias": "artworks",
          "Startup Cost": 0.00,
          "Total Cost": 212.93,
          "Plan Rows": 1393,
          "Plan Width": 532,
          "Actual Startup Time": 0.010,
          "Actual Total Time": 0.831,
          "Actual Rows": 10000,
          "Actual Loops": 1
        },
        {
          "Node Type": "Hash",
          "Parent Relationship": "Inner",
          "Parallel Aware": false,
          "Async Capable": false,
          "Startup Cost": 217.83,
          "Total Cost": 217.83,
          "Plan Rows": 55,
          "Plan Width": 16,
          "Actual Startup Time": 1.080,
          "Actual Total Time": 1.080,
          "Actual Rows": 20,
          "Actual Loops": 1,
          "Hash Buckets": 1024,
          "Original Hash Buckets": 1024,
          "Hash Batches": 1,
          "Original Hash Batches": 1,
          "Peak Memory Usage": 9,
          "Plans": [
            {
              "Node Type": "Seq Scan",
              "Parent Relationship": "Outer",
              "Parallel Aware": false,
              "Async Capable": false,
              "Relation Name": "artwork_event",
              "Alias": "artwork_event",
              "Startup Cost": 0.00,
              "Total Cost": 217.83,
              "Plan Rows": 55,
              "Plan Width": 16,
              "Actual Startup Time": 0.090,
              "Actual Total Time": 1.074,
              "Actual Rows": 20,
              "Actual Loops": 1,
              "Filter": "(eventid = '400697ee-05a5-42b0-afd9-898866591722'::uuid)",
              "Rows Removed by Filter": 10980
            }
          ]
        }
      ]
    },
    "Planning Time": 0.642,
    "Triggers": [
    ],
    "Execution Time": 2.555
  }
][
  {
    "Plan": {
      "Node Type": "Hash Join",
      "Parallel Aware": false,
      "Async Capable": false,
      "Join Type": "Inner",
      "Startup Cost": 240.83,
      "Total Cost": 457.42,
      "Plan Rows": 60,
      "Plan Width": 516,
      "Actual Startup Time": 1.037,
      "Actual Total Time": 2.553,
      "Actual Rows": 20,
      "Actual Loops": 1,
      "Inner Unique": true,
      "Hash Cond": "(artworks.id = artwork_event.artworkid)",
      "Plans": [
        {
          "Node Type": "Seq Scan",
          "Parent Relationship": "Outer",
          "Parallel Aware": false,
          "Async Capable": false,
          "Relation Name": "artworks",
          "Alias": "artworks",
          "Startup Cost": 0.00,
          "Total Cost": 212.93,
          "Plan Rows": 1393,
          "Plan Width": 532,
          "Actual Startup Time": 0.010,
          "Actual Total Time": 0.915,
          "Actual Rows": 10000,
          "Actual Loops": 1
        },
        {
          "Node Type": "Hash",
          "Parent Relationship": "Inner",
          "Parallel Aware": false,
          "Async Capable": false,
          "Startup Cost": 240.08,
          "Total Cost": 240.08,
          "Plan Rows": 60,
          "Plan Width": 16,
          "Actual Startup Time": 0.985,
          "Actual Total Time": 0.986,
          "Actual Rows": 20,
          "Actual Loops": 1,
          "Hash Buckets": 1024,
          "Original Hash Buckets": 1024,
          "Hash Batches": 1,
          "Original Hash Batches": 1,
          "Peak Memory Usage": 9,
          "Plans": [
            {
              "Node Type": "Seq Scan",
              "Parent Relationship": "Outer",
              "Parallel Aware": false,
              "Async Capable": false,
              "Relation Name": "artwork_event",
              "Alias": "artwork_event",
              "Startup Cost": 0.00,
              "Total Cost": 240.08,
              "Plan Rows": 60,
              "Plan Width": 16,
              "Actual Startup Time": 0.094,
              "Actual Total Time": 0.979,
              "Actual Rows": 20,
              "Actual Loops": 1,
              "Filter": "(eventid = 'e4a8b5d8-3b83-4ebe-89db-036164ee9e71'::uuid)",
              "Rows Removed by Filter": 11980
            }
          ]
        }
      ]
    },
    "Planning Time": 0.538,
    "Triggers": [
    ],
    "Execution Time": 2.594
  }
][
  {
    "Plan": {
      "Node Type": "Hash Join",
      "Parallel Aware": false,
      "Async Capable": false,
      "Join Type": "Inner",
      "Startup Cost": 258.61,
      "Total Cost": 475.21,
      "Plan Rows": 65,
      "Plan Width": 516,
      "Actual Startup Time": 0.994,
      "Actual Total Time": 2.354,
      "Actual Rows": 25,
      "Actual Loops": 1,
      "Inner Unique": true,
      "Hash Cond": "(artworks.id = artwork_event.artworkid)",
      "Plans": [
        {
          "Node Type": "Seq Scan",
          "Parent Relationship": "Outer",
          "Parallel Aware": false,
          "Async Capable": false,
          "Relation Name": "artworks",
          "Alias": "artworks",
          "Startup Cost": 0.00,
          "Total Cost": 212.93,
          "Plan Rows": 1393,
          "Plan Width": 532,
          "Actual Startup Time": 0.008,
          "Actual Total Time": 0.831,
          "Actual Rows": 10000,
          "Actual Loops": 1
        },
        {
          "Node Type": "Hash",
          "Parent Relationship": "Inner",
          "Parallel Aware": false,
          "Async Capable": false,
          "Startup Cost": 257.80,
          "Total Cost": 257.80,
          "Plan Rows": 65,
          "Plan Width": 16,
          "Actual Startup Time": 0.926,
          "Actual Total Time": 0.927,
          "Actual Rows": 25,
          "Actual Loops": 1,
          "Hash Buckets": 1024,
          "Original Hash Buckets": 1024,
          "Hash Batches": 1,
          "Original Hash Batches": 1,
          "Peak Memory Usage": 10,
          "Plans": [
            {
              "Node Type": "Seq Scan",
              "Parent Relationship": "Outer",
              "Parallel Aware": false,
              "Async Capable": false,
              "Relation Name": "artwork_event",
              "Alias": "artwork_event",
              "Startup Cost": 0.00,
              "Total Cost": 257.80,
              "Plan Rows": 65,
              "Plan Width": 16,
              "Actual Startup Time": 0.012,
              "Actual Total Time": 0.921,
              "Actual Rows": 25,
              "Actual Loops": 1,
              "Filter": "(eventid = '96741cd4-38be-4d16-98b1-e303058e6b70'::uuid)",
              "Rows Removed by Filter": 12975
            }
          ]
        }
      ]
    },
    "Planning Time": 0.475,
    "Triggers": [
    ],
    "Execution Time": 2.390
  }
][
  {
    "Plan": {
      "Node Type": "Hash Join",
      "Parallel Aware": false,
      "Async Capable": false,
      "Join Type": "Inner",
      "Startup Cost": 280.91,
      "Total Cost": 497.51,
      "Plan Rows": 70,
      "Plan Width": 516,
      "Actual Startup Time": 1.090,
      "Actual Total Time": 2.457,
      "Actual Rows": 39,
      "Actual Loops": 1,
      "Inner Unique": true,
      "Hash Cond": "(artworks.id = artwork_event.artworkid)",
      "Plans": [
        {
          "Node Type": "Seq Scan",
          "Parent Relationship": "Outer",
          "Parallel Aware": false,
          "Async Capable": false,
          "Relation Name": "artworks",
          "Alias": "artworks",
          "Startup Cost": 0.00,
          "Total Cost": 212.93,
          "Plan Rows": 1393,
          "Plan Width": 532,
          "Actual Startup Time": 0.009,
          "Actual Total Time": 0.846,
          "Actual Rows": 10000,
          "Actual Loops": 1
        },
        {
          "Node Type": "Hash",
          "Parent Relationship": "Inner",
          "Parallel Aware": false,
          "Async Capable": false,
          "Startup Cost": 280.04,
          "Total Cost": 280.04,
          "Plan Rows": 70,
          "Plan Width": 16,
          "Actual Startup Time": 1.021,
          "Actual Total Time": 1.022,
          "Actual Rows": 39,
          "Actual Loops": 1,
          "Hash Buckets": 1024,
          "Original Hash Buckets": 1024,
          "Hash Batches": 1,
          "Original Hash Batches": 1,
          "Peak Memory Usage": 10,
          "Plans": [
            {
              "Node Type": "Seq Scan",
              "Parent Relationship": "Outer",
              "Parallel Aware": false,
              "Async Capable": false,
              "Relation Name": "artwork_event",
              "Alias": "artwork_event",
              "Startup Cost": 0.00,
              "Total Cost": 280.04,
              "Plan Rows": 70,
              "Plan Width": 16,
              "Actual Startup Time": 0.030,
              "Actual Total Time": 1.014,
              "Actual Rows": 39,
              "Actual Loops": 1,
              "Filter": "(eventid = '4395e5bf-f58e-43e1-b4a4-ad4cf277510d'::uuid)",
              "Rows Removed by Filter": 13961
            }
          ]
        }
      ]
    },
    "Planning Time": 0.478,
    "Triggers": [
    ],
    "Execution Time": 2.493
  }
][
  {
    "Plan": {
      "Node Type": "Hash Join",
      "Parallel Aware": false,
      "Async Capable": false,
      "Join Type": "Inner",
      "Startup Cost": 298.71,
      "Total Cost": 515.31,
      "Plan Rows": 75,
      "Plan Width": 516,
      "Actual Startup Time": 1.095,
      "Actual Total Time": 2.945,
      "Actual Rows": 33,
      "Actual Loops": 1,
      "Inner Unique": true,
      "Hash Cond": "(artworks.id = artwork_event.artworkid)",
      "Plans": [
        {
          "Node Type": "Seq Scan",
          "Parent Relationship": "Outer",
          "Parallel Aware": false,
          "Async Capable": false,
          "Relation Name": "artworks",
          "Alias": "artworks",
          "Startup Cost": 0.00,
          "Total Cost": 212.93,
          "Plan Rows": 1393,
          "Plan Width": 532,
          "Actual Startup Time": 0.009,
          "Actual Total Time": 1.176,
          "Actual Rows": 10000,
          "Actual Loops": 1
        },
        {
          "Node Type": "Hash",
          "Parent Relationship": "Inner",
          "Parallel Aware": false,
          "Async Capable": false,
          "Startup Cost": 297.77,
          "Total Cost": 297.77,
          "Plan Rows": 75,
          "Plan Width": 16,
          "Actual Startup Time": 1.069,
          "Actual Total Time": 1.070,
          "Actual Rows": 33,
          "Actual Loops": 1,
          "Hash Buckets": 1024,
          "Original Hash Buckets": 1024,
          "Hash Batches": 1,
          "Original Hash Batches": 1,
          "Peak Memory Usage": 10,
          "Plans": [
            {
              "Node Type": "Seq Scan",
              "Parent Relationship": "Outer",
              "Parallel Aware": false,
              "Async Capable": false,
              "Relation Name": "artwork_event",
              "Alias": "artwork_event",
              "Startup Cost": 0.00,
              "Total Cost": 297.77,
              "Plan Rows": 75,
              "Plan Width": 16,
              "Actual Startup Time": 0.011,
              "Actual Total Time": 1.062,
              "Actual Rows": 33,
              "Actual Loops": 1,
              "Filter": "(eventid = '57624b5f-a616-44c5-8603-6169715d76f5'::uuid)",
              "Rows Removed by Filter": 14967
            }
          ]
        }
      ]
    },
    "Planning Time": 0.462,
    "Triggers": [
    ],
    "Execution Time": 2.983
  }
][
  {
    "Plan": {
      "Node Type": "Hash Join",
      "Parallel Aware": false,
      "Async Capable": false,
      "Join Type": "Inner",
      "Startup Cost": 318.33,
      "Total Cost": 534.92,
      "Plan Rows": 80,
      "Plan Width": 516,
      "Actual Startup Time": 1.353,
      "Actual Total Time": 2.632,
      "Actual Rows": 39,
      "Actual Loops": 1,
      "Inner Unique": true,
      "Hash Cond": "(artworks.id = artwork_event.artworkid)",
      "Plans": [
        {
          "Node Type": "Seq Scan",
          "Parent Relationship": "Outer",
          "Parallel Aware": false,
          "Async Capable": false,
          "Relation Name": "artworks",
          "Alias": "artworks",
          "Startup Cost": 0.00,
          "Total Cost": 212.93,
          "Plan Rows": 1393,
          "Plan Width": 532,
          "Actual Startup Time": 0.010,
          "Actual Total Time": 0.834,
          "Actual Rows": 10000,
          "Actual Loops": 1
        },
        {
          "Node Type": "Hash",
          "Parent Relationship": "Inner",
          "Parallel Aware": false,
          "Async Capable": false,
          "Startup Cost": 317.33,
          "Total Cost": 317.33,
          "Plan Rows": 80,
          "Plan Width": 16,
          "Actual Startup Time": 1.185,
          "Actual Total Time": 1.186,
          "Actual Rows": 39,
          "Actual Loops": 1,
          "Hash Buckets": 1024,
          "Original Hash Buckets": 1024,
          "Hash Batches": 1,
          "Original Hash Batches": 1,
          "Peak Memory Usage": 10,
          "Plans": [
            {
              "Node Type": "Seq Scan",
              "Parent Relationship": "Outer",
              "Parallel Aware": false,
              "Async Capable": false,
              "Relation Name": "artwork_event",
              "Alias": "artwork_event",
              "Startup Cost": 0.00,
              "Total Cost": 317.33,
              "Plan Rows": 80,
              "Plan Width": 16,
              "Actual Startup Time": 0.026,
              "Actual Total Time": 1.178,
              "Actual Rows": 39,
              "Actual Loops": 1,
              "Filter": "(eventid = '8f14c2c9-521a-4a2a-8fa8-da17862e0c8e'::uuid)",
              "Rows Removed by Filter": 15961
            }
          ]
        }
      ]
    },
    "Planning Time": 0.553,
    "Triggers": [
    ],
    "Execution Time": 2.672
  }
][
  {
    "Plan": {
      "Node Type": "Hash Join",
      "Parallel Aware": false,
      "Async Capable": false,
      "Join Type": "Inner",
      "Startup Cost": 340.62,
      "Total Cost": 557.22,
      "Plan Rows": 85,
      "Plan Width": 516,
      "Actual Startup Time": 1.400,
      "Actual Total Time": 2.700,
      "Actual Rows": 30,
      "Actual Loops": 1,
      "Inner Unique": true,
      "Hash Cond": "(artworks.id = artwork_event.artworkid)",
      "Plans": [
        {
          "Node Type": "Seq Scan",
          "Parent Relationship": "Outer",
          "Parallel Aware": false,
          "Async Capable": false,
          "Relation Name": "artworks",
          "Alias": "artworks",
          "Startup Cost": 0.00,
          "Total Cost": 212.93,
          "Plan Rows": 1393,
          "Plan Width": 532,
          "Actual Startup Time": 0.009,
          "Actual Total Time": 0.833,
          "Actual Rows": 10000,
          "Actual Loops": 1
        },
        {
          "Node Type": "Hash",
          "Parent Relationship": "Inner",
          "Parallel Aware": false,
          "Async Capable": false,
          "Startup Cost": 339.56,
          "Total Cost": 339.56,
          "Plan Rows": 85,
          "Plan Width": 16,
          "Actual Startup Time": 1.282,
          "Actual Total Time": 1.282,
          "Actual Rows": 30,
          "Actual Loops": 1,
          "Hash Buckets": 1024,
          "Original Hash Buckets": 1024,
          "Hash Batches": 1,
          "Original Hash Batches": 1,
          "Peak Memory Usage": 10,
          "Plans": [
            {
              "Node Type": "Seq Scan",
              "Parent Relationship": "Outer",
              "Parallel Aware": false,
              "Async Capable": false,
              "Relation Name": "artwork_event",
              "Alias": "artwork_event",
              "Startup Cost": 0.00,
              "Total Cost": 339.56,
              "Plan Rows": 85,
              "Plan Width": 16,
              "Actual Startup Time": 0.197,
              "Actual Total Time": 1.274,
              "Actual Rows": 30,
              "Actual Loops": 1,
              "Filter": "(eventid = '31d74fe1-260a-4e55-acbc-e28e9b199f54'::uuid)",
              "Rows Removed by Filter": 16970
            }
          ]
        }
      ]
    },
    "Planning Time": 0.566,
    "Triggers": [
    ],
    "Execution Time": 2.738
  }
][
  {
    "Plan": {
      "Node Type": "Hash Join",
      "Parallel Aware": false,
      "Async Capable": false,
      "Join Type": "Inner",
      "Startup Cost": 358.43,
      "Total Cost": 575.02,
      "Plan Rows": 90,
      "Plan Width": 516,
      "Actual Startup Time": 1.561,
      "Actual Total Time": 3.503,
      "Actual Rows": 31,
      "Actual Loops": 1,
      "Inner Unique": true,
      "Hash Cond": "(artworks.id = artwork_event.artworkid)",
      "Plans": [
        {
          "Node Type": "Seq Scan",
          "Parent Relationship": "Outer",
          "Parallel Aware": false,
          "Async Capable": false,
          "Relation Name": "artworks",
          "Alias": "artworks",
          "Startup Cost": 0.00,
          "Total Cost": 212.93,
          "Plan Rows": 1393,
          "Plan Width": 532,
          "Actual Startup Time": 0.009,
          "Actual Total Time": 1.216,
          "Actual Rows": 10000,
          "Actual Loops": 1
        },
        {
          "Node Type": "Hash",
          "Parent Relationship": "Inner",
          "Parallel Aware": false,
          "Async Capable": false,
          "Startup Cost": 357.30,
          "Total Cost": 357.30,
          "Plan Rows": 90,
          "Plan Width": 16,
          "Actual Startup Time": 1.508,
          "Actual Total Time": 1.510,
          "Actual Rows": 31,
          "Actual Loops": 1,
          "Hash Buckets": 1024,
          "Original Hash Buckets": 1024,
          "Hash Batches": 1,
          "Original Hash Batches": 1,
          "Peak Memory Usage": 10,
          "Plans": [
            {
              "Node Type": "Seq Scan",
              "Parent Relationship": "Outer",
              "Parallel Aware": false,
              "Async Capable": false,
              "Relation Name": "artwork_event",
              "Alias": "artwork_event",
              "Startup Cost": 0.00,
              "Total Cost": 357.30,
              "Plan Rows": 90,
              "Plan Width": 16,
              "Actual Startup Time": 0.052,
              "Actual Total Time": 1.496,
              "Actual Rows": 31,
              "Actual Loops": 1,
              "Filter": "(eventid = '583de2ad-56b6-413d-a045-bab55c94db6f'::uuid)",
              "Rows Removed by Filter": 17969
            }
          ]
        }
      ]
    },
    "Planning Time": 0.520,
    "Triggers": [
    ],
    "Execution Time": 3.547
  }
][
  {
    "Plan": {
      "Node Type": "Hash Join",
      "Parallel Aware": false,
      "Async Capable": false,
      "Join Type": "Inner",
      "Startup Cost": 378.02,
      "Total Cost": 594.62,
      "Plan Rows": 95,
      "Plan Width": 516,
      "Actual Startup Time": 1.456,
      "Actual Total Time": 2.853,
      "Actual Rows": 48,
      "Actual Loops": 1,
      "Inner Unique": true,
      "Hash Cond": "(artworks.id = artwork_event.artworkid)",
      "Plans": [
        {
          "Node Type": "Seq Scan",
          "Parent Relationship": "Outer",
          "Parallel Aware": false,
          "Async Capable": false,
          "Relation Name": "artworks",
          "Alias": "artworks",
          "Startup Cost": 0.00,
          "Total Cost": 212.93,
          "Plan Rows": 1393,
          "Plan Width": 532,
          "Actual Startup Time": 0.010,
          "Actual Total Time": 0.818,
          "Actual Rows": 10000,
          "Actual Loops": 1
        },
        {
          "Node Type": "Hash",
          "Parent Relationship": "Inner",
          "Parallel Aware": false,
          "Async Capable": false,
          "Startup Cost": 376.84,
          "Total Cost": 376.84,
          "Plan Rows": 95,
          "Plan Width": 16,
          "Actual Startup Time": 1.408,
          "Actual Total Time": 1.409,
          "Actual Rows": 48,
          "Actual Loops": 1,
          "Hash Buckets": 1024,
          "Original Hash Buckets": 1024,
          "Hash Batches": 1,
          "Original Hash Batches": 1,
          "Peak Memory Usage": 11,
          "Plans": [
            {
              "Node Type": "Seq Scan",
              "Parent Relationship": "Outer",
              "Parallel Aware": false,
              "Async Capable": false,
              "Relation Name": "artwork_event",
              "Alias": "artwork_event",
              "Startup Cost": 0.00,
              "Total Cost": 376.84,
              "Plan Rows": 95,
              "Plan Width": 16,
              "Actual Startup Time": 0.084,
              "Actual Total Time": 1.397,
              "Actual Rows": 48,
              "Actual Loops": 1,
              "Filter": "(eventid = 'e640c66f-0d92-43dd-a3f2-9260d15936d5'::uuid)",
              "Rows Removed by Filter": 18952
            }
          ]
        }
      ]
    },
    "Planning Time": 0.544,
    "Triggers": [
    ],
    "Execution Time": 2.894
  }
][
  {
    "Plan": {
      "Node Type": "Hash Join",
      "Parallel Aware": false,
      "Async Capable": false,
      "Join Type": "Inner",
      "Startup Cost": 400.33,
      "Total Cost": 616.92,
      "Plan Rows": 100,
      "Plan Width": 516,
      "Actual Startup Time": 1.621,
      "Actual Total Time": 2.960,
      "Actual Rows": 38,
      "Actual Loops": 1,
      "Inner Unique": true,
      "Hash Cond": "(artworks.id = artwork_event.artworkid)",
      "Plans": [
        {
          "Node Type": "Seq Scan",
          "Parent Relationship": "Outer",
          "Parallel Aware": false,
          "Async Capable": false,
          "Relation Name": "artworks",
          "Alias": "artworks",
          "Startup Cost": 0.00,
          "Total Cost": 212.93,
          "Plan Rows": 1393,
          "Plan Width": 532,
          "Actual Startup Time": 0.010,
          "Actual Total Time": 0.849,
          "Actual Rows": 10000,
          "Actual Loops": 1
        },
        {
          "Node Type": "Hash",
          "Parent Relationship": "Inner",
          "Parallel Aware": false,
          "Async Capable": false,
          "Startup Cost": 399.08,
          "Total Cost": 399.08,
          "Plan Rows": 100,
          "Plan Width": 16,
          "Actual Startup Time": 1.510,
          "Actual Total Time": 1.511,
          "Actual Rows": 38,
          "Actual Loops": 1,
          "Hash Buckets": 1024,
          "Original Hash Buckets": 1024,
          "Hash Batches": 1,
          "Original Hash Batches": 1,
          "Peak Memory Usage": 10,
          "Plans": [
            {
              "Node Type": "Seq Scan",
              "Parent Relationship": "Outer",
              "Parallel Aware": false,
              "Async Capable": false,
              "Relation Name": "artwork_event",
              "Alias": "artwork_event",
              "Startup Cost": 0.00,
              "Total Cost": 399.08,
              "Plan Rows": 100,
              "Plan Width": 16,
              "Actual Startup Time": 0.064,
              "Actual Total Time": 1.500,
              "Actual Rows": 38,
              "Actual Loops": 1,
              "Filter": "(eventid = '613bb031-20e9-4a89-9868-209200650eb0'::uuid)",
              "Rows Removed by Filter": 19962
            }
          ]
        }
      ]
    },
    "Planning Time": 0.484,
    "Triggers": [
    ],
    "Execution Time": 2.999
  }
][
  {
    "Plan": {
      "Node Type": "Hash Join",
      "Parallel Aware": false,
      "Async Capable": false,
      "Join Type": "Inner",
      "Startup Cost": 418.14,
      "Total Cost": 634.74,
      "Plan Rows": 105,
      "Plan Width": 516,
      "Actual Startup Time": 1.553,
      "Actual Total Time": 2.947,
      "Actual Rows": 39,
      "Actual Loops": 1,
      "Inner Unique": true,
      "Hash Cond": "(artworks.id = artwork_event.artworkid)",
      "Plans": [
        {
          "Node Type": "Seq Scan",
          "Parent Relationship": "Outer",
          "Parallel Aware": false,
          "Async Capable": false,
          "Relation Name": "artworks",
          "Alias": "artworks",
          "Startup Cost": 0.00,
          "Total Cost": 212.93,
          "Plan Rows": 1393,
          "Plan Width": 532,
          "Actual Startup Time": 0.009,
          "Actual Total Time": 0.849,
          "Actual Rows": 10000,
          "Actual Loops": 1
        },
        {
          "Node Type": "Hash",
          "Parent Relationship": "Inner",
          "Parallel Aware": false,
          "Async Capable": false,
          "Startup Cost": 416.82,
          "Total Cost": 416.82,
          "Plan Rows": 105,
          "Plan Width": 16,
          "Actual Startup Time": 1.508,
          "Actual Total Time": 1.508,
          "Actual Rows": 39,
          "Actual Loops": 1,
          "Hash Buckets": 1024,
          "Original Hash Buckets": 1024,
          "Hash Batches": 1,
          "Original Hash Batches": 1,
          "Peak Memory Usage": 10,
          "Plans": [
            {
              "Node Type": "Seq Scan",
              "Parent Relationship": "Outer",
              "Parallel Aware": false,
              "Async Capable": false,
              "Relation Name": "artwork_event",
              "Alias": "artwork_event",
              "Startup Cost": 0.00,
              "Total Cost": 416.82,
              "Plan Rows": 105,
              "Plan Width": 16,
              "Actual Startup Time": 0.010,
              "Actual Total Time": 1.500,
              "Actual Rows": 39,
              "Actual Loops": 1,
              "Filter": "(eventid = 'b9bde7fe-8de0-4d1d-9b73-6384f8e6968d'::uuid)",
              "Rows Removed by Filter": 20961
            }
          ]
        }
      ]
    },
    "Planning Time": 0.533,
    "Triggers": [
    ],
    "Execution Time": 2.985
  }
][
  {
    "Plan": {
      "Node Type": "Hash Join",
      "Parallel Aware": false,
      "Async Capable": false,
      "Join Type": "Inner",
      "Startup Cost": 440.43,
      "Total Cost": 657.02,
      "Plan Rows": 110,
      "Plan Width": 516,
      "Actual Startup Time": 1.823,
      "Actual Total Time": 3.116,
      "Actual Rows": 49,
      "Actual Loops": 1,
      "Inner Unique": true,
      "Hash Cond": "(artworks.id = artwork_event.artworkid)",
      "Plans": [
        {
          "Node Type": "Seq Scan",
          "Parent Relationship": "Outer",
          "Parallel Aware": false,
          "Async Capable": false,
          "Relation Name": "artworks",
          "Alias": "artworks",
          "Startup Cost": 0.00,
          "Total Cost": 212.93,
          "Plan Rows": 1393,
          "Plan Width": 532,
          "Actual Startup Time": 0.010,
          "Actual Total Time": 0.855,
          "Actual Rows": 10000,
          "Actual Loops": 1
        },
        {
          "Node Type": "Hash",
          "Parent Relationship": "Inner",
          "Parallel Aware": false,
          "Async Capable": false,
          "Startup Cost": 439.05,
          "Total Cost": 439.05,
          "Plan Rows": 110,
          "Plan Width": 16,
          "Actual Startup Time": 1.662,
          "Actual Total Time": 1.663,
          "Actual Rows": 49,
          "Actual Loops": 1,
          "Hash Buckets": 1024,
          "Original Hash Buckets": 1024,
          "Hash Batches": 1,
          "Original Hash Batches": 1,
          "Peak Memory Usage": 11,
          "Plans": [
            {
              "Node Type": "Seq Scan",
              "Parent Relationship": "Outer",
              "Parallel Aware": false,
              "Async Capable": false,
              "Relation Name": "artwork_event",
              "Alias": "artwork_event",
              "Startup Cost": 0.00,
              "Total Cost": 439.05,
              "Plan Rows": 110,
              "Plan Width": 16,
              "Actual Startup Time": 0.035,
              "Actual Total Time": 1.650,
              "Actual Rows": 49,
              "Actual Loops": 1,
              "Filter": "(eventid = '3a6e59fc-db56-42e7-8960-d07eaad77df2'::uuid)",
              "Rows Removed by Filter": 21951
            }
          ]
        }
      ]
    },
    "Planning Time": 0.570,
    "Triggers": [
    ],
    "Execution Time": 3.158
  }
][
  {
    "Plan": {
      "Node Type": "Hash Join",
      "Parallel Aware": false,
      "Async Capable": false,
      "Join Type": "Inner",
      "Startup Cost": 458.25,
      "Total Cost": 674.85,
      "Plan Rows": 115,
      "Plan Width": 516,
      "Actual Startup Time": 1.796,
      "Actual Total Time": 3.264,
      "Actual Rows": 51,
      "Actual Loops": 1,
      "Inner Unique": true,
      "Hash Cond": "(artworks.id = artwork_event.artworkid)",
      "Plans": [
        {
          "Node Type": "Seq Scan",
          "Parent Relationship": "Outer",
          "Parallel Aware": false,
          "Async Capable": false,
          "Relation Name": "artworks",
          "Alias": "artworks",
          "Startup Cost": 0.00,
          "Total Cost": 212.93,
          "Plan Rows": 1393,
          "Plan Width": 532,
          "Actual Startup Time": 0.010,
          "Actual Total Time": 0.864,
          "Actual Rows": 10000,
          "Actual Loops": 1
        },
        {
          "Node Type": "Hash",
          "Parent Relationship": "Inner",
          "Parallel Aware": false,
          "Async Capable": false,
          "Startup Cost": 456.81,
          "Total Cost": 456.81,
          "Plan Rows": 115,
          "Plan Width": 16,
          "Actual Startup Time": 1.765,
          "Actual Total Time": 1.765,
          "Actual Rows": 51,
          "Actual Loops": 1,
          "Hash Buckets": 1024,
          "Original Hash Buckets": 1024,
          "Hash Batches": 1,
          "Original Hash Batches": 1,
          "Peak Memory Usage": 11,
          "Plans": [
            {
              "Node Type": "Seq Scan",
              "Parent Relationship": "Outer",
              "Parallel Aware": false,
              "Async Capable": false,
              "Relation Name": "artwork_event",
              "Alias": "artwork_event",
              "Startup Cost": 0.00,
              "Total Cost": 456.81,
              "Plan Rows": 115,
              "Plan Width": 16,
              "Actual Startup Time": 0.037,
              "Actual Total Time": 1.753,
              "Actual Rows": 51,
              "Actual Loops": 1,
              "Filter": "(eventid = '71a34cf4-a11e-4ca8-b61f-a9afaa449ca8'::uuid)",
              "Rows Removed by Filter": 22949
            }
          ]
        }
      ]
    },
    "Planning Time": 0.563,
    "Triggers": [
    ],
    "Execution Time": 3.307
  }
][
  {
    "Plan": {
      "Node Type": "Hash Join",
      "Parallel Aware": false,
      "Async Capable": false,
      "Join Type": "Inner",
      "Startup Cost": 477.84,
      "Total Cost": 694.44,
      "Plan Rows": 120,
      "Plan Width": 516,
      "Actual Startup Time": 1.798,
      "Actual Total Time": 3.213,
      "Actual Rows": 42,
      "Actual Loops": 1,
      "Inner Unique": true,
      "Hash Cond": "(artworks.id = artwork_event.artworkid)",
      "Plans": [
        {
          "Node Type": "Seq Scan",
          "Parent Relationship": "Outer",
          "Parallel Aware": false,
          "Async Capable": false,
          "Relation Name": "artworks",
          "Alias": "artworks",
          "Startup Cost": 0.00,
          "Total Cost": 212.93,
          "Plan Rows": 1393,
          "Plan Width": 532,
          "Actual Startup Time": 0.008,
          "Actual Total Time": 0.845,
          "Actual Rows": 10000,
          "Actual Loops": 1
        },
        {
          "Node Type": "Hash",
          "Parent Relationship": "Inner",
          "Parallel Aware": false,
          "Async Capable": false,
          "Startup Cost": 476.34,
          "Total Cost": 476.34,
          "Plan Rows": 120,
          "Plan Width": 16,
          "Actual Startup Time": 1.774,
          "Actual Total Time": 1.775,
          "Actual Rows": 42,
          "Actual Loops": 1,
          "Hash Buckets": 1024,
          "Original Hash Buckets": 1024,
          "Hash Batches": 1,
          "Original Hash Batches": 1,
          "Peak Memory Usage": 10,
          "Plans": [
            {
              "Node Type": "Seq Scan",
              "Parent Relationship": "Outer",
              "Parallel Aware": false,
              "Async Capable": false,
              "Relation Name": "artwork_event",
              "Alias": "artwork_event",
              "Startup Cost": 0.00,
              "Total Cost": 476.34,
              "Plan Rows": 120,
              "Plan Width": 16,
              "Actual Startup Time": 0.052,
              "Actual Total Time": 1.758,
              "Actual Rows": 42,
              "Actual Loops": 1,
              "Filter": "(eventid = 'dd7b54ab-1728-49e5-97e6-ec995dbf7731'::uuid)",
              "Rows Removed by Filter": 23958
            }
          ]
        }
      ]
    },
    "Planning Time": 0.462,
    "Triggers": [
    ],
    "Execution Time": 3.249
  }
][
  {
    "Plan": {
      "Node Type": "Hash Join",
      "Parallel Aware": false,
      "Async Capable": false,
      "Join Type": "Inner",
      "Startup Cost": 500.12,
      "Total Cost": 716.72,
      "Plan Rows": 125,
      "Plan Width": 516,
      "Actual Startup Time": 1.873,
      "Actual Total Time": 3.294,
      "Actual Rows": 46,
      "Actual Loops": 1,
      "Inner Unique": true,
      "Hash Cond": "(artworks.id = artwork_event.artworkid)",
      "Plans": [
        {
          "Node Type": "Seq Scan",
          "Parent Relationship": "Outer",
          "Parallel Aware": false,
          "Async Capable": false,
          "Relation Name": "artworks",
          "Alias": "artworks",
          "Startup Cost": 0.00,
          "Total Cost": 212.93,
          "Plan Rows": 1393,
          "Plan Width": 532,
          "Actual Startup Time": 0.009,
          "Actual Total Time": 0.867,
          "Actual Rows": 10000,
          "Actual Loops": 1
        },
        {
          "Node Type": "Hash",
          "Parent Relationship": "Inner",
          "Parallel Aware": false,
          "Async Capable": false,
          "Startup Cost": 498.56,
          "Total Cost": 498.56,
          "Plan Rows": 125,
          "Plan Width": 16,
          "Actual Startup Time": 1.820,
          "Actual Total Time": 1.821,
          "Actual Rows": 46,
          "Actual Loops": 1,
          "Hash Buckets": 1024,
          "Original Hash Buckets": 1024,
          "Hash Batches": 1,
          "Original Hash Batches": 1,
          "Peak Memory Usage": 11,
          "Plans": [
            {
              "Node Type": "Seq Scan",
              "Parent Relationship": "Outer",
              "Parallel Aware": false,
              "Async Capable": false,
              "Relation Name": "artwork_event",
              "Alias": "artwork_event",
              "Startup Cost": 0.00,
              "Total Cost": 498.56,
              "Plan Rows": 125,
              "Plan Width": 16,
              "Actual Startup Time": 0.038,
              "Actual Total Time": 1.809,
              "Actual Rows": 46,
              "Actual Loops": 1,
              "Filter": "(eventid = '44c41125-45c5-4806-8488-17e01ce375b8'::uuid)",
              "Rows Removed by Filter": 24954
            }
          ]
        }
      ]
    },
    "Planning Time": 0.442,
    "Triggers": [
    ],
    "Execution Time": 3.333
  }
][
  {
    "Plan": {
      "Node Type": "Hash Join",
      "Parallel Aware": false,
      "Async Capable": false,
      "Join Type": "Inner",
      "Startup Cost": 517.95,
      "Total Cost": 734.55,
      "Plan Rows": 130,
      "Plan Width": 516,
      "Actual Startup Time": 1.934,
      "Actual Total Time": 3.320,
      "Actual Rows": 52,
      "Actual Loops": 1,
      "Inner Unique": true,
      "Hash Cond": "(artworks.id = artwork_event.artworkid)",
      "Plans": [
        {
          "Node Type": "Seq Scan",
          "Parent Relationship": "Outer",
          "Parallel Aware": false,
          "Async Capable": false,
          "Relation Name": "artworks",
          "Alias": "artworks",
          "Startup Cost": 0.00,
          "Total Cost": 212.93,
          "Plan Rows": 1393,
          "Plan Width": 532,
          "Actual Startup Time": 0.008,
          "Actual Total Time": 0.862,
          "Actual Rows": 10000,
          "Actual Loops": 1
        },
        {
          "Node Type": "Hash",
          "Parent Relationship": "Inner",
          "Parallel Aware": false,
          "Async Capable": false,
          "Startup Cost": 516.33,
          "Total Cost": 516.33,
          "Plan Rows": 130,
          "Plan Width": 16,
          "Actual Startup Time": 1.864,
          "Actual Total Time": 1.865,
          "Actual Rows": 52,
          "Actual Loops": 1,
          "Hash Buckets": 1024,
          "Original Hash Buckets": 1024,
          "Hash Batches": 1,
          "Original Hash Batches": 1,
          "Peak Memory Usage": 11,
          "Plans": [
            {
              "Node Type": "Seq Scan",
              "Parent Relationship": "Outer",
              "Parallel Aware": false,
              "Async Capable": false,
              "Relation Name": "artwork_event",
              "Alias": "artwork_event",
              "Startup Cost": 0.00,
              "Total Cost": 516.33,
              "Plan Rows": 130,
              "Plan Width": 16,
              "Actual Startup Time": 0.093,
              "Actual Total Time": 1.853,
              "Actual Rows": 52,
              "Actual Loops": 1,
              "Filter": "(eventid = '1f23c7ef-ce3e-4ecf-815b-c70c02348b23'::uuid)",
              "Rows Removed by Filter": 25948
            }
          ]
        }
      ]
    },
    "Planning Time": 0.539,
    "Triggers": [
    ],
    "Execution Time": 3.356
  }
][
  {
    "Plan": {
      "Node Type": "Hash Join",
      "Parallel Aware": false,
      "Async Capable": false,
      "Join Type": "Inner",
      "Startup Cost": 540.23,
      "Total Cost": 756.82,
      "Plan Rows": 135,
      "Plan Width": 516,
      "Actual Startup Time": 1.984,
      "Actual Total Time": 3.398,
      "Actual Rows": 59,
      "Actual Loops": 1,
      "Inner Unique": true,
      "Hash Cond": "(artworks.id = artwork_event.artworkid)",
      "Plans": [
        {
          "Node Type": "Seq Scan",
          "Parent Relationship": "Outer",
          "Parallel Aware": false,
          "Async Capable": false,
          "Relation Name": "artworks",
          "Alias": "artworks",
          "Startup Cost": 0.00,
          "Total Cost": 212.93,
          "Plan Rows": 1393,
          "Plan Width": 532,
          "Actual Startup Time": 0.010,
          "Actual Total Time": 0.825,
          "Actual Rows": 10000,
          "Actual Loops": 1
        },
        {
          "Node Type": "Hash",
          "Parent Relationship": "Inner",
          "Parallel Aware": false,
          "Async Capable": false,
          "Startup Cost": 538.54,
          "Total Cost": 538.54,
          "Plan Rows": 135,
          "Plan Width": 16,
          "Actual Startup Time": 1.956,
          "Actual Total Time": 1.957,
          "Actual Rows": 59,
          "Actual Loops": 1,
          "Hash Buckets": 1024,
          "Original Hash Buckets": 1024,
          "Hash Batches": 1,
          "Original Hash Batches": 1,
          "Peak Memory Usage": 11,
          "Plans": [
            {
              "Node Type": "Seq Scan",
              "Parent Relationship": "Outer",
              "Parallel Aware": false,
              "Async Capable": false,
              "Relation Name": "artwork_event",
              "Alias": "artwork_event",
              "Startup Cost": 0.00,
              "Total Cost": 538.54,
              "Plan Rows": 135,
              "Plan Width": 16,
              "Actual Startup Time": 0.110,
              "Actual Total Time": 1.944,
              "Actual Rows": 59,
              "Actual Loops": 1,
              "Filter": "(eventid = 'b46d5fe2-c848-4fec-ac0c-e882797a768f'::uuid)",
              "Rows Removed by Filter": 26941
            }
          ]
        }
      ]
    },
    "Planning Time": 0.490,
    "Triggers": [
    ],
    "Execution Time": 3.438
  }
][
  {
    "Plan": {
      "Node Type": "Hash Join",
      "Parallel Aware": false,
      "Async Capable": false,
      "Join Type": "Inner",
      "Startup Cost": 558.06,
      "Total Cost": 774.66,
      "Plan Rows": 140,
      "Plan Width": 516,
      "Actual Startup Time": 2.211,
      "Actual Total Time": 3.582,
      "Actual Rows": 63,
      "Actual Loops": 1,
      "Inner Unique": true,
      "Hash Cond": "(artworks.id = artwork_event.artworkid)",
      "Plans": [
        {
          "Node Type": "Seq Scan",
          "Parent Relationship": "Outer",
          "Parallel Aware": false,
          "Async Capable": false,
          "Relation Name": "artworks",
          "Alias": "artworks",
          "Startup Cost": 0.00,
          "Total Cost": 212.93,
          "Plan Rows": 1393,
          "Plan Width": 532,
          "Actual Startup Time": 0.014,
          "Actual Total Time": 0.836,
          "Actual Rows": 10000,
          "Actual Loops": 1
        },
        {
          "Node Type": "Hash",
          "Parent Relationship": "Inner",
          "Parallel Aware": false,
          "Async Capable": false,
          "Startup Cost": 556.31,
          "Total Cost": 556.31,
          "Plan Rows": 140,
          "Plan Width": 16,
          "Actual Startup Time": 2.143,
          "Actual Total Time": 2.144,
          "Actual Rows": 63,
          "Actual Loops": 1,
          "Hash Buckets": 1024,
          "Original Hash Buckets": 1024,
          "Hash Batches": 1,
          "Original Hash Batches": 1,
          "Peak Memory Usage": 11,
          "Plans": [
            {
              "Node Type": "Seq Scan",
              "Parent Relationship": "Outer",
              "Parallel Aware": false,
              "Async Capable": false,
              "Relation Name": "artwork_event",
              "Alias": "artwork_event",
              "Startup Cost": 0.00,
              "Total Cost": 556.31,
              "Plan Rows": 140,
              "Plan Width": 16,
              "Actual Startup Time": 0.024,
              "Actual Total Time": 2.128,
              "Actual Rows": 63,
              "Actual Loops": 1,
              "Filter": "(eventid = '010b0bf2-8b86-4092-8083-8011b7622493'::uuid)",
              "Rows Removed by Filter": 27937
            }
          ]
        }
      ]
    },
    "Planning Time": 0.622,
    "Triggers": [
    ],
    "Execution Time": 3.628
  }
][
  {
    "Plan": {
      "Node Type": "Hash Join",
      "Parallel Aware": false,
      "Async Capable": false,
      "Join Type": "Inner",
      "Startup Cost": 571.34,
      "Total Cost": 896.60,
      "Plan Rows": 54,
      "Plan Width": 26,
      "Actual Startup Time": 2.036,
      "Actual Total Time": 3.268,
      "Actual Rows": 50,
      "Actual Loops": 1,
      "Inner Unique": true,
      "Hash Cond": "(artworks.id = artwork_event.artworkid)",
      "Plans": [
        {
          "Node Type": "Seq Scan",
          "Parent Relationship": "Outer",
          "Parallel Aware": false,
          "Async Capable": false,
          "Relation Name": "artworks",
          "Alias": "artworks",
          "Startup Cost": 0.00,
          "Total Cost": 299.00,
          "Plan Rows": 10000,
          "Plan Width": 42,
          "Actual Startup Time": 0.009,
          "Actual Total Time": 0.535,
          "Actual Rows": 10000,
          "Actual Loops": 1
        },
        {
          "Node Type": "Hash",
          "Parent Relationship": "Inner",
          "Parallel Aware": false,
          "Async Capable": false,
          "Startup Cost": 570.66,
          "Total Cost": 570.66,
          "Plan Rows": 54,
          "Plan Width": 16,
          "Actual Startup Time": 1.951,
          "Actual Total Time": 1.951,
          "Actual Rows": 50,
          "Actual Loops": 1,
          "Hash Buckets": 1024,
          "Original Hash Buckets": 1024,
          "Hash Batches": 1,
          "Original Hash Batches": 1,
          "Peak Memory Usage": 11,
          "Plans": [
            {
              "Node Type": "Seq Scan",
              "Parent Relationship": "Outer",
              "Parallel Aware": false,
              "Async Capable": false,
              "Relation Name": "artwork_event",
              "Alias": "artwork_event",
              "Startup Cost": 0.00,
              "Total Cost": 570.66,
              "Plan Rows": 54,
              "Plan Width": 16,
              "Actual Startup Time": 0.070,
              "Actual Total Time": 1.937,
              "Actual Rows": 50,
              "Actual Loops": 1,
              "Filter": "(eventid = '65e5b48b-8bd8-4cd6-b0fa-bd58b8c68dd5'::uuid)",
              "Rows Removed by Filter": 28950
            }
          ]
        }
      ]
    },
    "Planning Time": 0.832,
    "Triggers": [
    ],
    "Execution Time": 3.316
  }
][
  {
    "Plan": {
      "Node Type": "Hash Join",
      "Parallel Aware": false,
      "Async Capable": false,
      "Join Type": "Inner",
      "Startup Cost": 598.76,
      "Total Cost": 924.02,
      "Plan Rows": 57,
      "Plan Width": 26,
      "Actual Startup Time": 2.107,
      "Actual Total Time": 3.425,
      "Actual Rows": 67,
      "Actual Loops": 1,
      "Inner Unique": true,
      "Hash Cond": "(artworks.id = artwork_event.artworkid)",
      "Plans": [
        {
          "Node Type": "Seq Scan",
          "Parent Relationship": "Outer",
          "Parallel Aware": false,
          "Async Capable": false,
          "Relation Name": "artworks",
          "Alias": "artworks",
          "Startup Cost": 0.00,
          "Total Cost": 299.00,
          "Plan Rows": 10000,
          "Plan Width": 42,
          "Actual Startup Time": 0.006,
          "Actual Total Time": 0.559,
          "Actual Rows": 10000,
          "Actual Loops": 1
        },
        {
          "Node Type": "Hash",
          "Parent Relationship": "Inner",
          "Parallel Aware": false,
          "Async Capable": false,
          "Startup Cost": 598.05,
          "Total Cost": 598.05,
          "Plan Rows": 57,
          "Plan Width": 16,
          "Actual Startup Time": 2.074,
          "Actual Total Time": 2.075,
          "Actual Rows": 67,
          "Actual Loops": 1,
          "Hash Buckets": 1024,
          "Original Hash Buckets": 1024,
          "Hash Batches": 1,
          "Original Hash Batches": 1,
          "Peak Memory Usage": 12,
          "Plans": [
            {
              "Node Type": "Seq Scan",
              "Parent Relationship": "Outer",
              "Parallel Aware": false,
              "Async Capable": false,
              "Relation Name": "artwork_event",
              "Alias": "artwork_event",
              "Startup Cost": 0.00,
              "Total Cost": 598.05,
              "Plan Rows": 57,
              "Plan Width": 16,
              "Actual Startup Time": 0.064,
              "Actual Total Time": 2.057,
              "Actual Rows": 67,
              "Actual Loops": 1,
              "Filter": "(eventid = '665f9222-2dba-432e-926f-5190d687bc26'::uuid)",
              "Rows Removed by Filter": 29933
            }
          ]
        }
      ]
    },
    "Planning Time": 0.651,
    "Triggers": [
    ],
    "Execution Time": 3.467
  }
][
  {
    "Plan": {
      "Node Type": "Hash Join",
      "Parallel Aware": false,
      "Async Capable": false,
      "Join Type": "Inner",
      "Startup Cost": 616.56,
      "Total Cost": 941.82,
      "Plan Rows": 59,
      "Plan Width": 26,
      "Actual Startup Time": 2.056,
      "Actual Total Time": 3.334,
      "Actual Rows": 63,
      "Actual Loops": 1,
      "Inner Unique": true,
      "Hash Cond": "(artworks.id = artwork_event.artworkid)",
      "Plans": [
        {
          "Node Type": "Seq Scan",
          "Parent Relationship": "Outer",
          "Parallel Aware": false,
          "Async Capable": false,
          "Relation Name": "artworks",
          "Alias": "artworks",
          "Startup Cost": 0.00,
          "Total Cost": 299.00,
          "Plan Rows": 10000,
          "Plan Width": 42,
          "Actual Startup Time": 0.008,
          "Actual Total Time": 0.525,
          "Actual Rows": 10000,
          "Actual Loops": 1
        },
        {
          "Node Type": "Hash",
          "Parent Relationship": "Inner",
          "Parallel Aware": false,
          "Async Capable": false,
          "Startup Cost": 615.83,
          "Total Cost": 615.83,
          "Plan Rows": 59,
          "Plan Width": 16,
          "Actual Startup Time": 2.029,
          "Actual Total Time": 2.029,
          "Actual Rows": 63,
          "Actual Loops": 1,
          "Hash Buckets": 1024,
          "Original Hash Buckets": 1024,
          "Hash Batches": 1,
          "Original Hash Batches": 1,
          "Peak Memory Usage": 11,
          "Plans": [
            {
              "Node Type": "Seq Scan",
              "Parent Relationship": "Outer",
              "Parallel Aware": false,
              "Async Capable": false,
              "Relation Name": "artwork_event",
              "Alias": "artwork_event",
              "Startup Cost": 0.00,
              "Total Cost": 615.83,
              "Plan Rows": 59,
              "Plan Width": 16,
              "Actual Startup Time": 0.024,
              "Actual Total Time": 2.015,
              "Actual Rows": 63,
              "Actual Loops": 1,
              "Filter": "(eventid = 'd3d5447a-ddbf-4806-b8ac-2b24b717ddcc'::uuid)",
              "Rows Removed by Filter": 30937
            }
          ]
        }
      ]
    },
    "Planning Time": 0.761,
    "Triggers": [
    ],
    "Execution Time": 3.389
  }
][
  {
    "Plan": {
      "Node Type": "Hash Join",
      "Parallel Aware": false,
      "Async Capable": false,
      "Join Type": "Inner",
      "Startup Cost": 636.11,
      "Total Cost": 961.37,
      "Plan Rows": 61,
      "Plan Width": 26,
      "Actual Startup Time": 2.150,
      "Actual Total Time": 3.436,
      "Actual Rows": 78,
      "Actual Loops": 1,
      "Inner Unique": true,
      "Hash Cond": "(artworks.id = artwork_event.artworkid)",
      "Plans": [
        {
          "Node Type": "Seq Scan",
          "Parent Relationship": "Outer",
          "Parallel Aware": false,
          "Async Capable": false,
          "Relation Name": "artworks",
          "Alias": "artworks",
          "Startup Cost": 0.00,
          "Total Cost": 299.00,
          "Plan Rows": 10000,
          "Plan Width": 42,
          "Actual Startup Time": 0.007,
          "Actual Total Time": 0.525,
          "Actual Rows": 10000,
          "Actual Loops": 1
        },
        {
          "Node Type": "Hash",
          "Parent Relationship": "Inner",
          "Parallel Aware": false,
          "Async Capable": false,
          "Startup Cost": 635.35,
          "Total Cost": 635.35,
          "Plan Rows": 61,
          "Plan Width": 16,
          "Actual Startup Time": 2.129,
          "Actual Total Time": 2.129,
          "Actual Rows": 78,
          "Actual Loops": 1,
          "Hash Buckets": 1024,
          "Original Hash Buckets": 1024,
          "Hash Batches": 1,
          "Original Hash Batches": 1,
          "Peak Memory Usage": 12,
          "Plans": [
            {
              "Node Type": "Seq Scan",
              "Parent Relationship": "Outer",
              "Parallel Aware": false,
              "Async Capable": false,
              "Relation Name": "artwork_event",
              "Alias": "artwork_event",
              "Startup Cost": 0.00,
              "Total Cost": 635.35,
              "Plan Rows": 61,
              "Plan Width": 16,
              "Actual Startup Time": 0.021,
              "Actual Total Time": 2.113,
              "Actual Rows": 78,
              "Actual Loops": 1,
              "Filter": "(eventid = 'ee981918-9aab-4c75-a902-31e4d69b2571'::uuid)",
              "Rows Removed by Filter": 31922
            }
          ]
        }
      ]
    },
    "Planning Time": 0.709,
    "Triggers": [
    ],
    "Execution Time": 3.478
  }
][
  {
    "Plan": {
      "Node Type": "Hash Join",
      "Parallel Aware": false,
      "Async Capable": false,
      "Join Type": "Inner",
      "Startup Cost": 658.35,
      "Total Cost": 983.61,
      "Plan Rows": 63,
      "Plan Width": 26,
      "Actual Startup Time": 2.348,
      "Actual Total Time": 3.778,
      "Actual Rows": 63,
      "Actual Loops": 1,
      "Inner Unique": true,
      "Hash Cond": "(artworks.id = artwork_event.artworkid)",
      "Plans": [
        {
          "Node Type": "Seq Scan",
          "Parent Relationship": "Outer",
          "Parallel Aware": false,
          "Async Capable": false,
          "Relation Name": "artworks",
          "Alias": "artworks",
          "Startup Cost": 0.00,
          "Total Cost": 299.00,
          "Plan Rows": 10000,
          "Plan Width": 42,
          "Actual Startup Time": 0.007,
          "Actual Total Time": 0.551,
          "Actual Rows": 10000,
          "Actual Loops": 1
        },
        {
          "Node Type": "Hash",
          "Parent Relationship": "Inner",
          "Parallel Aware": false,
          "Async Capable": false,
          "Startup Cost": 657.56,
          "Total Cost": 657.56,
          "Plan Rows": 63,
          "Plan Width": 16,
          "Actual Startup Time": 2.310,
          "Actual Total Time": 2.310,
          "Actual Rows": 63,
          "Actual Loops": 1,
          "Hash Buckets": 1024,
          "Original Hash Buckets": 1024,
          "Hash Batches": 1,
          "Original Hash Batches": 1,
          "Peak Memory Usage": 11,
          "Plans": [
            {
              "Node Type": "Seq Scan",
              "Parent Relationship": "Outer",
              "Parallel Aware": false,
              "Async Capable": false,
              "Relation Name": "artwork_event",
              "Alias": "artwork_event",
              "Startup Cost": 0.00,
              "Total Cost": 657.56,
              "Plan Rows": 63,
              "Plan Width": 16,
              "Actual Startup Time": 0.017,
              "Actual Total Time": 2.292,
              "Actual Rows": 63,
              "Actual Loops": 1,
              "Filter": "(eventid = 'd8142148-018a-45cf-a5b1-e315b057836d'::uuid)",
              "Rows Removed by Filter": 32937
            }
          ]
        }
      ]
    },
    "Planning Time": 0.660,
    "Triggers": [
    ],
    "Execution Time": 3.822
  }
][
  {
    "Plan": {
      "Node Type": "Hash Join",
      "Parallel Aware": false,
      "Async Capable": false,
      "Join Type": "Inner",
      "Startup Cost": 676.15,
      "Total Cost": 1001.41,
      "Plan Rows": 65,
      "Plan Width": 26,
      "Actual Startup Time": 2.311,
      "Actual Total Time": 3.697,
      "Actual Rows": 72,
      "Actual Loops": 1,
      "Inner Unique": true,
      "Hash Cond": "(artworks.id = artwork_event.artworkid)",
      "Plans": [
        {
          "Node Type": "Seq Scan",
          "Parent Relationship": "Outer",
          "Parallel Aware": false,
          "Async Capable": false,
          "Relation Name": "artworks",
          "Alias": "artworks",
          "Startup Cost": 0.00,
          "Total Cost": 299.00,
          "Plan Rows": 10000,
          "Plan Width": 42,
          "Actual Startup Time": 0.007,
          "Actual Total Time": 0.547,
          "Actual Rows": 10000,
          "Actual Loops": 1
        },
        {
          "Node Type": "Hash",
          "Parent Relationship": "Inner",
          "Parallel Aware": false,
          "Async Capable": false,
          "Startup Cost": 675.34,
          "Total Cost": 675.34,
          "Plan Rows": 65,
          "Plan Width": 16,
          "Actual Startup Time": 2.286,
          "Actual Total Time": 2.287,
          "Actual Rows": 72,
          "Actual Loops": 1,
          "Hash Buckets": 1024,
          "Original Hash Buckets": 1024,
          "Hash Batches": 1,
          "Original Hash Batches": 1,
          "Peak Memory Usage": 12,
          "Plans": [
            {
              "Node Type": "Seq Scan",
              "Parent Relationship": "Outer",
              "Parallel Aware": false,
              "Async Capable": false,
              "Relation Name": "artwork_event",
              "Alias": "artwork_event",
              "Startup Cost": 0.00,
              "Total Cost": 675.34,
              "Plan Rows": 65,
              "Plan Width": 16,
              "Actual Startup Time": 0.032,
              "Actual Total Time": 2.269,
              "Actual Rows": 72,
              "Actual Loops": 1,
              "Filter": "(eventid = '38ecf794-fcf8-4b17-80d2-d7209ce26d1e'::uuid)",
              "Rows Removed by Filter": 33928
            }
          ]
        }
      ]
    },
    "Planning Time": 0.741,
    "Triggers": [
    ],
    "Execution Time": 3.744
  }
][
  {
    "Plan": {
      "Node Type": "Hash Join",
      "Parallel Aware": false,
      "Async Capable": false,
      "Join Type": "Inner",
      "Startup Cost": 698.39,
      "Total Cost": 1023.65,
      "Plan Rows": 67,
      "Plan Width": 26,
      "Actual Startup Time": 2.379,
      "Actual Total Time": 3.802,
      "Actual Rows": 76,
      "Actual Loops": 1,
      "Inner Unique": true,
      "Hash Cond": "(artworks.id = artwork_event.artworkid)",
      "Plans": [
        {
          "Node Type": "Seq Scan",
          "Parent Relationship": "Outer",
          "Parallel Aware": false,
          "Async Capable": false,
          "Relation Name": "artworks",
          "Alias": "artworks",
          "Startup Cost": 0.00,
          "Total Cost": 299.00,
          "Plan Rows": 10000,
          "Plan Width": 42,
          "Actual Startup Time": 0.007,
          "Actual Total Time": 0.557,
          "Actual Rows": 10000,
          "Actual Loops": 1
        },
        {
          "Node Type": "Hash",
          "Parent Relationship": "Inner",
          "Parallel Aware": false,
          "Async Capable": false,
          "Startup Cost": 697.55,
          "Total Cost": 697.55,
          "Plan Rows": 67,
          "Plan Width": 16,
          "Actual Startup Time": 2.348,
          "Actual Total Time": 2.349,
          "Actual Rows": 76,
          "Actual Loops": 1,
          "Hash Buckets": 1024,
          "Original Hash Buckets": 1024,
          "Hash Batches": 1,
          "Original Hash Batches": 1,
          "Peak Memory Usage": 12,
          "Plans": [
            {
              "Node Type": "Seq Scan",
              "Parent Relationship": "Outer",
              "Parallel Aware": false,
              "Async Capable": false,
              "Relation Name": "artwork_event",
              "Alias": "artwork_event",
              "Startup Cost": 0.00,
              "Total Cost": 697.55,
              "Plan Rows": 67,
              "Plan Width": 16,
              "Actual Startup Time": 0.012,
              "Actual Total Time": 2.329,
              "Actual Rows": 76,
              "Actual Loops": 1,
              "Filter": "(eventid = '02957f04-e8d2-45e3-bcd1-0f786a98cf32'::uuid)",
              "Rows Removed by Filter": 34924
            }
          ]
        }
      ]
    },
    "Planning Time": 0.660,
    "Triggers": [
    ],
    "Execution Time": 3.845
  }
][
  {
    "Plan": {
      "Node Type": "Hash Join",
      "Parallel Aware": false,
      "Async Capable": false,
      "Join Type": "Inner",
      "Startup Cost": 716.18,
      "Total Cost": 1041.44,
      "Plan Rows": 68,
      "Plan Width": 26,
      "Actual Startup Time": 2.426,
      "Actual Total Time": 3.758,
      "Actual Rows": 69,
      "Actual Loops": 1,
      "Inner Unique": true,
      "Hash Cond": "(artworks.id = artwork_event.artworkid)",
      "Plans": [
        {
          "Node Type": "Seq Scan",
          "Parent Relationship": "Outer",
          "Parallel Aware": false,
          "Async Capable": false,
          "Relation Name": "artworks",
          "Alias": "artworks",
          "Startup Cost": 0.00,
          "Total Cost": 299.00,
          "Plan Rows": 10000,
          "Plan Width": 42,
          "Actual Startup Time": 0.007,
          "Actual Total Time": 0.551,
          "Actual Rows": 10000,
          "Actual Loops": 1
        },
        {
          "Node Type": "Hash",
          "Parent Relationship": "Inner",
          "Parallel Aware": false,
          "Async Capable": false,
          "Startup Cost": 715.33,
          "Total Cost": 715.33,
          "Plan Rows": 68,
          "Plan Width": 16,
          "Actual Startup Time": 2.399,
          "Actual Total Time": 2.400,
          "Actual Rows": 69,
          "Actual Loops": 1,
          "Hash Buckets": 1024,
          "Original Hash Buckets": 1024,
          "Hash Batches": 1,
          "Original Hash Batches": 1,
          "Peak Memory Usage": 12,
          "Plans": [
            {
              "Node Type": "Seq Scan",
              "Parent Relationship": "Outer",
              "Parallel Aware": false,
              "Async Capable": false,
              "Relation Name": "artwork_event",
              "Alias": "artwork_event",
              "Startup Cost": 0.00,
              "Total Cost": 715.33,
              "Plan Rows": 68,
              "Plan Width": 16,
              "Actual Startup Time": 0.048,
              "Actual Total Time": 2.383,
              "Actual Rows": 69,
              "Actual Loops": 1,
              "Filter": "(eventid = '2d3c269e-7781-48d0-aa23-151f74d8a746'::uuid)",
              "Rows Removed by Filter": 35931
            }
          ]
        }
      ]
    },
    "Planning Time": 0.699,
    "Triggers": [
    ],
    "Execution Time": 3.801
  }
][
  {
    "Plan": {
      "Node Type": "Hash Join",
      "Parallel Aware": false,
      "Async Capable": false,
      "Join Type": "Inner",
      "Startup Cost": 735.71,
      "Total Cost": 1060.97,
      "Plan Rows": 70,
      "Plan Width": 26,
      "Actual Startup Time": 2.553,
      "Actual Total Time": 3.847,
      "Actual Rows": 77,
      "Actual Loops": 1,
      "Inner Unique": true,
      "Hash Cond": "(artworks.id = artwork_event.artworkid)",
      "Plans": [
        {
          "Node Type": "Seq Scan",
          "Parent Relationship": "Outer",
          "Parallel Aware": false,
          "Async Capable": false,
          "Relation Name": "artworks",
          "Alias": "artworks",
          "Startup Cost": 0.00,
          "Total Cost": 299.00,
          "Plan Rows": 10000,
          "Plan Width": 42,
          "Actual Startup Time": 0.007,
          "Actual Total Time": 0.528,
          "Actual Rows": 10000,
          "Actual Loops": 1
        },
        {
          "Node Type": "Hash",
          "Parent Relationship": "Inner",
          "Parallel Aware": false,
          "Async Capable": false,
          "Startup Cost": 734.84,
          "Total Cost": 734.84,
          "Plan Rows": 70,
          "Plan Width": 16,
          "Actual Startup Time": 2.524,
          "Actual Total Time": 2.525,
          "Actual Rows": 77,
          "Actual Loops": 1,
          "Hash Buckets": 1024,
          "Original Hash Buckets": 1024,
          "Hash Batches": 1,
          "Original Hash Batches": 1,
          "Peak Memory Usage": 12,
          "Plans": [
            {
              "Node Type": "Seq Scan",
              "Parent Relationship": "Outer",
              "Parallel Aware": false,
              "Async Capable": false,
              "Relation Name": "artwork_event",
              "Alias": "artwork_event",
              "Startup Cost": 0.00,
              "Total Cost": 734.84,
              "Plan Rows": 70,
              "Plan Width": 16,
              "Actual Startup Time": 0.058,
              "Actual Total Time": 2.506,
              "Actual Rows": 77,
              "Actual Loops": 1,
              "Filter": "(eventid = 'e4a8b5d8-3b83-4ebe-89db-036164ee9e71'::uuid)",
              "Rows Removed by Filter": 36923
            }
          ]
        }
      ]
    },
    "Planning Time": 0.678,
    "Triggers": [
    ],
    "Execution Time": 3.888
  }
][
  {
    "Plan": {
      "Node Type": "Hash Join",
      "Parallel Aware": false,
      "Async Capable": false,
      "Join Type": "Inner",
      "Startup Cost": 757.96,
      "Total Cost": 1083.22,
      "Plan Rows": 73,
      "Plan Width": 26,
      "Actual Startup Time": 2.546,
      "Actual Total Time": 3.867,
      "Actual Rows": 83,
      "Actual Loops": 1,
      "Inner Unique": true,
      "Hash Cond": "(artworks.id = artwork_event.artworkid)",
      "Plans": [
        {
          "Node Type": "Seq Scan",
          "Parent Relationship": "Outer",
          "Parallel Aware": false,
          "Async Capable": false,
          "Relation Name": "artworks",
          "Alias": "artworks",
          "Startup Cost": 0.00,
          "Total Cost": 299.00,
          "Plan Rows": 10000,
          "Plan Width": 42,
          "Actual Startup Time": 0.007,
          "Actual Total Time": 0.542,
          "Actual Rows": 10000,
          "Actual Loops": 1
        },
        {
          "Node Type": "Hash",
          "Parent Relationship": "Inner",
          "Parallel Aware": false,
          "Async Capable": false,
          "Startup Cost": 757.05,
          "Total Cost": 757.05,
          "Plan Rows": 73,
          "Plan Width": 16,
          "Actual Startup Time": 2.518,
          "Actual Total Time": 2.519,
          "Actual Rows": 83,
          "Actual Loops": 1,
          "Hash Buckets": 1024,
          "Original Hash Buckets": 1024,
          "Hash Batches": 1,
          "Original Hash Batches": 1,
          "Peak Memory Usage": 12,
          "Plans": [
            {
              "Node Type": "Seq Scan",
              "Parent Relationship": "Outer",
              "Parallel Aware": false,
              "Async Capable": false,
              "Relation Name": "artwork_event",
              "Alias": "artwork_event",
              "Startup Cost": 0.00,
              "Total Cost": 757.05,
              "Plan Rows": 73,
              "Plan Width": 16,
              "Actual Startup Time": 0.052,
              "Actual Total Time": 2.500,
              "Actual Rows": 83,
              "Actual Loops": 1,
              "Filter": "(eventid = '400697ee-05a5-42b0-afd9-898866591722'::uuid)",
              "Rows Removed by Filter": 37917
            }
          ]
        }
      ]
    },
    "Planning Time": 0.697,
    "Triggers": [
    ],
    "Execution Time": 3.913
  }
][
  {
    "Plan": {
      "Node Type": "Hash Join",
      "Parallel Aware": false,
      "Async Capable": false,
      "Join Type": "Inner",
      "Startup Cost": 772.54,
      "Total Cost": 1097.80,
      "Plan Rows": 92,
      "Plan Width": 26,
      "Actual Startup Time": 2.783,
      "Actual Total Time": 4.186,
      "Actual Rows": 96,
      "Actual Loops": 1,
      "Inner Unique": true,
      "Hash Cond": "(artworks.id = artwork_event.artworkid)",
      "Plans": [
        {
          "Node Type": "Seq Scan",
          "Parent Relationship": "Outer",
          "Parallel Aware": false,
          "Async Capable": false,
          "Relation Name": "artworks",
          "Alias": "artworks",
          "Startup Cost": 0.00,
          "Total Cost": 299.00,
          "Plan Rows": 10000,
          "Plan Width": 42,
          "Actual Startup Time": 0.007,
          "Actual Total Time": 0.557,
          "Actual Rows": 10000,
          "Actual Loops": 1
        },
        {
          "Node Type": "Hash",
          "Parent Relationship": "Inner",
          "Parallel Aware": false,
          "Async Capable": false,
          "Startup Cost": 771.39,
          "Total Cost": 771.39,
          "Plan Rows": 92,
          "Plan Width": 16,
          "Actual Startup Time": 2.759,
          "Actual Total Time": 2.760,
          "Actual Rows": 96,
          "Actual Loops": 1,
          "Hash Buckets": 1024,
          "Original Hash Buckets": 1024,
          "Hash Batches": 1,
          "Original Hash Batches": 1,
          "Peak Memory Usage": 13,
          "Plans": [
            {
              "Node Type": "Seq Scan",
              "Parent Relationship": "Outer",
              "Parallel Aware": false,
              "Async Capable": false,
              "Relation Name": "artwork_event",
              "Alias": "artwork_event",
              "Startup Cost": 0.00,
              "Total Cost": 771.39,
              "Plan Rows": 92,
              "Plan Width": 16,
              "Actual Startup Time": 0.006,
              "Actual Total Time": 2.737,
              "Actual Rows": 96,
              "Actual Loops": 1,
              "Filter": "(eventid = 'db08224b-68ac-484a-bd42-8ec33840b37b'::uuid)",
              "Rows Removed by Filter": 38904
            }
          ]
        }
      ]
    },
    "Planning Time": 0.782,
    "Triggers": [
    ],
    "Execution Time": 4.235
  }
][
  {
    "Plan": {
      "Node Type": "Hash Join",
      "Parallel Aware": false,
      "Async Capable": false,
      "Join Type": "Inner",
      "Startup Cost": 795.51,
      "Total Cost": 1120.77,
      "Plan Rows": 93,
      "Plan Width": 26,
      "Actual Startup Time": 2.615,
      "Actual Total Time": 3.932,
      "Actual Rows": 90,
      "Actual Loops": 1,
      "Inner Unique": true,
      "Hash Cond": "(artworks.id = artwork_event.artworkid)",
      "Plans": [
        {
          "Node Type": "Seq Scan",
          "Parent Relationship": "Outer",
          "Parallel Aware": false,
          "Async Capable": false,
          "Relation Name": "artworks",
          "Alias": "artworks",
          "Startup Cost": 0.00,
          "Total Cost": 299.00,
          "Plan Rows": 10000,
          "Plan Width": 42,
          "Actual Startup Time": 0.007,
          "Actual Total Time": 0.535,
          "Actual Rows": 10000,
          "Actual Loops": 1
        },
        {
          "Node Type": "Hash",
          "Parent Relationship": "Inner",
          "Parallel Aware": false,
          "Async Capable": false,
          "Startup Cost": 794.35,
          "Total Cost": 794.35,
          "Plan Rows": 93,
          "Plan Width": 16,
          "Actual Startup Time": 2.578,
          "Actual Total Time": 2.579,
          "Actual Rows": 90,
          "Actual Loops": 1,
          "Hash Buckets": 1024,
          "Original Hash Buckets": 1024,
          "Hash Batches": 1,
          "Original Hash Batches": 1,
          "Peak Memory Usage": 13,
          "Plans": [
            {
              "Node Type": "Seq Scan",
              "Parent Relationship": "Outer",
              "Parallel Aware": false,
              "Async Capable": false,
              "Relation Name": "artwork_event",
              "Alias": "artwork_event",
              "Startup Cost": 0.00,
              "Total Cost": 794.35,
              "Plan Rows": 93,
              "Plan Width": 16,
              "Actual Startup Time": 0.041,
              "Actual Total Time": 2.561,
              "Actual Rows": 90,
              "Actual Loops": 1,
              "Filter": "(eventid = '997705b2-0e4b-4ebc-adbb-f654513e0a3b'::uuid)",
              "Rows Removed by Filter": 39910
            }
          ]
        }
      ]
    },
    "Planning Time": 0.672,
    "Triggers": [
    ],
    "Execution Time": 3.973
  }
][
  {
    "Plan": {
      "Node Type": "Hash Join",
      "Parallel Aware": false,
      "Async Capable": false,
      "Join Type": "Inner",
      "Startup Cost": 817.54,
      "Total Cost": 1142.80,
      "Plan Rows": 78,
      "Plan Width": 26,
      "Actual Startup Time": 2.694,
      "Actual Total Time": 4.000,
      "Actual Rows": 90,
      "Actual Loops": 1,
      "Inner Unique": true,
      "Hash Cond": "(artworks.id = artwork_event.artworkid)",
      "Plans": [
        {
          "Node Type": "Seq Scan",
          "Parent Relationship": "Outer",
          "Parallel Aware": false,
          "Async Capable": false,
          "Relation Name": "artworks",
          "Alias": "artworks",
          "Startup Cost": 0.00,
          "Total Cost": 299.00,
          "Plan Rows": 10000,
          "Plan Width": 42,
          "Actual Startup Time": 0.007,
          "Actual Total Time": 0.525,
          "Actual Rows": 10000,
          "Actual Loops": 1
        },
        {
          "Node Type": "Hash",
          "Parent Relationship": "Inner",
          "Parallel Aware": false,
          "Async Capable": false,
          "Startup Cost": 816.56,
          "Total Cost": 816.56,
          "Plan Rows": 78,
          "Plan Width": 16,
          "Actual Startup Time": 2.669,
          "Actual Total Time": 2.669,
          "Actual Rows": 90,
          "Actual Loops": 1,
          "Hash Buckets": 1024,
          "Original Hash Buckets": 1024,
          "Hash Batches": 1,
          "Original Hash Batches": 1,
          "Peak Memory Usage": 13,
          "Plans": [
            {
              "Node Type": "Seq Scan",
              "Parent Relationship": "Outer",
              "Parallel Aware": false,
              "Async Capable": false,
              "Relation Name": "artwork_event",
              "Alias": "artwork_event",
              "Startup Cost": 0.00,
              "Total Cost": 816.56,
              "Plan Rows": 78,
              "Plan Width": 16,
              "Actual Startup Time": 0.029,
              "Actual Total Time": 2.650,
              "Actual Rows": 90,
              "Actual Loops": 1,
              "Filter": "(eventid = 'ddb15445-309c-4147-929d-d4f4dde6a237'::uuid)",
              "Rows Removed by Filter": 40910
            }
          ]
        }
      ]
    },
    "Planning Time": 0.669,
    "Triggers": [
    ],
    "Execution Time": 4.041
  }
][
  {
    "Plan": {
      "Node Type": "Hash Join",
      "Parallel Aware": false,
      "Async Capable": false,
      "Join Type": "Inner",
      "Startup Cost": 835.34,
      "Total Cost": 1160.60,
      "Plan Rows": 80,
      "Plan Width": 26,
      "Actual Startup Time": 2.722,
      "Actual Total Time": 3.976,
      "Actual Rows": 73,
      "Actual Loops": 1,
      "Inner Unique": true,
      "Hash Cond": "(artworks.id = artwork_event.artworkid)",
      "Plans": [
        {
          "Node Type": "Seq Scan",
          "Parent Relationship": "Outer",
          "Parallel Aware": false,
          "Async Capable": false,
          "Relation Name": "artworks",
          "Alias": "artworks",
          "Startup Cost": 0.00,
          "Total Cost": 299.00,
          "Plan Rows": 10000,
          "Plan Width": 42,
          "Actual Startup Time": 0.007,
          "Actual Total Time": 0.518,
          "Actual Rows": 10000,
          "Actual Loops": 1
        },
        {
          "Node Type": "Hash",
          "Parent Relationship": "Inner",
          "Parallel Aware": false,
          "Async Capable": false,
          "Startup Cost": 834.34,
          "Total Cost": 834.34,
          "Plan Rows": 80,
          "Plan Width": 16,
          "Actual Startup Time": 2.674,
          "Actual Total Time": 2.674,
          "Actual Rows": 73,
          "Actual Loops": 1,
          "Hash Buckets": 1024,
          "Original Hash Buckets": 1024,
          "Hash Batches": 1,
          "Original Hash Batches": 1,
          "Peak Memory Usage": 12,
          "Plans": [
            {
              "Node Type": "Seq Scan",
              "Parent Relationship": "Outer",
              "Parallel Aware": false,
              "Async Capable": false,
              "Relation Name": "artwork_event",
              "Alias": "artwork_event",
              "Startup Cost": 0.00,
              "Total Cost": 834.34,
              "Plan Rows": 80,
              "Plan Width": 16,
              "Actual Startup Time": 0.006,
              "Actual Total Time": 2.658,
              "Actual Rows": 73,
              "Actual Loops": 1,
              "Filter": "(eventid = '47cca524-8ced-4114-b569-37a72a238555'::uuid)",
              "Rows Removed by Filter": 41927
            }
          ]
        }
      ]
    },
    "Planning Time": 0.667,
    "Triggers": [
    ],
    "Execution Time": 4.016
  }
][
  {
    "Plan": {
      "Node Type": "Hash Join",
      "Parallel Aware": false,
      "Async Capable": false,
      "Join Type": "Inner",
      "Startup Cost": 854.88,
      "Total Cost": 1180.14,
      "Plan Rows": 82,
      "Plan Width": 26,
      "Actual Startup Time": 2.795,
      "Actual Total Time": 4.160,
      "Actual Rows": 71,
      "Actual Loops": 1,
      "Inner Unique": true,
      "Hash Cond": "(artworks.id = artwork_event.artworkid)",
      "Plans": [
        {
          "Node Type": "Seq Scan",
          "Parent Relationship": "Outer",
          "Parallel Aware": false,
          "Async Capable": false,
          "Relation Name": "artworks",
          "Alias": "artworks",
          "Startup Cost": 0.00,
          "Total Cost": 299.00,
          "Plan Rows": 10000,
          "Plan Width": 42,
          "Actual Startup Time": 0.020,
          "Actual Total Time": 0.542,
          "Actual Rows": 10000,
          "Actual Loops": 1
        },
        {
          "Node Type": "Hash",
          "Parent Relationship": "Inner",
          "Parallel Aware": false,
          "Async Capable": false,
          "Startup Cost": 853.85,
          "Total Cost": 853.85,
          "Plan Rows": 82,
          "Plan Width": 16,
          "Actual Startup Time": 2.759,
          "Actual Total Time": 2.761,
          "Actual Rows": 71,
          "Actual Loops": 1,
          "Hash Buckets": 1024,
          "Original Hash Buckets": 1024,
          "Hash Batches": 1,
          "Original Hash Batches": 1,
          "Peak Memory Usage": 12,
          "Plans": [
            {
              "Node Type": "Seq Scan",
              "Parent Relationship": "Outer",
              "Parallel Aware": false,
              "Async Capable": false,
              "Relation Name": "artwork_event",
              "Alias": "artwork_event",
              "Startup Cost": 0.00,
              "Total Cost": 853.85,
              "Plan Rows": 82,
              "Plan Width": 16,
              "Actual Startup Time": 0.123,
              "Actual Total Time": 2.743,
              "Actual Rows": 71,
              "Actual Loops": 1,
              "Filter": "(eventid = '39a29d32-9517-48c7-b1e9-328cc9f0c1f0'::uuid)",
              "Rows Removed by Filter": 42929
            }
          ]
        }
      ]
    },
    "Planning Time": 0.794,
    "Triggers": [
    ],
    "Execution Time": 4.200
  }
][
  {
    "Plan": {
      "Node Type": "Hash Join",
      "Parallel Aware": false,
      "Async Capable": false,
      "Join Type": "Inner",
      "Startup Cost": 877.11,
      "Total Cost": 1202.37,
      "Plan Rows": 84,
      "Plan Width": 26,
      "Actual Startup Time": 2.971,
      "Actual Total Time": 4.253,
      "Actual Rows": 81,
      "Actual Loops": 1,
      "Inner Unique": true,
      "Hash Cond": "(artworks.id = artwork_event.artworkid)",
      "Plans": [
        {
          "Node Type": "Seq Scan",
          "Parent Relationship": "Outer",
          "Parallel Aware": false,
          "Async Capable": false,
          "Relation Name": "artworks",
          "Alias": "artworks",
          "Startup Cost": 0.00,
          "Total Cost": 299.00,
          "Plan Rows": 10000,
          "Plan Width": 42,
          "Actual Startup Time": 0.007,
          "Actual Total Time": 0.523,
          "Actual Rows": 10000,
          "Actual Loops": 1
        },
        {
          "Node Type": "Hash",
          "Parent Relationship": "Inner",
          "Parallel Aware": false,
          "Async Capable": false,
          "Startup Cost": 876.06,
          "Total Cost": 876.06,
          "Plan Rows": 84,
          "Plan Width": 16,
          "Actual Startup Time": 2.936,
          "Actual Total Time": 2.936,
          "Actual Rows": 81,
          "Actual Loops": 1,
          "Hash Buckets": 1024,
          "Original Hash Buckets": 1024,
          "Hash Batches": 1,
          "Original Hash Batches": 1,
          "Peak Memory Usage": 12,
          "Plans": [
            {
              "Node Type": "Seq Scan",
              "Parent Relationship": "Outer",
              "Parallel Aware": false,
              "Async Capable": false,
              "Relation Name": "artwork_event",
              "Alias": "artwork_event",
              "Startup Cost": 0.00,
              "Total Cost": 876.06,
              "Plan Rows": 84,
              "Plan Width": 16,
              "Actual Startup Time": 0.025,
              "Actual Total Time": 2.918,
              "Actual Rows": 81,
              "Actual Loops": 1,
              "Filter": "(eventid = '3766afc3-0b3c-465a-b8e0-a682d19f0fac'::uuid)",
              "Rows Removed by Filter": 43919
            }
          ]
        }
      ]
    },
    "Planning Time": 0.676,
    "Triggers": [
    ],
    "Execution Time": 4.294
  }
][
  {
    "Plan": {
      "Node Type": "Hash Join",
      "Parallel Aware": false,
      "Async Capable": false,
      "Join Type": "Inner",
      "Startup Cost": 894.93,
      "Total Cost": 1220.19,
      "Plan Rows": 86,
      "Plan Width": 26,
      "Actual Startup Time": 3.034,
      "Actual Total Time": 4.350,
      "Actual Rows": 74,
      "Actual Loops": 1,
      "Inner Unique": true,
      "Hash Cond": "(artworks.id = artwork_event.artworkid)",
      "Plans": [
        {
          "Node Type": "Seq Scan",
          "Parent Relationship": "Outer",
          "Parallel Aware": false,
          "Async Capable": false,
          "Relation Name": "artworks",
          "Alias": "artworks",
          "Startup Cost": 0.00,
          "Total Cost": 299.00,
          "Plan Rows": 10000,
          "Plan Width": 42,
          "Actual Startup Time": 0.007,
          "Actual Total Time": 0.530,
          "Actual Rows": 10000,
          "Actual Loops": 1
        },
        {
          "Node Type": "Hash",
          "Parent Relationship": "Inner",
          "Parallel Aware": false,
          "Async Capable": false,
          "Startup Cost": 893.85,
          "Total Cost": 893.85,
          "Plan Rows": 86,
          "Plan Width": 16,
          "Actual Startup Time": 3.012,
          "Actual Total Time": 3.012,
          "Actual Rows": 74,
          "Actual Loops": 1,
          "Hash Buckets": 1024,
          "Original Hash Buckets": 1024,
          "Hash Batches": 1,
          "Original Hash Batches": 1,
          "Peak Memory Usage": 12,
          "Plans": [
            {
              "Node Type": "Seq Scan",
              "Parent Relationship": "Outer",
              "Parallel Aware": false,
              "Async Capable": false,
              "Relation Name": "artwork_event",
              "Alias": "artwork_event",
              "Startup Cost": 0.00,
              "Total Cost": 893.85,
              "Plan Rows": 86,
              "Plan Width": 16,
              "Actual Startup Time": 0.013,
              "Actual Total Time": 2.991,
              "Actual Rows": 74,
              "Actual Loops": 1,
              "Filter": "(eventid = '4e538d5e-f412-4811-912d-9b56c7834103'::uuid)",
              "Rows Removed by Filter": 44926
            }
          ]
        }
      ]
    },
    "Planning Time": 0.716,
    "Triggers": [
    ],
    "Execution Time": 4.392
  }
][
  {
    "Plan": {
      "Node Type": "Hash Join",
      "Parallel Aware": false,
      "Async Capable": false,
      "Join Type": "Inner",
      "Startup Cost": 917.15,
      "Total Cost": 1242.41,
      "Plan Rows": 88,
      "Plan Width": 26,
      "Actual Startup Time": 3.093,
      "Actual Total Time": 4.416,
      "Actual Rows": 81,
      "Actual Loops": 1,
      "Inner Unique": true,
      "Hash Cond": "(artworks.id = artwork_event.artworkid)",
      "Plans": [
        {
          "Node Type": "Seq Scan",
          "Parent Relationship": "Outer",
          "Parallel Aware": false,
          "Async Capable": false,
          "Relation Name": "artworks",
          "Alias": "artworks",
          "Startup Cost": 0.00,
          "Total Cost": 299.00,
          "Plan Rows": 10000,
          "Plan Width": 42,
          "Actual Startup Time": 0.008,
          "Actual Total Time": 0.537,
          "Actual Rows": 10000,
          "Actual Loops": 1
        },
        {
          "Node Type": "Hash",
          "Parent Relationship": "Inner",
          "Parallel Aware": false,
          "Async Capable": false,
          "Startup Cost": 916.05,
          "Total Cost": 916.05,
          "Plan Rows": 88,
          "Plan Width": 16,
          "Actual Startup Time": 3.036,
          "Actual Total Time": 3.037,
          "Actual Rows": 81,
          "Actual Loops": 1,
          "Hash Buckets": 1024,
          "Original Hash Buckets": 1024,
          "Hash Batches": 1,
          "Original Hash Batches": 1,
          "Peak Memory Usage": 12,
          "Plans": [
            {
              "Node Type": "Seq Scan",
              "Parent Relationship": "Outer",
              "Parallel Aware": false,
              "Async Capable": false,
              "Relation Name": "artwork_event",
              "Alias": "artwork_event",
              "Startup Cost": 0.00,
              "Total Cost": 916.05,
              "Plan Rows": 88,
              "Plan Width": 16,
              "Actual Startup Time": 0.007,
              "Actual Total Time": 3.016,
              "Actual Rows": 81,
              "Actual Loops": 1,
              "Filter": "(eventid = 'b9d6437d-36c6-4083-8f2e-5e2846f754b4'::uuid)",
              "Rows Removed by Filter": 45919
            }
          ]
        }
      ]
    },
    "Planning Time": 0.803,
    "Triggers": [
    ],
    "Execution Time": 4.466
  }
][
  {
    "Plan": {
      "Node Type": "Hash Join",
      "Parallel Aware": false,
      "Async Capable": false,
      "Join Type": "Inner",
      "Startup Cost": 935.19,
      "Total Cost": 1260.45,
      "Plan Rows": 108,
      "Plan Width": 26,
      "Actual Startup Time": 3.151,
      "Actual Total Time": 4.561,
      "Actual Rows": 100,
      "Actual Loops": 1,
      "Inner Unique": true,
      "Hash Cond": "(artworks.id = artwork_event.artworkid)",
      "Plans": [
        {
          "Node Type": "Seq Scan",
          "Parent Relationship": "Outer",
          "Parallel Aware": false,
          "Async Capable": false,
          "Relation Name": "artworks",
          "Alias": "artworks",
          "Startup Cost": 0.00,
          "Total Cost": 299.00,
          "Plan Rows": 10000,
          "Plan Width": 42,
          "Actual Startup Time": 0.007,
          "Actual Total Time": 0.540,
          "Actual Rows": 10000,
          "Actual Loops": 1
        },
        {
          "Node Type": "Hash",
          "Parent Relationship": "Inner",
          "Parallel Aware": false,
          "Async Capable": false,
          "Startup Cost": 933.84,
          "Total Cost": 933.84,
          "Plan Rows": 108,
          "Plan Width": 16,
          "Actual Startup Time": 3.121,
          "Actual Total Time": 3.121,
          "Actual Rows": 100,
          "Actual Loops": 1,
          "Hash Buckets": 1024,
          "Original Hash Buckets": 1024,
          "Hash Batches": 1,
          "Original Hash Batches": 1,
          "Peak Memory Usage": 13,
          "Plans": [
            {
              "Node Type": "Seq Scan",
              "Parent Relationship": "Outer",
              "Parallel Aware": false,
              "Async Capable": false,
              "Relation Name": "artwork_event",
              "Alias": "artwork_event",
              "Startup Cost": 0.00,
              "Total Cost": 933.84,
              "Plan Rows": 108,
              "Plan Width": 16,
              "Actual Startup Time": 0.005,
              "Actual Total Time": 3.099,
              "Actual Rows": 100,
              "Actual Loops": 1,
              "Filter": "(eventid = 'e43b7718-9cc9-46b2-b107-2b47f1094dc5'::uuid)",
              "Rows Removed by Filter": 46900
            }
          ]
        }
      ]
    },
    "Planning Time": 0.724,
    "Triggers": [
    ],
    "Execution Time": 4.603
  }
][
  {
    "Plan": {
      "Node Type": "Hash Join",
      "Parallel Aware": false,
      "Async Capable": false,
      "Join Type": "Inner",
      "Startup Cost": 954.50,
      "Total Cost": 1279.76,
      "Plan Rows": 92,
      "Plan Width": 26,
      "Actual Startup Time": 3.226,
      "Actual Total Time": 4.510,
      "Actual Rows": 74,
      "Actual Loops": 1,
      "Inner Unique": true,
      "Hash Cond": "(artworks.id = artwork_event.artworkid)",
      "Plans": [
        {
          "Node Type": "Seq Scan",
          "Parent Relationship": "Outer",
          "Parallel Aware": false,
          "Async Capable": false,
          "Relation Name": "artworks",
          "Alias": "artworks",
          "Startup Cost": 0.00,
          "Total Cost": 299.00,
          "Plan Rows": 10000,
          "Plan Width": 42,
          "Actual Startup Time": 0.007,
          "Actual Total Time": 0.524,
          "Actual Rows": 10000,
          "Actual Loops": 1
        },
        {
          "Node Type": "Hash",
          "Parent Relationship": "Inner",
          "Parallel Aware": false,
          "Async Capable": false,
          "Startup Cost": 953.35,
          "Total Cost": 953.35,
          "Plan Rows": 92,
          "Plan Width": 16,
          "Actual Startup Time": 3.199,
          "Actual Total Time": 3.199,
          "Actual Rows": 74,
          "Actual Loops": 1,
          "Hash Buckets": 1024,
          "Original Hash Buckets": 1024,
          "Hash Batches": 1,
          "Original Hash Batches": 1,
          "Peak Memory Usage": 12,
          "Plans": [
            {
              "Node Type": "Seq Scan",
              "Parent Relationship": "Outer",
              "Parallel Aware": false,
              "Async Capable": false,
              "Relation Name": "artwork_event",
              "Alias": "artwork_event",
              "Startup Cost": 0.00,
              "Total Cost": 953.35,
              "Plan Rows": 92,
              "Plan Width": 16,
              "Actual Startup Time": 0.054,
              "Actual Total Time": 3.182,
              "Actual Rows": 74,
              "Actual Loops": 1,
              "Filter": "(eventid = '768619f6-62d8-4495-9ce6-e95336a7a76a'::uuid)",
              "Rows Removed by Filter": 47926
            }
          ]
        }
      ]
    },
    "Planning Time": 0.719,
    "Triggers": [
    ],
    "Execution Time": 4.554
  }
][
  {
    "Plan": {
      "Node Type": "Hash Join",
      "Parallel Aware": false,
      "Async Capable": false,
      "Join Type": "Inner",
      "Startup Cost": 976.74,
      "Total Cost": 1302.00,
      "Plan Rows": 94,
      "Plan Width": 26,
      "Actual Startup Time": 3.287,
      "Actual Total Time": 4.657,
      "Actual Rows": 97,
      "Actual Loops": 1,
      "Inner Unique": true,
      "Hash Cond": "(artworks.id = artwork_event.artworkid)",
      "Plans": [
        {
          "Node Type": "Seq Scan",
          "Parent Relationship": "Outer",
          "Parallel Aware": false,
          "Async Capable": false,
          "Relation Name": "artworks",
          "Alias": "artworks",
          "Startup Cost": 0.00,
          "Total Cost": 299.00,
          "Plan Rows": 10000,
          "Plan Width": 42,
          "Actual Startup Time": 0.007,
          "Actual Total Time": 0.542,
          "Actual Rows": 10000,
          "Actual Loops": 1
        },
        {
          "Node Type": "Hash",
          "Parent Relationship": "Inner",
          "Parallel Aware": false,
          "Async Capable": false,
          "Startup Cost": 975.56,
          "Total Cost": 975.56,
          "Plan Rows": 94,
          "Plan Width": 16,
          "Actual Startup Time": 3.259,
          "Actual Total Time": 3.259,
          "Actual Rows": 97,
          "Actual Loops": 1,
          "Hash Buckets": 1024,
          "Original Hash Buckets": 1024,
          "Hash Batches": 1,
          "Original Hash Batches": 1,
          "Peak Memory Usage": 13,
          "Plans": [
            {
              "Node Type": "Seq Scan",
              "Parent Relationship": "Outer",
              "Parallel Aware": false,
              "Async Capable": false,
              "Relation Name": "artwork_event",
              "Alias": "artwork_event",
              "Startup Cost": 0.00,
              "Total Cost": 975.56,
              "Plan Rows": 94,
              "Plan Width": 16,
              "Actual Startup Time": 0.082,
              "Actual Total Time": 3.237,
              "Actual Rows": 97,
              "Actual Loops": 1,
              "Filter": "(eventid = 'eb9fade3-d186-493c-bb9b-45462922ae58'::uuid)",
              "Rows Removed by Filter": 48903
            }
          ]
        }
      ]
    },
    "Planning Time": 0.715,
    "Triggers": [
    ],
    "Execution Time": 4.707
  }
][
  {
    "Plan": {
      "Node Type": "Hash Join",
      "Parallel Aware": false,
      "Async Capable": false,
      "Join Type": "Inner",
      "Startup Cost": 994.54,
      "Total Cost": 1319.80,
      "Plan Rows": 95,
      "Plan Width": 26,
      "Actual Startup Time": 3.449,
      "Actual Total Time": 4.769,
      "Actual Rows": 99,
      "Actual Loops": 1,
      "Inner Unique": true,
      "Hash Cond": "(artworks.id = artwork_event.artworkid)",
      "Plans": [
        {
          "Node Type": "Seq Scan",
          "Parent Relationship": "Outer",
          "Parallel Aware": false,
          "Async Capable": false,
          "Relation Name": "artworks",
          "Alias": "artworks",
          "Startup Cost": 0.00,
          "Total Cost": 299.00,
          "Plan Rows": 10000,
          "Plan Width": 42,
          "Actual Startup Time": 0.007,
          "Actual Total Time": 0.541,
          "Actual Rows": 10000,
          "Actual Loops": 1
        },
        {
          "Node Type": "Hash",
          "Parent Relationship": "Inner",
          "Parallel Aware": false,
          "Async Capable": false,
          "Startup Cost": 993.35,
          "Total Cost": 993.35,
          "Plan Rows": 95,
          "Plan Width": 16,
          "Actual Startup Time": 3.411,
          "Actual Total Time": 3.411,
          "Actual Rows": 99,
          "Actual Loops": 1,
          "Hash Buckets": 1024,
          "Original Hash Buckets": 1024,
          "Hash Batches": 1,
          "Original Hash Batches": 1,
          "Peak Memory Usage": 13,
          "Plans": [
            {
              "Node Type": "Seq Scan",
              "Parent Relationship": "Outer",
              "Parallel Aware": false,
              "Async Capable": false,
              "Relation Name": "artwork_event",
              "Alias": "artwork_event",
              "Startup Cost": 0.00,
              "Total Cost": 993.35,
              "Plan Rows": 95,
              "Plan Width": 16,
              "Actual Startup Time": 0.007,
              "Actual Total Time": 3.390,
              "Actual Rows": 99,
              "Actual Loops": 1,
              "Filter": "(eventid = 'b9bde7fe-8de0-4d1d-9b73-6384f8e6968d'::uuid)",
              "Rows Removed by Filter": 49901
            }
          ]
        }
      ]
    },
    "Planning Time": 0.678,
    "Triggers": [
    ],
    "Execution Time": 4.812
  }
]